27-Feb-2024 00:40:48.700 INFO [main] org.apache.catalina.startup.VersionLoggerListener.log Server version name:   Apache Tomcat/9.0.69
27-Feb-2024 00:40:48.706 INFO [main] org.apache.catalina.startup.VersionLoggerListener.log Server built:          Nov 9 2022 18:43:47 UTC
27-Feb-2024 00:40:48.708 INFO [main] org.apache.catalina.startup.VersionLoggerListener.log Server version number: 9.0.69.0
27-Feb-2024 00:40:48.712 INFO [main] org.apache.catalina.startup.VersionLoggerListener.log OS Name:               Linux
27-Feb-2024 00:40:48.712 INFO [main] org.apache.catalina.startup.VersionLoggerListener.log OS Version:            6.5.0-21-generic
27-Feb-2024 00:40:48.712 INFO [main] org.apache.catalina.startup.VersionLoggerListener.log Architecture:          amd64
27-Feb-2024 00:40:48.712 INFO [main] org.apache.catalina.startup.VersionLoggerListener.log Java Home:             /opt/java/openjdk
27-Feb-2024 00:40:48.713 INFO [main] org.apache.catalina.startup.VersionLoggerListener.log JVM Version:           11.0.17+8
27-Feb-2024 00:40:48.713 INFO [main] org.apache.catalina.startup.VersionLoggerListener.log JVM Vendor:            Eclipse Adoptium
27-Feb-2024 00:40:48.713 INFO [main] org.apache.catalina.startup.VersionLoggerListener.log CATALINA_BASE:         /usr/local/tomcat
27-Feb-2024 00:40:48.713 INFO [main] org.apache.catalina.startup.VersionLoggerListener.log CATALINA_HOME:         /usr/local/tomcat
27-Feb-2024 00:40:48.768 INFO [main] org.apache.catalina.startup.VersionLoggerListener.log Command line argument: --add-opens=java.base/java.lang=ALL-UNNAMED
27-Feb-2024 00:40:48.768 INFO [main] org.apache.catalina.startup.VersionLoggerListener.log Command line argument: --add-opens=java.base/java.io=ALL-UNNAMED
27-Feb-2024 00:40:48.768 INFO [main] org.apache.catalina.startup.VersionLoggerListener.log Command line argument: --add-opens=java.base/java.util=ALL-UNNAMED
27-Feb-2024 00:40:48.768 INFO [main] org.apache.catalina.startup.VersionLoggerListener.log Command line argument: --add-opens=java.base/java.util.concurrent=ALL-UNNAMED
27-Feb-2024 00:40:48.769 INFO [main] org.apache.catalina.startup.VersionLoggerListener.log Command line argument: --add-opens=java.rmi/sun.rmi.transport=ALL-UNNAMED
27-Feb-2024 00:40:48.769 INFO [main] org.apache.catalina.startup.VersionLoggerListener.log Command line argument: -Djava.util.logging.config.file=/usr/local/tomcat/conf/logging.properties
27-Feb-2024 00:40:48.769 INFO [main] org.apache.catalina.startup.VersionLoggerListener.log Command line argument: -Djava.util.logging.manager=org.apache.juli.ClassLoaderLogManager
27-Feb-2024 00:40:48.769 INFO [main] org.apache.catalina.startup.VersionLoggerListener.log Command line argument: -Djdk.tls.ephemeralDHKeySize=2048
27-Feb-2024 00:40:48.769 INFO [main] org.apache.catalina.startup.VersionLoggerListener.log Command line argument: -Djava.protocol.handler.pkgs=org.apache.catalina.webresources
27-Feb-2024 00:40:48.769 INFO [main] org.apache.catalina.startup.VersionLoggerListener.log Command line argument: -Dorg.apache.catalina.security.SecurityListener.UMASK=0027
27-Feb-2024 00:40:48.769 INFO [main] org.apache.catalina.startup.VersionLoggerListener.log Command line argument: -agentlib:jdwp=transport=dt_socket,address=*:8000,server=y,suspend=n
27-Feb-2024 00:40:48.769 INFO [main] org.apache.catalina.startup.VersionLoggerListener.log Command line argument: -Dignore.endorsed.dirs=
27-Feb-2024 00:40:48.771 INFO [main] org.apache.catalina.startup.VersionLoggerListener.log Command line argument: -Dcatalina.base=/usr/local/tomcat
27-Feb-2024 00:40:48.771 INFO [main] org.apache.catalina.startup.VersionLoggerListener.log Command line argument: -Dcatalina.home=/usr/local/tomcat
27-Feb-2024 00:40:48.771 INFO [main] org.apache.catalina.startup.VersionLoggerListener.log Command line argument: -Djava.io.tmpdir=/usr/local/tomcat/temp
27-Feb-2024 00:40:48.837 INFO [main] org.apache.catalina.core.AprLifecycleListener.lifecycleEvent Loaded Apache Tomcat Native library [1.2.35] using APR version [1.7.0].
27-Feb-2024 00:40:48.839 INFO [main] org.apache.catalina.core.AprLifecycleListener.lifecycleEvent APR capabilities: IPv6 [true], sendfile [true], accept filters [false], random [true], UDS [true].
27-Feb-2024 00:40:48.839 INFO [main] org.apache.catalina.core.AprLifecycleListener.lifecycleEvent APR/OpenSSL configuration: useAprConnector [false], useOpenSSL [true]
27-Feb-2024 00:40:48.872 INFO [main] org.apache.catalina.core.AprLifecycleListener.initializeSSL OpenSSL successfully initialized [OpenSSL 3.0.2 15 Mar 2022]
27-Feb-2024 00:40:49.632 INFO [main] org.apache.coyote.AbstractProtocol.init Initializing ProtocolHandler ["http-nio-8080"]
27-Feb-2024 00:40:49.753 INFO [main] org.apache.catalina.startup.Catalina.load Server initialization in [1595] milliseconds
27-Feb-2024 00:40:49.898 INFO [main] org.apache.catalina.core.StandardService.startInternal Starting service [Catalina]
27-Feb-2024 00:40:49.898 INFO [main] org.apache.catalina.core.StandardEngine.startInternal Starting Servlet engine: [Apache Tomcat/9.0.69]
27-Feb-2024 00:40:49.919 INFO [main] org.apache.catalina.startup.HostConfig.deployWAR Deploying web application archive [/usr/local/tomcat/webapps/europass2#edci-wallet-swaggerUI.war]
27-Feb-2024 00:40:49.945 INFO [main] org.apache.catalina.startup.ExpandWar.expand An expanded directory [/usr/local/tomcat/webapps/europass2#edci-wallet-swaggerUI] was found with a last modified time that did not match the associated WAR. It will be deleted.
27-Feb-2024 00:41:03.145 INFO [main] org.apache.jasper.servlet.TldScanner.scanJars At least one JAR was scanned for TLDs yet contained no TLDs. Enable debug logging for this logger for a complete list of JARs that were scanned but no TLDs were found in them. Skipping unneeded JARs during scanning can improve startup time and JSP compilation time.
27-Feb-2024 00:41:03.187 INFO [main] org.apache.catalina.startup.HostConfig.deployWAR Deployment of web application archive [/usr/local/tomcat/webapps/europass2#edci-wallet-swaggerUI.war] has finished in [13,267] ms
27-Feb-2024 00:41:03.191 INFO [main] org.apache.catalina.startup.HostConfig.deployWAR Deploying web application archive [/usr/local/tomcat/webapps/europass2#edci-wallet.war]
27-Feb-2024 00:41:03.193 INFO [main] org.apache.catalina.startup.ExpandWar.expand An expanded directory [/usr/local/tomcat/webapps/europass2#edci-wallet] was found with a last modified time that did not match the associated WAR. It will be deleted.
27-Feb-2024 00:41:09.637 INFO [main] org.apache.jasper.servlet.TldScanner.scanJars At least one JAR was scanned for TLDs yet contained no TLDs. Enable debug logging for this logger for a complete list of JARs that were scanned but no TLDs were found in them. Skipping unneeded JARs during scanning can improve startup time and JSP compilation time.
27-Feb-2024 00:41:29.823 INFO [main] liquibase.lockservice.null Successfully acquired change log lock
27-Feb-2024 00:41:29.829 INFO [main] liquibase.servicelocator.null Cannot load service: liquibase.parser.ChangeLogParser: liquibase.parser.core.json.JsonChangeLogParser Unable to get public no-arg constructor
27-Feb-2024 00:41:29.833 INFO [main] liquibase.servicelocator.null Cannot load service: liquibase.parser.ChangeLogParser: liquibase.parser.core.yaml.YamlChangeLogParser Unable to get public no-arg constructor
27-Feb-2024 00:41:31.291 INFO [main] liquibase.changelog.null Reading from edci.DATABASECHANGELOG
27-Feb-2024 00:41:31.331 INFO [main] liquibase.servicelocator.null Cannot load service: liquibase.hub.HubService: Provider liquibase.hub.core.StandardHubService could not be instantiated
27-Feb-2024 00:41:31.385 INFO [main] liquibase.lockservice.null Successfully released change log lock
27-Feb-2024 00:41:32.542 INFO [main] liquibase.lockservice.null Successfully acquired change log lock
27-Feb-2024 00:41:33.973 INFO [main] liquibase.changelog.null Reading from edci.DATABASECHANGELOG
27-Feb-2024 00:41:33.987 INFO [main] liquibase.lockservice.null Successfully released change log lock
27-Feb-2024 00:41:34.141 INFO [main] org.apache.catalina.startup.HostConfig.deployWAR Deployment of web application archive [/usr/local/tomcat/webapps/europass2#edci-wallet.war] has finished in [30,950] ms
27-Feb-2024 00:41:34.161 INFO [main] org.apache.coyote.AbstractProtocol.start Starting ProtocolHandler ["http-nio-8080"]
27-Feb-2024 00:41:34.203 INFO [main] org.apache.catalina.startup.Catalina.start Server startup in [44449] milliseconds
27-Feb-2024 01:51:42.278 INFO [main] org.apache.catalina.startup.VersionLoggerListener.log Server version name:   Apache Tomcat/9.0.69
27-Feb-2024 01:51:42.287 INFO [main] org.apache.catalina.startup.VersionLoggerListener.log Server built:          Nov 9 2022 18:43:47 UTC
27-Feb-2024 01:51:42.289 INFO [main] org.apache.catalina.startup.VersionLoggerListener.log Server version number: 9.0.69.0
27-Feb-2024 01:51:42.290 INFO [main] org.apache.catalina.startup.VersionLoggerListener.log OS Name:               Linux
27-Feb-2024 01:51:42.290 INFO [main] org.apache.catalina.startup.VersionLoggerListener.log OS Version:            6.5.0-21-generic
27-Feb-2024 01:51:42.290 INFO [main] org.apache.catalina.startup.VersionLoggerListener.log Architecture:          amd64
27-Feb-2024 01:51:42.290 INFO [main] org.apache.catalina.startup.VersionLoggerListener.log Java Home:             /opt/java/openjdk
27-Feb-2024 01:51:42.290 INFO [main] org.apache.catalina.startup.VersionLoggerListener.log JVM Version:           11.0.17+8
27-Feb-2024 01:51:42.290 INFO [main] org.apache.catalina.startup.VersionLoggerListener.log JVM Vendor:            Eclipse Adoptium
27-Feb-2024 01:51:42.290 INFO [main] org.apache.catalina.startup.VersionLoggerListener.log CATALINA_BASE:         /usr/local/tomcat
27-Feb-2024 01:51:42.290 INFO [main] org.apache.catalina.startup.VersionLoggerListener.log CATALINA_HOME:         /usr/local/tomcat
27-Feb-2024 01:51:42.372 INFO [main] org.apache.catalina.startup.VersionLoggerListener.log Command line argument: --add-opens=java.base/java.lang=ALL-UNNAMED
27-Feb-2024 01:51:42.372 INFO [main] org.apache.catalina.startup.VersionLoggerListener.log Command line argument: --add-opens=java.base/java.io=ALL-UNNAMED
27-Feb-2024 01:51:42.372 INFO [main] org.apache.catalina.startup.VersionLoggerListener.log Command line argument: --add-opens=java.base/java.util=ALL-UNNAMED
27-Feb-2024 01:51:42.373 INFO [main] org.apache.catalina.startup.VersionLoggerListener.log Command line argument: --add-opens=java.base/java.util.concurrent=ALL-UNNAMED
27-Feb-2024 01:51:42.373 INFO [main] org.apache.catalina.startup.VersionLoggerListener.log Command line argument: --add-opens=java.rmi/sun.rmi.transport=ALL-UNNAMED
27-Feb-2024 01:51:42.373 INFO [main] org.apache.catalina.startup.VersionLoggerListener.log Command line argument: -Djava.util.logging.config.file=/usr/local/tomcat/conf/logging.properties
27-Feb-2024 01:51:42.373 INFO [main] org.apache.catalina.startup.VersionLoggerListener.log Command line argument: -Djava.util.logging.manager=org.apache.juli.ClassLoaderLogManager
27-Feb-2024 01:51:42.373 INFO [main] org.apache.catalina.startup.VersionLoggerListener.log Command line argument: -Djdk.tls.ephemeralDHKeySize=2048
27-Feb-2024 01:51:42.373 INFO [main] org.apache.catalina.startup.VersionLoggerListener.log Command line argument: -Djava.protocol.handler.pkgs=org.apache.catalina.webresources
27-Feb-2024 01:51:42.373 INFO [main] org.apache.catalina.startup.VersionLoggerListener.log Command line argument: -Dorg.apache.catalina.security.SecurityListener.UMASK=0027
27-Feb-2024 01:51:42.373 INFO [main] org.apache.catalina.startup.VersionLoggerListener.log Command line argument: -agentlib:jdwp=transport=dt_socket,address=*:8000,server=y,suspend=n
27-Feb-2024 01:51:42.373 INFO [main] org.apache.catalina.startup.VersionLoggerListener.log Command line argument: -Dignore.endorsed.dirs=
27-Feb-2024 01:51:42.373 INFO [main] org.apache.catalina.startup.VersionLoggerListener.log Command line argument: -Dcatalina.base=/usr/local/tomcat
27-Feb-2024 01:51:42.374 INFO [main] org.apache.catalina.startup.VersionLoggerListener.log Command line argument: -Dcatalina.home=/usr/local/tomcat
27-Feb-2024 01:51:42.374 INFO [main] org.apache.catalina.startup.VersionLoggerListener.log Command line argument: -Djava.io.tmpdir=/usr/local/tomcat/temp
27-Feb-2024 01:51:42.463 INFO [main] org.apache.catalina.core.AprLifecycleListener.lifecycleEvent Loaded Apache Tomcat Native library [1.2.35] using APR version [1.7.0].
27-Feb-2024 01:51:42.463 INFO [main] org.apache.catalina.core.AprLifecycleListener.lifecycleEvent APR capabilities: IPv6 [true], sendfile [true], accept filters [false], random [true], UDS [true].
27-Feb-2024 01:51:42.463 INFO [main] org.apache.catalina.core.AprLifecycleListener.lifecycleEvent APR/OpenSSL configuration: useAprConnector [false], useOpenSSL [true]
27-Feb-2024 01:51:42.551 INFO [main] org.apache.catalina.core.AprLifecycleListener.initializeSSL OpenSSL successfully initialized [OpenSSL 3.0.2 15 Mar 2022]
27-Feb-2024 01:51:43.410 INFO [main] org.apache.coyote.AbstractProtocol.init Initializing ProtocolHandler ["http-nio-8080"]
27-Feb-2024 01:51:43.534 INFO [main] org.apache.catalina.startup.Catalina.load Server initialization in [1996] milliseconds
27-Feb-2024 01:51:43.659 INFO [main] org.apache.catalina.core.StandardService.startInternal Starting service [Catalina]
27-Feb-2024 01:51:43.659 INFO [main] org.apache.catalina.core.StandardEngine.startInternal Starting Servlet engine: [Apache Tomcat/9.0.69]
27-Feb-2024 01:51:43.682 INFO [main] org.apache.catalina.startup.HostConfig.deployWAR Deploying web application archive [/usr/local/tomcat/webapps/europass2#edci-wallet-swaggerUI.war]
27-Feb-2024 01:51:43.700 INFO [main] org.apache.catalina.startup.ExpandWar.expand An expanded directory [/usr/local/tomcat/webapps/europass2#edci-wallet-swaggerUI] was found with a last modified time that did not match the associated WAR. It will be deleted.
27-Feb-2024 01:51:56.809 INFO [main] org.apache.jasper.servlet.TldScanner.scanJars At least one JAR was scanned for TLDs yet contained no TLDs. Enable debug logging for this logger for a complete list of JARs that were scanned but no TLDs were found in them. Skipping unneeded JARs during scanning can improve startup time and JSP compilation time.
27-Feb-2024 01:51:56.885 INFO [main] org.apache.catalina.startup.HostConfig.deployWAR Deployment of web application archive [/usr/local/tomcat/webapps/europass2#edci-wallet-swaggerUI.war] has finished in [13,201] ms
27-Feb-2024 01:51:56.894 INFO [main] org.apache.catalina.startup.HostConfig.deployWAR Deploying web application archive [/usr/local/tomcat/webapps/europass2#edci-wallet.war]
27-Feb-2024 01:51:56.898 INFO [main] org.apache.catalina.startup.ExpandWar.expand An expanded directory [/usr/local/tomcat/webapps/europass2#edci-wallet] was found with a last modified time that did not match the associated WAR. It will be deleted.
27-Feb-2024 01:52:02.997 INFO [main] org.apache.jasper.servlet.TldScanner.scanJars At least one JAR was scanned for TLDs yet contained no TLDs. Enable debug logging for this logger for a complete list of JARs that were scanned but no TLDs were found in them. Skipping unneeded JARs during scanning can improve startup time and JSP compilation time.
27-Feb-2024 01:52:10.562 INFO [main] liquibase.lockservice.null Successfully acquired change log lock
27-Feb-2024 01:52:10.578 INFO [main] liquibase.servicelocator.null Cannot load service: liquibase.parser.ChangeLogParser: liquibase.parser.core.json.JsonChangeLogParser Unable to get public no-arg constructor
27-Feb-2024 01:52:10.583 INFO [main] liquibase.servicelocator.null Cannot load service: liquibase.parser.ChangeLogParser: liquibase.parser.core.yaml.YamlChangeLogParser Unable to get public no-arg constructor
27-Feb-2024 01:52:12.278 INFO [main] liquibase.changelog.null Reading from edci.DATABASECHANGELOG
27-Feb-2024 01:52:12.326 INFO [main] liquibase.servicelocator.null Cannot load service: liquibase.hub.HubService: Provider liquibase.hub.core.StandardHubService could not be instantiated
27-Feb-2024 01:52:12.350 INFO [main] liquibase.lockservice.null Successfully released change log lock
27-Feb-2024 01:52:13.263 INFO [main] liquibase.lockservice.null Successfully acquired change log lock
27-Feb-2024 01:52:15.395 INFO [main] liquibase.changelog.null Reading from edci.DATABASECHANGELOG
27-Feb-2024 01:52:15.420 INFO [main] liquibase.lockservice.null Successfully released change log lock
27-Feb-2024 01:52:15.463 INFO [main] org.apache.catalina.startup.HostConfig.deployWAR Deployment of web application archive [/usr/local/tomcat/webapps/europass2#edci-wallet.war] has finished in [18,570] ms
27-Feb-2024 01:52:15.473 INFO [main] org.apache.coyote.AbstractProtocol.start Starting ProtocolHandler ["http-nio-8080"]
27-Feb-2024 01:52:16.172 INFO [main] org.apache.catalina.startup.Catalina.start Server startup in [32637] milliseconds
27-Feb-2024 02:01:46.142 INFO [main] org.apache.catalina.startup.VersionLoggerListener.log Server version name:   Apache Tomcat/9.0.69
27-Feb-2024 02:01:46.149 INFO [main] org.apache.catalina.startup.VersionLoggerListener.log Server built:          Nov 9 2022 18:43:47 UTC
27-Feb-2024 02:01:46.149 INFO [main] org.apache.catalina.startup.VersionLoggerListener.log Server version number: 9.0.69.0
27-Feb-2024 02:01:46.149 INFO [main] org.apache.catalina.startup.VersionLoggerListener.log OS Name:               Linux
27-Feb-2024 02:01:46.149 INFO [main] org.apache.catalina.startup.VersionLoggerListener.log OS Version:            6.5.0-21-generic
27-Feb-2024 02:01:46.150 INFO [main] org.apache.catalina.startup.VersionLoggerListener.log Architecture:          amd64
27-Feb-2024 02:01:46.150 INFO [main] org.apache.catalina.startup.VersionLoggerListener.log Java Home:             /opt/java/openjdk
27-Feb-2024 02:01:46.150 INFO [main] org.apache.catalina.startup.VersionLoggerListener.log JVM Version:           11.0.17+8
27-Feb-2024 02:01:46.150 INFO [main] org.apache.catalina.startup.VersionLoggerListener.log JVM Vendor:            Eclipse Adoptium
27-Feb-2024 02:01:46.150 INFO [main] org.apache.catalina.startup.VersionLoggerListener.log CATALINA_BASE:         /usr/local/tomcat
27-Feb-2024 02:01:46.150 INFO [main] org.apache.catalina.startup.VersionLoggerListener.log CATALINA_HOME:         /usr/local/tomcat
27-Feb-2024 02:01:46.283 INFO [main] org.apache.catalina.startup.VersionLoggerListener.log Command line argument: --add-opens=java.base/java.lang=ALL-UNNAMED
27-Feb-2024 02:01:46.286 INFO [main] org.apache.catalina.startup.VersionLoggerListener.log Command line argument: --add-opens=java.base/java.io=ALL-UNNAMED
27-Feb-2024 02:01:46.286 INFO [main] org.apache.catalina.startup.VersionLoggerListener.log Command line argument: --add-opens=java.base/java.util=ALL-UNNAMED
27-Feb-2024 02:01:46.286 INFO [main] org.apache.catalina.startup.VersionLoggerListener.log Command line argument: --add-opens=java.base/java.util.concurrent=ALL-UNNAMED
27-Feb-2024 02:01:46.286 INFO [main] org.apache.catalina.startup.VersionLoggerListener.log Command line argument: --add-opens=java.rmi/sun.rmi.transport=ALL-UNNAMED
27-Feb-2024 02:01:46.286 INFO [main] org.apache.catalina.startup.VersionLoggerListener.log Command line argument: -Djava.util.logging.config.file=/usr/local/tomcat/conf/logging.properties
27-Feb-2024 02:01:46.286 INFO [main] org.apache.catalina.startup.VersionLoggerListener.log Command line argument: -Djava.util.logging.manager=org.apache.juli.ClassLoaderLogManager
27-Feb-2024 02:01:46.286 INFO [main] org.apache.catalina.startup.VersionLoggerListener.log Command line argument: -Djdk.tls.ephemeralDHKeySize=2048
27-Feb-2024 02:01:46.288 INFO [main] org.apache.catalina.startup.VersionLoggerListener.log Command line argument: -Djava.protocol.handler.pkgs=org.apache.catalina.webresources
27-Feb-2024 02:01:46.288 INFO [main] org.apache.catalina.startup.VersionLoggerListener.log Command line argument: -Dorg.apache.catalina.security.SecurityListener.UMASK=0027
27-Feb-2024 02:01:46.289 INFO [main] org.apache.catalina.startup.VersionLoggerListener.log Command line argument: -agentlib:jdwp=transport=dt_socket,address=*:8000,server=y,suspend=n
27-Feb-2024 02:01:46.301 INFO [main] org.apache.catalina.startup.VersionLoggerListener.log Command line argument: -Dignore.endorsed.dirs=
27-Feb-2024 02:01:46.317 INFO [main] org.apache.catalina.startup.VersionLoggerListener.log Command line argument: -Dcatalina.base=/usr/local/tomcat
27-Feb-2024 02:01:46.317 INFO [main] org.apache.catalina.startup.VersionLoggerListener.log Command line argument: -Dcatalina.home=/usr/local/tomcat
27-Feb-2024 02:01:46.318 INFO [main] org.apache.catalina.startup.VersionLoggerListener.log Command line argument: -Djava.io.tmpdir=/usr/local/tomcat/temp
27-Feb-2024 02:01:46.369 INFO [main] org.apache.catalina.core.AprLifecycleListener.lifecycleEvent Loaded Apache Tomcat Native library [1.2.35] using APR version [1.7.0].
27-Feb-2024 02:01:46.371 INFO [main] org.apache.catalina.core.AprLifecycleListener.lifecycleEvent APR capabilities: IPv6 [true], sendfile [true], accept filters [false], random [true], UDS [true].
27-Feb-2024 02:01:46.371 INFO [main] org.apache.catalina.core.AprLifecycleListener.lifecycleEvent APR/OpenSSL configuration: useAprConnector [false], useOpenSSL [true]
27-Feb-2024 02:01:46.399 INFO [main] org.apache.catalina.core.AprLifecycleListener.initializeSSL OpenSSL successfully initialized [OpenSSL 3.0.2 15 Mar 2022]
27-Feb-2024 02:01:47.416 INFO [main] org.apache.coyote.AbstractProtocol.init Initializing ProtocolHandler ["http-nio-8080"]
27-Feb-2024 02:01:47.481 INFO [main] org.apache.catalina.startup.Catalina.load Server initialization in [1994] milliseconds
27-Feb-2024 02:01:47.584 INFO [main] org.apache.catalina.core.StandardService.startInternal Starting service [Catalina]
27-Feb-2024 02:01:47.584 INFO [main] org.apache.catalina.core.StandardEngine.startInternal Starting Servlet engine: [Apache Tomcat/9.0.69]
27-Feb-2024 02:01:47.608 INFO [main] org.apache.catalina.startup.HostConfig.deployWAR Deploying web application archive [/usr/local/tomcat/webapps/europass2#edci-wallet-swaggerUI.war]
27-Feb-2024 02:01:47.626 INFO [main] org.apache.catalina.startup.ExpandWar.expand An expanded directory [/usr/local/tomcat/webapps/europass2#edci-wallet-swaggerUI] was found with a last modified time that did not match the associated WAR. It will be deleted.
27-Feb-2024 02:01:59.717 INFO [main] org.apache.jasper.servlet.TldScanner.scanJars At least one JAR was scanned for TLDs yet contained no TLDs. Enable debug logging for this logger for a complete list of JARs that were scanned but no TLDs were found in them. Skipping unneeded JARs during scanning can improve startup time and JSP compilation time.
27-Feb-2024 02:01:59.816 INFO [main] org.apache.catalina.startup.HostConfig.deployWAR Deployment of web application archive [/usr/local/tomcat/webapps/europass2#edci-wallet-swaggerUI.war] has finished in [12,204] ms
27-Feb-2024 02:01:59.817 INFO [main] org.apache.catalina.startup.HostConfig.deployWAR Deploying web application archive [/usr/local/tomcat/webapps/europass2#edci-wallet.war]
27-Feb-2024 02:01:59.829 INFO [main] org.apache.catalina.startup.ExpandWar.expand An expanded directory [/usr/local/tomcat/webapps/europass2#edci-wallet] was found with a last modified time that did not match the associated WAR. It will be deleted.
27-Feb-2024 02:02:06.534 INFO [main] org.apache.jasper.servlet.TldScanner.scanJars At least one JAR was scanned for TLDs yet contained no TLDs. Enable debug logging for this logger for a complete list of JARs that were scanned but no TLDs were found in them. Skipping unneeded JARs during scanning can improve startup time and JSP compilation time.
27-Feb-2024 02:02:19.565 INFO [main] liquibase.lockservice.null Successfully acquired change log lock
27-Feb-2024 02:02:19.577 INFO [main] liquibase.servicelocator.null Cannot load service: liquibase.parser.ChangeLogParser: liquibase.parser.core.json.JsonChangeLogParser Unable to get public no-arg constructor
27-Feb-2024 02:02:19.586 INFO [main] liquibase.servicelocator.null Cannot load service: liquibase.parser.ChangeLogParser: liquibase.parser.core.yaml.YamlChangeLogParser Unable to get public no-arg constructor
27-Feb-2024 02:02:21.435 INFO [main] liquibase.changelog.null Creating database history table with name: edci.DATABASECHANGELOG
27-Feb-2024 02:02:21.773 INFO [main] liquibase.changelog.null Reading from edci.DATABASECHANGELOG
27-Feb-2024 02:02:21.816 INFO [main] liquibase.servicelocator.null Cannot load service: liquibase.hub.HubService: Provider liquibase.hub.core.StandardHubService could not be instantiated
27-Feb-2024 02:02:22.206 INFO [main] liquibase.changelog.null Table LIQUIBASE_VERSION created
27-Feb-2024 02:02:22.208 INFO [main] liquibase.changelog.null ChangeSet changeLog/liquibase-changelog-create-version-table.xml::versionTableCreate::edci ran successfully in 386ms
27-Feb-2024 02:02:22.388 INFO [main] liquibase.changelog.null New row inserted into LIQUIBASE_VERSION
27-Feb-2024 02:02:22.409 INFO [main] liquibase.changelog.null ChangeSet changeLog/liquibase-changelog-update-version.xml::versionTableInsert_1.3::edci ran successfully in 51ms
27-Feb-2024 02:02:22.489 INFO [main] liquibase.changelog.null New row inserted into LIQUIBASE_VERSION
27-Feb-2024 02:02:22.504 INFO [main] liquibase.changelog.null ChangeSet changeLog/liquibase-changelog-update-version.xml::versionTableInsert_1.4::edci ran successfully in 28ms
27-Feb-2024 02:02:22.552 INFO [main] liquibase.changelog.null Marking ChangeSet: changeLog/liquibase-changelog-1.5.xml::remove_old_thumbnail_column::edci ran despite precondition failure due to onFail='MARK_RAN': 
          changeLog/liquibase-changelog-master.xml : Column edci.CREDENTIAL_T.DIPLOMA_IMG does not exist

27-Feb-2024 02:02:22.611 INFO [main] liquibase.changelog.null New row inserted into LIQUIBASE_VERSION
27-Feb-2024 02:02:22.627 INFO [main] liquibase.changelog.null ChangeSet changeLog/liquibase-changelog-update-version.xml::versionTableInsert_1.5::edci ran successfully in 29ms
27-Feb-2024 02:02:22.693 INFO [main] liquibase.changelog.null New row inserted into LIQUIBASE_VERSION
27-Feb-2024 02:02:22.718 INFO [main] liquibase.changelog.null ChangeSet changeLog/liquibase-changelog-update-version.xml::versionTableInsert_1.6::edci ran successfully in 50ms
27-Feb-2024 02:02:22.758 INFO [main] liquibase.changelog.null New row inserted into LIQUIBASE_VERSION
27-Feb-2024 02:02:22.787 INFO [main] liquibase.changelog.null ChangeSet changeLog/liquibase-changelog-update-version.xml::versionTableInsert_1.7::edci ran successfully in 50ms
27-Feb-2024 02:02:22.905 INFO [main] liquibase.changelog.null New row inserted into LIQUIBASE_VERSION
27-Feb-2024 02:02:22.914 INFO [main] liquibase.changelog.null ChangeSet changeLog/liquibase-changelog-update-version.xml::versionTableInsert_1.8::edci ran successfully in 49ms
27-Feb-2024 02:02:23.014 INFO [main] liquibase.lockservice.null Successfully released change log lock
27-Feb-2024 02:02:24.316 INFO [main] liquibase.lockservice.null Successfully acquired change log lock
27-Feb-2024 02:02:26.657 INFO [main] liquibase.changelog.null Reading from edci.DATABASECHANGELOG
27-Feb-2024 02:02:26.741 INFO [main] liquibase.lockservice.null Successfully released change log lock
27-Feb-2024 02:02:26.802 INFO [main] org.apache.catalina.startup.HostConfig.deployWAR Deployment of web application archive [/usr/local/tomcat/webapps/europass2#edci-wallet.war] has finished in [26,985] ms
27-Feb-2024 02:02:26.810 INFO [main] org.apache.coyote.AbstractProtocol.start Starting ProtocolHandler ["http-nio-8080"]
27-Feb-2024 02:02:26.847 INFO [main] org.apache.catalina.startup.Catalina.start Server startup in [39365] milliseconds
27-Feb-2024 02:19:06.218 INFO [main] org.apache.catalina.startup.VersionLoggerListener.log Server version name:   Apache Tomcat/9.0.69
27-Feb-2024 02:19:06.229 INFO [main] org.apache.catalina.startup.VersionLoggerListener.log Server built:          Nov 9 2022 18:43:47 UTC
27-Feb-2024 02:19:06.229 INFO [main] org.apache.catalina.startup.VersionLoggerListener.log Server version number: 9.0.69.0
27-Feb-2024 02:19:06.229 INFO [main] org.apache.catalina.startup.VersionLoggerListener.log OS Name:               Linux
27-Feb-2024 02:19:06.229 INFO [main] org.apache.catalina.startup.VersionLoggerListener.log OS Version:            6.5.0-21-generic
27-Feb-2024 02:19:06.229 INFO [main] org.apache.catalina.startup.VersionLoggerListener.log Architecture:          amd64
27-Feb-2024 02:19:06.229 INFO [main] org.apache.catalina.startup.VersionLoggerListener.log Java Home:             /opt/java/openjdk
27-Feb-2024 02:19:06.230 INFO [main] org.apache.catalina.startup.VersionLoggerListener.log JVM Version:           11.0.17+8
27-Feb-2024 02:19:06.230 INFO [main] org.apache.catalina.startup.VersionLoggerListener.log JVM Vendor:            Eclipse Adoptium
27-Feb-2024 02:19:06.230 INFO [main] org.apache.catalina.startup.VersionLoggerListener.log CATALINA_BASE:         /usr/local/tomcat
27-Feb-2024 02:19:06.230 INFO [main] org.apache.catalina.startup.VersionLoggerListener.log CATALINA_HOME:         /usr/local/tomcat
27-Feb-2024 02:19:06.324 INFO [main] org.apache.catalina.startup.VersionLoggerListener.log Command line argument: --add-opens=java.base/java.lang=ALL-UNNAMED
27-Feb-2024 02:19:06.329 INFO [main] org.apache.catalina.startup.VersionLoggerListener.log Command line argument: --add-opens=java.base/java.io=ALL-UNNAMED
27-Feb-2024 02:19:06.329 INFO [main] org.apache.catalina.startup.VersionLoggerListener.log Command line argument: --add-opens=java.base/java.util=ALL-UNNAMED
27-Feb-2024 02:19:06.329 INFO [main] org.apache.catalina.startup.VersionLoggerListener.log Command line argument: --add-opens=java.base/java.util.concurrent=ALL-UNNAMED
27-Feb-2024 02:19:06.329 INFO [main] org.apache.catalina.startup.VersionLoggerListener.log Command line argument: --add-opens=java.rmi/sun.rmi.transport=ALL-UNNAMED
27-Feb-2024 02:19:06.329 INFO [main] org.apache.catalina.startup.VersionLoggerListener.log Command line argument: -Djava.util.logging.config.file=/usr/local/tomcat/conf/logging.properties
27-Feb-2024 02:19:06.329 INFO [main] org.apache.catalina.startup.VersionLoggerListener.log Command line argument: -Djava.util.logging.manager=org.apache.juli.ClassLoaderLogManager
27-Feb-2024 02:19:06.329 INFO [main] org.apache.catalina.startup.VersionLoggerListener.log Command line argument: -Djdk.tls.ephemeralDHKeySize=2048
27-Feb-2024 02:19:06.329 INFO [main] org.apache.catalina.startup.VersionLoggerListener.log Command line argument: -Djava.protocol.handler.pkgs=org.apache.catalina.webresources
27-Feb-2024 02:19:06.329 INFO [main] org.apache.catalina.startup.VersionLoggerListener.log Command line argument: -Dorg.apache.catalina.security.SecurityListener.UMASK=0027
27-Feb-2024 02:19:06.329 INFO [main] org.apache.catalina.startup.VersionLoggerListener.log Command line argument: -agentlib:jdwp=transport=dt_socket,address=*:8000,server=y,suspend=n
27-Feb-2024 02:19:06.329 INFO [main] org.apache.catalina.startup.VersionLoggerListener.log Command line argument: -Dignore.endorsed.dirs=
27-Feb-2024 02:19:06.329 INFO [main] org.apache.catalina.startup.VersionLoggerListener.log Command line argument: -Dcatalina.base=/usr/local/tomcat
27-Feb-2024 02:19:06.329 INFO [main] org.apache.catalina.startup.VersionLoggerListener.log Command line argument: -Dcatalina.home=/usr/local/tomcat
27-Feb-2024 02:19:06.330 INFO [main] org.apache.catalina.startup.VersionLoggerListener.log Command line argument: -Djava.io.tmpdir=/usr/local/tomcat/temp
27-Feb-2024 02:19:06.347 INFO [main] org.apache.catalina.core.AprLifecycleListener.lifecycleEvent Loaded Apache Tomcat Native library [1.2.35] using APR version [1.7.0].
27-Feb-2024 02:19:06.348 INFO [main] org.apache.catalina.core.AprLifecycleListener.lifecycleEvent APR capabilities: IPv6 [true], sendfile [true], accept filters [false], random [true], UDS [true].
27-Feb-2024 02:19:06.348 INFO [main] org.apache.catalina.core.AprLifecycleListener.lifecycleEvent APR/OpenSSL configuration: useAprConnector [false], useOpenSSL [true]
27-Feb-2024 02:19:06.366 INFO [main] org.apache.catalina.core.AprLifecycleListener.initializeSSL OpenSSL successfully initialized [OpenSSL 3.0.2 15 Mar 2022]
27-Feb-2024 02:19:07.217 INFO [main] org.apache.coyote.AbstractProtocol.init Initializing ProtocolHandler ["http-nio-8080"]
27-Feb-2024 02:19:07.286 INFO [main] org.apache.catalina.startup.Catalina.load Server initialization in [1891] milliseconds
27-Feb-2024 02:19:07.442 INFO [main] org.apache.catalina.core.StandardService.startInternal Starting service [Catalina]
27-Feb-2024 02:19:07.443 INFO [main] org.apache.catalina.core.StandardEngine.startInternal Starting Servlet engine: [Apache Tomcat/9.0.69]
27-Feb-2024 02:19:07.463 INFO [main] org.apache.catalina.startup.HostConfig.deployWAR Deploying web application archive [/usr/local/tomcat/webapps/europass2#edci-wallet-swaggerUI.war]
27-Feb-2024 02:19:07.480 INFO [main] org.apache.catalina.startup.ExpandWar.expand An expanded directory [/usr/local/tomcat/webapps/europass2#edci-wallet-swaggerUI] was found with a last modified time that did not match the associated WAR. It will be deleted.
27-Feb-2024 02:19:20.194 INFO [main] org.apache.jasper.servlet.TldScanner.scanJars At least one JAR was scanned for TLDs yet contained no TLDs. Enable debug logging for this logger for a complete list of JARs that were scanned but no TLDs were found in them. Skipping unneeded JARs during scanning can improve startup time and JSP compilation time.
27-Feb-2024 02:19:20.237 INFO [main] org.apache.catalina.startup.HostConfig.deployWAR Deployment of web application archive [/usr/local/tomcat/webapps/europass2#edci-wallet-swaggerUI.war] has finished in [12,774] ms
27-Feb-2024 02:19:20.239 INFO [main] org.apache.catalina.startup.HostConfig.deployWAR Deploying web application archive [/usr/local/tomcat/webapps/europass2#edci-wallet.war]
27-Feb-2024 02:19:20.241 INFO [main] org.apache.catalina.startup.ExpandWar.expand An expanded directory [/usr/local/tomcat/webapps/europass2#edci-wallet] was found with a last modified time that did not match the associated WAR. It will be deleted.
27-Feb-2024 02:19:25.229 INFO [main] org.apache.jasper.servlet.TldScanner.scanJars At least one JAR was scanned for TLDs yet contained no TLDs. Enable debug logging for this logger for a complete list of JARs that were scanned but no TLDs were found in them. Skipping unneeded JARs during scanning can improve startup time and JSP compilation time.
27-Feb-2024 02:19:36.281 INFO [main] liquibase.lockservice.null Successfully acquired change log lock
27-Feb-2024 02:19:36.297 INFO [main] liquibase.servicelocator.null Cannot load service: liquibase.parser.ChangeLogParser: liquibase.parser.core.json.JsonChangeLogParser Unable to get public no-arg constructor
27-Feb-2024 02:19:36.302 INFO [main] liquibase.servicelocator.null Cannot load service: liquibase.parser.ChangeLogParser: liquibase.parser.core.yaml.YamlChangeLogParser Unable to get public no-arg constructor
27-Feb-2024 02:19:37.910 INFO [main] liquibase.changelog.null Reading from edci.DATABASECHANGELOG
27-Feb-2024 02:19:37.934 INFO [main] liquibase.servicelocator.null Cannot load service: liquibase.hub.HubService: Provider liquibase.hub.core.StandardHubService could not be instantiated
27-Feb-2024 02:19:37.960 INFO [main] liquibase.lockservice.null Successfully released change log lock
27-Feb-2024 02:19:39.149 INFO [main] liquibase.lockservice.null Successfully acquired change log lock
27-Feb-2024 02:19:40.553 INFO [main] liquibase.changelog.null Reading from edci.DATABASECHANGELOG
27-Feb-2024 02:19:40.599 INFO [main] liquibase.lockservice.null Successfully released change log lock
27-Feb-2024 02:19:40.659 INFO [main] org.apache.catalina.startup.HostConfig.deployWAR Deployment of web application archive [/usr/local/tomcat/webapps/europass2#edci-wallet.war] has finished in [20,420] ms
27-Feb-2024 02:19:40.683 INFO [main] org.apache.coyote.AbstractProtocol.start Starting ProtocolHandler ["http-nio-8080"]
27-Feb-2024 02:19:40.810 INFO [main] org.apache.catalina.startup.Catalina.start Server startup in [33523] milliseconds
27-Feb-2024 03:09:25.946 INFO [main] org.apache.catalina.startup.VersionLoggerListener.log Server version name:   Apache Tomcat/9.0.69
27-Feb-2024 03:09:25.951 INFO [main] org.apache.catalina.startup.VersionLoggerListener.log Server built:          Nov 9 2022 18:43:47 UTC
27-Feb-2024 03:09:25.951 INFO [main] org.apache.catalina.startup.VersionLoggerListener.log Server version number: 9.0.69.0
27-Feb-2024 03:09:25.951 INFO [main] org.apache.catalina.startup.VersionLoggerListener.log OS Name:               Linux
27-Feb-2024 03:09:25.951 INFO [main] org.apache.catalina.startup.VersionLoggerListener.log OS Version:            6.5.0-21-generic
27-Feb-2024 03:09:25.951 INFO [main] org.apache.catalina.startup.VersionLoggerListener.log Architecture:          amd64
27-Feb-2024 03:09:25.951 INFO [main] org.apache.catalina.startup.VersionLoggerListener.log Java Home:             /opt/java/openjdk
27-Feb-2024 03:09:25.951 INFO [main] org.apache.catalina.startup.VersionLoggerListener.log JVM Version:           11.0.17+8
27-Feb-2024 03:09:25.952 INFO [main] org.apache.catalina.startup.VersionLoggerListener.log JVM Vendor:            Eclipse Adoptium
27-Feb-2024 03:09:25.952 INFO [main] org.apache.catalina.startup.VersionLoggerListener.log CATALINA_BASE:         /usr/local/tomcat
27-Feb-2024 03:09:25.952 INFO [main] org.apache.catalina.startup.VersionLoggerListener.log CATALINA_HOME:         /usr/local/tomcat
27-Feb-2024 03:09:26.001 INFO [main] org.apache.catalina.startup.VersionLoggerListener.log Command line argument: --add-opens=java.base/java.lang=ALL-UNNAMED
27-Feb-2024 03:09:26.020 INFO [main] org.apache.catalina.startup.VersionLoggerListener.log Command line argument: --add-opens=java.base/java.io=ALL-UNNAMED
27-Feb-2024 03:09:26.021 INFO [main] org.apache.catalina.startup.VersionLoggerListener.log Command line argument: --add-opens=java.base/java.util=ALL-UNNAMED
27-Feb-2024 03:09:26.034 INFO [main] org.apache.catalina.startup.VersionLoggerListener.log Command line argument: --add-opens=java.base/java.util.concurrent=ALL-UNNAMED
27-Feb-2024 03:09:26.038 INFO [main] org.apache.catalina.startup.VersionLoggerListener.log Command line argument: --add-opens=java.rmi/sun.rmi.transport=ALL-UNNAMED
27-Feb-2024 03:09:26.038 INFO [main] org.apache.catalina.startup.VersionLoggerListener.log Command line argument: -Djava.util.logging.config.file=/usr/local/tomcat/conf/logging.properties
27-Feb-2024 03:09:26.039 INFO [main] org.apache.catalina.startup.VersionLoggerListener.log Command line argument: -Djava.util.logging.manager=org.apache.juli.ClassLoaderLogManager
27-Feb-2024 03:09:26.041 INFO [main] org.apache.catalina.startup.VersionLoggerListener.log Command line argument: -Djdk.tls.ephemeralDHKeySize=2048
27-Feb-2024 03:09:26.041 INFO [main] org.apache.catalina.startup.VersionLoggerListener.log Command line argument: -Djava.protocol.handler.pkgs=org.apache.catalina.webresources
27-Feb-2024 03:09:26.042 INFO [main] org.apache.catalina.startup.VersionLoggerListener.log Command line argument: -Dorg.apache.catalina.security.SecurityListener.UMASK=0027
27-Feb-2024 03:09:26.042 INFO [main] org.apache.catalina.startup.VersionLoggerListener.log Command line argument: -agentlib:jdwp=transport=dt_socket,address=*:8000,server=y,suspend=n
27-Feb-2024 03:09:26.042 INFO [main] org.apache.catalina.startup.VersionLoggerListener.log Command line argument: -Dignore.endorsed.dirs=
27-Feb-2024 03:09:26.042 INFO [main] org.apache.catalina.startup.VersionLoggerListener.log Command line argument: -Dcatalina.base=/usr/local/tomcat
27-Feb-2024 03:09:26.042 INFO [main] org.apache.catalina.startup.VersionLoggerListener.log Command line argument: -Dcatalina.home=/usr/local/tomcat
27-Feb-2024 03:09:26.042 INFO [main] org.apache.catalina.startup.VersionLoggerListener.log Command line argument: -Djava.io.tmpdir=/usr/local/tomcat/temp
27-Feb-2024 03:09:26.061 INFO [main] org.apache.catalina.core.AprLifecycleListener.lifecycleEvent Loaded Apache Tomcat Native library [1.2.35] using APR version [1.7.0].
27-Feb-2024 03:09:26.062 INFO [main] org.apache.catalina.core.AprLifecycleListener.lifecycleEvent APR capabilities: IPv6 [true], sendfile [true], accept filters [false], random [true], UDS [true].
27-Feb-2024 03:09:26.062 INFO [main] org.apache.catalina.core.AprLifecycleListener.lifecycleEvent APR/OpenSSL configuration: useAprConnector [false], useOpenSSL [true]
27-Feb-2024 03:09:26.070 INFO [main] org.apache.catalina.core.AprLifecycleListener.initializeSSL OpenSSL successfully initialized [OpenSSL 3.0.2 15 Mar 2022]
27-Feb-2024 03:09:26.785 INFO [main] org.apache.coyote.AbstractProtocol.init Initializing ProtocolHandler ["http-nio-8080"]
27-Feb-2024 03:09:26.864 INFO [main] org.apache.catalina.startup.Catalina.load Server initialization in [1642] milliseconds
27-Feb-2024 03:09:26.964 INFO [main] org.apache.catalina.core.StandardService.startInternal Starting service [Catalina]
27-Feb-2024 03:09:26.964 INFO [main] org.apache.catalina.core.StandardEngine.startInternal Starting Servlet engine: [Apache Tomcat/9.0.69]
27-Feb-2024 03:09:26.982 INFO [main] org.apache.catalina.startup.HostConfig.deployWAR Deploying web application archive [/usr/local/tomcat/webapps/europass2#edci-wallet-swaggerUI.war]
27-Feb-2024 03:09:27.034 INFO [main] org.apache.catalina.startup.ExpandWar.expand An expanded directory [/usr/local/tomcat/webapps/europass2#edci-wallet-swaggerUI] was found with a last modified time that did not match the associated WAR. It will be deleted.
27-Feb-2024 03:09:39.472 INFO [main] org.apache.jasper.servlet.TldScanner.scanJars At least one JAR was scanned for TLDs yet contained no TLDs. Enable debug logging for this logger for a complete list of JARs that were scanned but no TLDs were found in them. Skipping unneeded JARs during scanning can improve startup time and JSP compilation time.
27-Feb-2024 03:09:39.581 INFO [main] org.apache.catalina.startup.HostConfig.deployWAR Deployment of web application archive [/usr/local/tomcat/webapps/europass2#edci-wallet-swaggerUI.war] has finished in [12,598] ms
27-Feb-2024 03:09:39.588 INFO [main] org.apache.catalina.startup.HostConfig.deployWAR Deploying web application archive [/usr/local/tomcat/webapps/europass2#edci-wallet.war]
27-Feb-2024 03:09:39.593 INFO [main] org.apache.catalina.startup.ExpandWar.expand An expanded directory [/usr/local/tomcat/webapps/europass2#edci-wallet] was found with a last modified time that did not match the associated WAR. It will be deleted.
27-Feb-2024 03:09:46.761 INFO [main] org.apache.jasper.servlet.TldScanner.scanJars At least one JAR was scanned for TLDs yet contained no TLDs. Enable debug logging for this logger for a complete list of JARs that were scanned but no TLDs were found in them. Skipping unneeded JARs during scanning can improve startup time and JSP compilation time.
27-Feb-2024 03:09:55.193 INFO [main] liquibase.lockservice.null Successfully acquired change log lock
27-Feb-2024 03:09:55.221 INFO [main] liquibase.servicelocator.null Cannot load service: liquibase.parser.ChangeLogParser: liquibase.parser.core.json.JsonChangeLogParser Unable to get public no-arg constructor
27-Feb-2024 03:09:55.230 INFO [main] liquibase.servicelocator.null Cannot load service: liquibase.parser.ChangeLogParser: liquibase.parser.core.yaml.YamlChangeLogParser Unable to get public no-arg constructor
27-Feb-2024 03:09:56.929 INFO [main] liquibase.changelog.null Reading from edci.DATABASECHANGELOG
27-Feb-2024 03:09:56.971 INFO [main] liquibase.servicelocator.null Cannot load service: liquibase.hub.HubService: Provider liquibase.hub.core.StandardHubService could not be instantiated
27-Feb-2024 03:09:56.994 INFO [main] liquibase.lockservice.null Successfully released change log lock
27-Feb-2024 03:09:57.995 INFO [main] liquibase.lockservice.null Successfully acquired change log lock
27-Feb-2024 03:09:59.631 INFO [main] liquibase.changelog.null Reading from edci.DATABASECHANGELOG
27-Feb-2024 03:09:59.673 INFO [main] liquibase.lockservice.null Successfully released change log lock
27-Feb-2024 03:09:59.712 INFO [main] org.apache.catalina.startup.HostConfig.deployWAR Deployment of web application archive [/usr/local/tomcat/webapps/europass2#edci-wallet.war] has finished in [20,124] ms
27-Feb-2024 03:09:59.722 INFO [main] org.apache.coyote.AbstractProtocol.start Starting ProtocolHandler ["http-nio-8080"]
27-Feb-2024 03:09:59.780 INFO [main] org.apache.catalina.startup.Catalina.start Server startup in [32916] milliseconds
27-Feb-2024 03:49:46.820 INFO [main] org.apache.catalina.startup.VersionLoggerListener.log Server version name:   Apache Tomcat/9.0.69
27-Feb-2024 03:49:46.826 INFO [main] org.apache.catalina.startup.VersionLoggerListener.log Server built:          Nov 9 2022 18:43:47 UTC
27-Feb-2024 03:49:46.826 INFO [main] org.apache.catalina.startup.VersionLoggerListener.log Server version number: 9.0.69.0
27-Feb-2024 03:49:46.828 INFO [main] org.apache.catalina.startup.VersionLoggerListener.log OS Name:               Linux
27-Feb-2024 03:49:46.828 INFO [main] org.apache.catalina.startup.VersionLoggerListener.log OS Version:            6.5.0-21-generic
27-Feb-2024 03:49:46.828 INFO [main] org.apache.catalina.startup.VersionLoggerListener.log Architecture:          amd64
27-Feb-2024 03:49:46.828 INFO [main] org.apache.catalina.startup.VersionLoggerListener.log Java Home:             /opt/java/openjdk
27-Feb-2024 03:49:46.828 INFO [main] org.apache.catalina.startup.VersionLoggerListener.log JVM Version:           11.0.17+8
27-Feb-2024 03:49:46.829 INFO [main] org.apache.catalina.startup.VersionLoggerListener.log JVM Vendor:            Eclipse Adoptium
27-Feb-2024 03:49:46.829 INFO [main] org.apache.catalina.startup.VersionLoggerListener.log CATALINA_BASE:         /usr/local/tomcat
27-Feb-2024 03:49:46.829 INFO [main] org.apache.catalina.startup.VersionLoggerListener.log CATALINA_HOME:         /usr/local/tomcat
27-Feb-2024 03:49:46.874 INFO [main] org.apache.catalina.startup.VersionLoggerListener.log Command line argument: --add-opens=java.base/java.lang=ALL-UNNAMED
27-Feb-2024 03:49:46.874 INFO [main] org.apache.catalina.startup.VersionLoggerListener.log Command line argument: --add-opens=java.base/java.io=ALL-UNNAMED
27-Feb-2024 03:49:46.874 INFO [main] org.apache.catalina.startup.VersionLoggerListener.log Command line argument: --add-opens=java.base/java.util=ALL-UNNAMED
27-Feb-2024 03:49:46.879 INFO [main] org.apache.catalina.startup.VersionLoggerListener.log Command line argument: --add-opens=java.base/java.util.concurrent=ALL-UNNAMED
27-Feb-2024 03:49:46.880 INFO [main] org.apache.catalina.startup.VersionLoggerListener.log Command line argument: --add-opens=java.rmi/sun.rmi.transport=ALL-UNNAMED
27-Feb-2024 03:49:46.880 INFO [main] org.apache.catalina.startup.VersionLoggerListener.log Command line argument: -Djava.util.logging.config.file=/usr/local/tomcat/conf/logging.properties
27-Feb-2024 03:49:46.880 INFO [main] org.apache.catalina.startup.VersionLoggerListener.log Command line argument: -Djava.util.logging.manager=org.apache.juli.ClassLoaderLogManager
27-Feb-2024 03:49:46.880 INFO [main] org.apache.catalina.startup.VersionLoggerListener.log Command line argument: -Djdk.tls.ephemeralDHKeySize=2048
27-Feb-2024 03:49:46.880 INFO [main] org.apache.catalina.startup.VersionLoggerListener.log Command line argument: -Djava.protocol.handler.pkgs=org.apache.catalina.webresources
27-Feb-2024 03:49:46.880 INFO [main] org.apache.catalina.startup.VersionLoggerListener.log Command line argument: -Dorg.apache.catalina.security.SecurityListener.UMASK=0027
27-Feb-2024 03:49:46.880 INFO [main] org.apache.catalina.startup.VersionLoggerListener.log Command line argument: -agentlib:jdwp=transport=dt_socket,address=*:8000,server=y,suspend=n
27-Feb-2024 03:49:46.881 INFO [main] org.apache.catalina.startup.VersionLoggerListener.log Command line argument: -Dignore.endorsed.dirs=
27-Feb-2024 03:49:46.881 INFO [main] org.apache.catalina.startup.VersionLoggerListener.log Command line argument: -Dcatalina.base=/usr/local/tomcat
27-Feb-2024 03:49:46.881 INFO [main] org.apache.catalina.startup.VersionLoggerListener.log Command line argument: -Dcatalina.home=/usr/local/tomcat
27-Feb-2024 03:49:46.883 INFO [main] org.apache.catalina.startup.VersionLoggerListener.log Command line argument: -Djava.io.tmpdir=/usr/local/tomcat/temp
27-Feb-2024 03:49:46.960 INFO [main] org.apache.catalina.core.AprLifecycleListener.lifecycleEvent Loaded Apache Tomcat Native library [1.2.35] using APR version [1.7.0].
27-Feb-2024 03:49:46.960 INFO [main] org.apache.catalina.core.AprLifecycleListener.lifecycleEvent APR capabilities: IPv6 [true], sendfile [true], accept filters [false], random [true], UDS [true].
27-Feb-2024 03:49:46.960 INFO [main] org.apache.catalina.core.AprLifecycleListener.lifecycleEvent APR/OpenSSL configuration: useAprConnector [false], useOpenSSL [true]
27-Feb-2024 03:49:47.025 INFO [main] org.apache.catalina.core.AprLifecycleListener.initializeSSL OpenSSL successfully initialized [OpenSSL 3.0.2 15 Mar 2022]
27-Feb-2024 03:49:47.694 INFO [main] org.apache.coyote.AbstractProtocol.init Initializing ProtocolHandler ["http-nio-8080"]
27-Feb-2024 03:49:47.741 INFO [main] org.apache.catalina.startup.Catalina.load Server initialization in [1429] milliseconds
27-Feb-2024 03:49:47.946 INFO [main] org.apache.catalina.core.StandardService.startInternal Starting service [Catalina]
27-Feb-2024 03:49:47.946 INFO [main] org.apache.catalina.core.StandardEngine.startInternal Starting Servlet engine: [Apache Tomcat/9.0.69]
27-Feb-2024 03:49:47.973 INFO [main] org.apache.catalina.startup.HostConfig.deployWAR Deploying web application archive [/usr/local/tomcat/webapps/europass2#edci-wallet-swaggerUI.war]
27-Feb-2024 03:49:48.004 INFO [main] org.apache.catalina.startup.ExpandWar.expand An expanded directory [/usr/local/tomcat/webapps/europass2#edci-wallet-swaggerUI] was found with a last modified time that did not match the associated WAR. It will be deleted.
27-Feb-2024 03:50:00.021 INFO [main] org.apache.jasper.servlet.TldScanner.scanJars At least one JAR was scanned for TLDs yet contained no TLDs. Enable debug logging for this logger for a complete list of JARs that were scanned but no TLDs were found in them. Skipping unneeded JARs during scanning can improve startup time and JSP compilation time.
27-Feb-2024 03:50:00.119 INFO [main] org.apache.catalina.startup.HostConfig.deployWAR Deployment of web application archive [/usr/local/tomcat/webapps/europass2#edci-wallet-swaggerUI.war] has finished in [12,145] ms
27-Feb-2024 03:50:00.138 INFO [main] org.apache.catalina.startup.HostConfig.deployWAR Deploying web application archive [/usr/local/tomcat/webapps/europass2#edci-wallet.war]
27-Feb-2024 03:50:00.141 INFO [main] org.apache.catalina.startup.ExpandWar.expand An expanded directory [/usr/local/tomcat/webapps/europass2#edci-wallet] was found with a last modified time that did not match the associated WAR. It will be deleted.
27-Feb-2024 03:50:15.129 INFO [main] org.apache.jasper.servlet.TldScanner.scanJars At least one JAR was scanned for TLDs yet contained no TLDs. Enable debug logging for this logger for a complete list of JARs that were scanned but no TLDs were found in them. Skipping unneeded JARs during scanning can improve startup time and JSP compilation time.
27-Feb-2024 03:50:24.513 INFO [main] liquibase.lockservice.null Successfully acquired change log lock
27-Feb-2024 03:50:24.521 INFO [main] liquibase.servicelocator.null Cannot load service: liquibase.parser.ChangeLogParser: liquibase.parser.core.json.JsonChangeLogParser Unable to get public no-arg constructor
27-Feb-2024 03:50:24.533 INFO [main] liquibase.servicelocator.null Cannot load service: liquibase.parser.ChangeLogParser: liquibase.parser.core.yaml.YamlChangeLogParser Unable to get public no-arg constructor
27-Feb-2024 03:50:26.949 INFO [main] liquibase.changelog.null Reading from edci.DATABASECHANGELOG
27-Feb-2024 03:50:27.040 INFO [main] liquibase.servicelocator.null Cannot load service: liquibase.hub.HubService: Provider liquibase.hub.core.StandardHubService could not be instantiated
27-Feb-2024 03:50:27.061 INFO [main] liquibase.lockservice.null Successfully released change log lock
27-Feb-2024 03:50:28.261 INFO [main] liquibase.lockservice.null Successfully acquired change log lock
27-Feb-2024 03:50:30.014 INFO [main] liquibase.changelog.null Reading from edci.DATABASECHANGELOG
27-Feb-2024 03:50:30.044 INFO [main] liquibase.lockservice.null Successfully released change log lock
27-Feb-2024 03:50:30.082 INFO [main] org.apache.catalina.startup.HostConfig.deployWAR Deployment of web application archive [/usr/local/tomcat/webapps/europass2#edci-wallet.war] has finished in [29,944] ms
27-Feb-2024 03:50:30.089 INFO [main] org.apache.coyote.AbstractProtocol.start Starting ProtocolHandler ["http-nio-8080"]
27-Feb-2024 03:50:30.140 INFO [main] org.apache.catalina.startup.Catalina.start Server startup in [42397] milliseconds
27-Feb-2024 04:02:02.889 INFO [main] org.apache.catalina.startup.VersionLoggerListener.log Server version name:   Apache Tomcat/9.0.69
27-Feb-2024 04:02:02.905 INFO [main] org.apache.catalina.startup.VersionLoggerListener.log Server built:          Nov 9 2022 18:43:47 UTC
27-Feb-2024 04:02:02.905 INFO [main] org.apache.catalina.startup.VersionLoggerListener.log Server version number: 9.0.69.0
27-Feb-2024 04:02:02.905 INFO [main] org.apache.catalina.startup.VersionLoggerListener.log OS Name:               Linux
27-Feb-2024 04:02:02.905 INFO [main] org.apache.catalina.startup.VersionLoggerListener.log OS Version:            6.5.0-21-generic
27-Feb-2024 04:02:02.907 INFO [main] org.apache.catalina.startup.VersionLoggerListener.log Architecture:          amd64
27-Feb-2024 04:02:02.920 INFO [main] org.apache.catalina.startup.VersionLoggerListener.log Java Home:             /opt/java/openjdk
27-Feb-2024 04:02:02.920 INFO [main] org.apache.catalina.startup.VersionLoggerListener.log JVM Version:           11.0.17+8
27-Feb-2024 04:02:02.920 INFO [main] org.apache.catalina.startup.VersionLoggerListener.log JVM Vendor:            Eclipse Adoptium
27-Feb-2024 04:02:02.921 INFO [main] org.apache.catalina.startup.VersionLoggerListener.log CATALINA_BASE:         /usr/local/tomcat
27-Feb-2024 04:02:02.925 INFO [main] org.apache.catalina.startup.VersionLoggerListener.log CATALINA_HOME:         /usr/local/tomcat
27-Feb-2024 04:02:02.961 INFO [main] org.apache.catalina.startup.VersionLoggerListener.log Command line argument: --add-opens=java.base/java.lang=ALL-UNNAMED
27-Feb-2024 04:02:02.961 INFO [main] org.apache.catalina.startup.VersionLoggerListener.log Command line argument: --add-opens=java.base/java.io=ALL-UNNAMED
27-Feb-2024 04:02:02.961 INFO [main] org.apache.catalina.startup.VersionLoggerListener.log Command line argument: --add-opens=java.base/java.util=ALL-UNNAMED
27-Feb-2024 04:02:02.961 INFO [main] org.apache.catalina.startup.VersionLoggerListener.log Command line argument: --add-opens=java.base/java.util.concurrent=ALL-UNNAMED
27-Feb-2024 04:02:02.961 INFO [main] org.apache.catalina.startup.VersionLoggerListener.log Command line argument: --add-opens=java.rmi/sun.rmi.transport=ALL-UNNAMED
27-Feb-2024 04:02:02.962 INFO [main] org.apache.catalina.startup.VersionLoggerListener.log Command line argument: -Djava.util.logging.config.file=/usr/local/tomcat/conf/logging.properties
27-Feb-2024 04:02:02.962 INFO [main] org.apache.catalina.startup.VersionLoggerListener.log Command line argument: -Djava.util.logging.manager=org.apache.juli.ClassLoaderLogManager
27-Feb-2024 04:02:02.962 INFO [main] org.apache.catalina.startup.VersionLoggerListener.log Command line argument: -Djdk.tls.ephemeralDHKeySize=2048
27-Feb-2024 04:02:02.962 INFO [main] org.apache.catalina.startup.VersionLoggerListener.log Command line argument: -Djava.protocol.handler.pkgs=org.apache.catalina.webresources
27-Feb-2024 04:02:02.962 INFO [main] org.apache.catalina.startup.VersionLoggerListener.log Command line argument: -Dorg.apache.catalina.security.SecurityListener.UMASK=0027
27-Feb-2024 04:02:02.962 INFO [main] org.apache.catalina.startup.VersionLoggerListener.log Command line argument: -agentlib:jdwp=transport=dt_socket,address=*:8000,server=y,suspend=n
27-Feb-2024 04:02:02.962 INFO [main] org.apache.catalina.startup.VersionLoggerListener.log Command line argument: -Dignore.endorsed.dirs=
27-Feb-2024 04:02:02.963 INFO [main] org.apache.catalina.startup.VersionLoggerListener.log Command line argument: -Dcatalina.base=/usr/local/tomcat
27-Feb-2024 04:02:02.963 INFO [main] org.apache.catalina.startup.VersionLoggerListener.log Command line argument: -Dcatalina.home=/usr/local/tomcat
27-Feb-2024 04:02:02.963 INFO [main] org.apache.catalina.startup.VersionLoggerListener.log Command line argument: -Djava.io.tmpdir=/usr/local/tomcat/temp
27-Feb-2024 04:02:03.016 INFO [main] org.apache.catalina.core.AprLifecycleListener.lifecycleEvent Loaded Apache Tomcat Native library [1.2.35] using APR version [1.7.0].
27-Feb-2024 04:02:03.029 INFO [main] org.apache.catalina.core.AprLifecycleListener.lifecycleEvent APR capabilities: IPv6 [true], sendfile [true], accept filters [false], random [true], UDS [true].
27-Feb-2024 04:02:03.029 INFO [main] org.apache.catalina.core.AprLifecycleListener.lifecycleEvent APR/OpenSSL configuration: useAprConnector [false], useOpenSSL [true]
27-Feb-2024 04:02:03.046 INFO [main] org.apache.catalina.core.AprLifecycleListener.initializeSSL OpenSSL successfully initialized [OpenSSL 3.0.2 15 Mar 2022]
27-Feb-2024 04:02:03.852 INFO [main] org.apache.coyote.AbstractProtocol.init Initializing ProtocolHandler ["http-nio-8080"]
27-Feb-2024 04:02:03.942 INFO [main] org.apache.catalina.startup.Catalina.load Server initialization in [1437] milliseconds
27-Feb-2024 04:02:04.059 INFO [main] org.apache.catalina.core.StandardService.startInternal Starting service [Catalina]
27-Feb-2024 04:02:04.059 INFO [main] org.apache.catalina.core.StandardEngine.startInternal Starting Servlet engine: [Apache Tomcat/9.0.69]
27-Feb-2024 04:02:04.073 INFO [main] org.apache.catalina.startup.HostConfig.deployWAR Deploying web application archive [/usr/local/tomcat/webapps/europass2#edci-wallet-swaggerUI.war]
27-Feb-2024 04:02:04.101 INFO [main] org.apache.catalina.startup.ExpandWar.expand An expanded directory [/usr/local/tomcat/webapps/europass2#edci-wallet-swaggerUI] was found with a last modified time that did not match the associated WAR. It will be deleted.
27-Feb-2024 04:02:16.905 INFO [main] org.apache.jasper.servlet.TldScanner.scanJars At least one JAR was scanned for TLDs yet contained no TLDs. Enable debug logging for this logger for a complete list of JARs that were scanned but no TLDs were found in them. Skipping unneeded JARs during scanning can improve startup time and JSP compilation time.
27-Feb-2024 04:02:16.976 INFO [main] org.apache.catalina.startup.HostConfig.deployWAR Deployment of web application archive [/usr/local/tomcat/webapps/europass2#edci-wallet-swaggerUI.war] has finished in [12,902] ms
27-Feb-2024 04:02:16.977 INFO [main] org.apache.catalina.startup.HostConfig.deployWAR Deploying web application archive [/usr/local/tomcat/webapps/europass2#edci-wallet.war]
27-Feb-2024 04:02:16.979 INFO [main] org.apache.catalina.startup.ExpandWar.expand An expanded directory [/usr/local/tomcat/webapps/europass2#edci-wallet] was found with a last modified time that did not match the associated WAR. It will be deleted.
27-Feb-2024 04:02:22.521 INFO [main] org.apache.jasper.servlet.TldScanner.scanJars At least one JAR was scanned for TLDs yet contained no TLDs. Enable debug logging for this logger for a complete list of JARs that were scanned but no TLDs were found in them. Skipping unneeded JARs during scanning can improve startup time and JSP compilation time.
27-Feb-2024 04:02:32.388 INFO [main] liquibase.lockservice.null Successfully acquired change log lock
27-Feb-2024 04:02:32.398 INFO [main] liquibase.servicelocator.null Cannot load service: liquibase.parser.ChangeLogParser: liquibase.parser.core.json.JsonChangeLogParser Unable to get public no-arg constructor
27-Feb-2024 04:02:32.401 INFO [main] liquibase.servicelocator.null Cannot load service: liquibase.parser.ChangeLogParser: liquibase.parser.core.yaml.YamlChangeLogParser Unable to get public no-arg constructor
27-Feb-2024 04:02:33.883 INFO [main] liquibase.changelog.null Reading from edci.DATABASECHANGELOG
27-Feb-2024 04:02:33.925 INFO [main] liquibase.servicelocator.null Cannot load service: liquibase.hub.HubService: Provider liquibase.hub.core.StandardHubService could not be instantiated
27-Feb-2024 04:02:33.949 INFO [main] liquibase.lockservice.null Successfully released change log lock
27-Feb-2024 04:02:34.961 INFO [main] liquibase.lockservice.null Successfully acquired change log lock
27-Feb-2024 04:02:37.549 INFO [main] liquibase.changelog.null Reading from edci.DATABASECHANGELOG
27-Feb-2024 04:02:37.577 INFO [main] liquibase.lockservice.null Successfully released change log lock
27-Feb-2024 04:02:37.631 INFO [main] org.apache.catalina.startup.HostConfig.deployWAR Deployment of web application archive [/usr/local/tomcat/webapps/europass2#edci-wallet.war] has finished in [20,654] ms
27-Feb-2024 04:02:37.650 INFO [main] org.apache.coyote.AbstractProtocol.start Starting ProtocolHandler ["http-nio-8080"]
27-Feb-2024 04:02:37.744 INFO [main] org.apache.catalina.startup.Catalina.start Server startup in [33801] milliseconds
27-Feb-2024 04:51:06.443 INFO [main] org.apache.catalina.startup.VersionLoggerListener.log Server version name:   Apache Tomcat/9.0.69
27-Feb-2024 04:51:06.446 INFO [main] org.apache.catalina.startup.VersionLoggerListener.log Server built:          Nov 9 2022 18:43:47 UTC
27-Feb-2024 04:51:06.447 INFO [main] org.apache.catalina.startup.VersionLoggerListener.log Server version number: 9.0.69.0
27-Feb-2024 04:51:06.447 INFO [main] org.apache.catalina.startup.VersionLoggerListener.log OS Name:               Linux
27-Feb-2024 04:51:06.447 INFO [main] org.apache.catalina.startup.VersionLoggerListener.log OS Version:            6.5.0-21-generic
27-Feb-2024 04:51:06.447 INFO [main] org.apache.catalina.startup.VersionLoggerListener.log Architecture:          amd64
27-Feb-2024 04:51:06.447 INFO [main] org.apache.catalina.startup.VersionLoggerListener.log Java Home:             /opt/java/openjdk
27-Feb-2024 04:51:06.447 INFO [main] org.apache.catalina.startup.VersionLoggerListener.log JVM Version:           11.0.17+8
27-Feb-2024 04:51:06.448 INFO [main] org.apache.catalina.startup.VersionLoggerListener.log JVM Vendor:            Eclipse Adoptium
27-Feb-2024 04:51:06.448 INFO [main] org.apache.catalina.startup.VersionLoggerListener.log CATALINA_BASE:         /usr/local/tomcat
27-Feb-2024 04:51:06.448 INFO [main] org.apache.catalina.startup.VersionLoggerListener.log CATALINA_HOME:         /usr/local/tomcat
27-Feb-2024 04:51:06.532 INFO [main] org.apache.catalina.startup.VersionLoggerListener.log Command line argument: --add-opens=java.base/java.lang=ALL-UNNAMED
27-Feb-2024 04:51:06.532 INFO [main] org.apache.catalina.startup.VersionLoggerListener.log Command line argument: --add-opens=java.base/java.io=ALL-UNNAMED
27-Feb-2024 04:51:06.532 INFO [main] org.apache.catalina.startup.VersionLoggerListener.log Command line argument: --add-opens=java.base/java.util=ALL-UNNAMED
27-Feb-2024 04:51:06.534 INFO [main] org.apache.catalina.startup.VersionLoggerListener.log Command line argument: --add-opens=java.base/java.util.concurrent=ALL-UNNAMED
27-Feb-2024 04:51:06.534 INFO [main] org.apache.catalina.startup.VersionLoggerListener.log Command line argument: --add-opens=java.rmi/sun.rmi.transport=ALL-UNNAMED
27-Feb-2024 04:51:06.536 INFO [main] org.apache.catalina.startup.VersionLoggerListener.log Command line argument: -Djava.util.logging.config.file=/usr/local/tomcat/conf/logging.properties
27-Feb-2024 04:51:06.536 INFO [main] org.apache.catalina.startup.VersionLoggerListener.log Command line argument: -Djava.util.logging.manager=org.apache.juli.ClassLoaderLogManager
27-Feb-2024 04:51:06.536 INFO [main] org.apache.catalina.startup.VersionLoggerListener.log Command line argument: -Djdk.tls.ephemeralDHKeySize=2048
27-Feb-2024 04:51:06.536 INFO [main] org.apache.catalina.startup.VersionLoggerListener.log Command line argument: -Djava.protocol.handler.pkgs=org.apache.catalina.webresources
27-Feb-2024 04:51:06.537 INFO [main] org.apache.catalina.startup.VersionLoggerListener.log Command line argument: -Dorg.apache.catalina.security.SecurityListener.UMASK=0027
27-Feb-2024 04:51:06.537 INFO [main] org.apache.catalina.startup.VersionLoggerListener.log Command line argument: -agentlib:jdwp=transport=dt_socket,address=*:8000,server=y,suspend=n
27-Feb-2024 04:51:06.537 INFO [main] org.apache.catalina.startup.VersionLoggerListener.log Command line argument: -Dignore.endorsed.dirs=
27-Feb-2024 04:51:06.537 INFO [main] org.apache.catalina.startup.VersionLoggerListener.log Command line argument: -Dcatalina.base=/usr/local/tomcat
27-Feb-2024 04:51:06.537 INFO [main] org.apache.catalina.startup.VersionLoggerListener.log Command line argument: -Dcatalina.home=/usr/local/tomcat
27-Feb-2024 04:51:06.537 INFO [main] org.apache.catalina.startup.VersionLoggerListener.log Command line argument: -Djava.io.tmpdir=/usr/local/tomcat/temp
27-Feb-2024 04:51:06.576 INFO [main] org.apache.catalina.core.AprLifecycleListener.lifecycleEvent Loaded Apache Tomcat Native library [1.2.35] using APR version [1.7.0].
27-Feb-2024 04:51:06.577 INFO [main] org.apache.catalina.core.AprLifecycleListener.lifecycleEvent APR capabilities: IPv6 [true], sendfile [true], accept filters [false], random [true], UDS [true].
27-Feb-2024 04:51:06.577 INFO [main] org.apache.catalina.core.AprLifecycleListener.lifecycleEvent APR/OpenSSL configuration: useAprConnector [false], useOpenSSL [true]
27-Feb-2024 04:51:06.653 INFO [main] org.apache.catalina.core.AprLifecycleListener.initializeSSL OpenSSL successfully initialized [OpenSSL 3.0.2 15 Mar 2022]
27-Feb-2024 04:51:07.451 INFO [main] org.apache.coyote.AbstractProtocol.init Initializing ProtocolHandler ["http-nio-8080"]
27-Feb-2024 04:51:07.546 INFO [main] org.apache.catalina.startup.Catalina.load Server initialization in [1608] milliseconds
27-Feb-2024 04:51:07.646 INFO [main] org.apache.catalina.core.StandardService.startInternal Starting service [Catalina]
27-Feb-2024 04:51:07.646 INFO [main] org.apache.catalina.core.StandardEngine.startInternal Starting Servlet engine: [Apache Tomcat/9.0.69]
27-Feb-2024 04:51:07.664 INFO [main] org.apache.catalina.startup.HostConfig.deployWAR Deploying web application archive [/usr/local/tomcat/webapps/europass2#edci-wallet-swaggerUI.war]
27-Feb-2024 04:51:07.700 INFO [main] org.apache.catalina.startup.ExpandWar.expand An expanded directory [/usr/local/tomcat/webapps/europass2#edci-wallet-swaggerUI] was found with a last modified time that did not match the associated WAR. It will be deleted.
27-Feb-2024 04:51:21.171 INFO [main] org.apache.jasper.servlet.TldScanner.scanJars At least one JAR was scanned for TLDs yet contained no TLDs. Enable debug logging for this logger for a complete list of JARs that were scanned but no TLDs were found in them. Skipping unneeded JARs during scanning can improve startup time and JSP compilation time.
27-Feb-2024 04:51:21.249 INFO [main] org.apache.catalina.startup.HostConfig.deployWAR Deployment of web application archive [/usr/local/tomcat/webapps/europass2#edci-wallet-swaggerUI.war] has finished in [13,584] ms
27-Feb-2024 04:51:21.259 INFO [main] org.apache.catalina.startup.HostConfig.deployWAR Deploying web application archive [/usr/local/tomcat/webapps/europass2#edci-wallet.war]
27-Feb-2024 04:51:21.267 INFO [main] org.apache.catalina.startup.ExpandWar.expand An expanded directory [/usr/local/tomcat/webapps/europass2#edci-wallet] was found with a last modified time that did not match the associated WAR. It will be deleted.
27-Feb-2024 04:51:28.166 INFO [main] org.apache.jasper.servlet.TldScanner.scanJars At least one JAR was scanned for TLDs yet contained no TLDs. Enable debug logging for this logger for a complete list of JARs that were scanned but no TLDs were found in them. Skipping unneeded JARs during scanning can improve startup time and JSP compilation time.
27-Feb-2024 04:51:37.690 INFO [main] liquibase.lockservice.null Successfully acquired change log lock
27-Feb-2024 04:51:37.704 INFO [main] liquibase.servicelocator.null Cannot load service: liquibase.parser.ChangeLogParser: liquibase.parser.core.json.JsonChangeLogParser Unable to get public no-arg constructor
27-Feb-2024 04:51:37.715 INFO [main] liquibase.servicelocator.null Cannot load service: liquibase.parser.ChangeLogParser: liquibase.parser.core.yaml.YamlChangeLogParser Unable to get public no-arg constructor
27-Feb-2024 04:51:39.541 INFO [main] liquibase.changelog.null Reading from edci.DATABASECHANGELOG
27-Feb-2024 04:51:39.576 INFO [main] liquibase.servicelocator.null Cannot load service: liquibase.hub.HubService: Provider liquibase.hub.core.StandardHubService could not be instantiated
27-Feb-2024 04:51:39.617 INFO [main] liquibase.lockservice.null Successfully released change log lock
27-Feb-2024 04:51:40.597 INFO [main] liquibase.lockservice.null Successfully acquired change log lock
27-Feb-2024 04:51:41.686 INFO [main] liquibase.changelog.null Reading from edci.DATABASECHANGELOG
27-Feb-2024 04:51:41.749 INFO [main] liquibase.lockservice.null Successfully released change log lock
27-Feb-2024 04:51:41.786 INFO [main] org.apache.catalina.startup.HostConfig.deployWAR Deployment of web application archive [/usr/local/tomcat/webapps/europass2#edci-wallet.war] has finished in [20,527] ms
27-Feb-2024 04:51:41.801 INFO [main] org.apache.coyote.AbstractProtocol.start Starting ProtocolHandler ["http-nio-8080"]
27-Feb-2024 04:51:41.835 INFO [main] org.apache.catalina.startup.Catalina.start Server startup in [34288] milliseconds
