27-Feb-2024 00:40:48.727 INFO [main] org.apache.catalina.startup.VersionLoggerListener.log Server version name:   Apache Tomcat/9.0.69
27-Feb-2024 00:40:48.735 INFO [main] org.apache.catalina.startup.VersionLoggerListener.log Server built:          Nov 9 2022 18:43:47 UTC
27-Feb-2024 00:40:48.736 INFO [main] org.apache.catalina.startup.VersionLoggerListener.log Server version number: 9.0.69.0
27-Feb-2024 00:40:48.736 INFO [main] org.apache.catalina.startup.VersionLoggerListener.log OS Name:               Linux
27-Feb-2024 00:40:48.736 INFO [main] org.apache.catalina.startup.VersionLoggerListener.log OS Version:            6.5.0-21-generic
27-Feb-2024 00:40:48.736 INFO [main] org.apache.catalina.startup.VersionLoggerListener.log Architecture:          amd64
27-Feb-2024 00:40:48.736 INFO [main] org.apache.catalina.startup.VersionLoggerListener.log Java Home:             /opt/java/openjdk
27-Feb-2024 00:40:48.737 INFO [main] org.apache.catalina.startup.VersionLoggerListener.log JVM Version:           11.0.17+8
27-Feb-2024 00:40:48.737 INFO [main] org.apache.catalina.startup.VersionLoggerListener.log JVM Vendor:            Eclipse Adoptium
27-Feb-2024 00:40:48.737 INFO [main] org.apache.catalina.startup.VersionLoggerListener.log CATALINA_BASE:         /usr/local/tomcat
27-Feb-2024 00:40:48.737 INFO [main] org.apache.catalina.startup.VersionLoggerListener.log CATALINA_HOME:         /usr/local/tomcat
27-Feb-2024 00:40:48.775 INFO [main] org.apache.catalina.startup.VersionLoggerListener.log Command line argument: --add-opens=java.base/java.lang=ALL-UNNAMED
27-Feb-2024 00:40:48.776 INFO [main] org.apache.catalina.startup.VersionLoggerListener.log Command line argument: --add-opens=java.base/java.io=ALL-UNNAMED
27-Feb-2024 00:40:48.776 INFO [main] org.apache.catalina.startup.VersionLoggerListener.log Command line argument: --add-opens=java.base/java.util=ALL-UNNAMED
27-Feb-2024 00:40:48.776 INFO [main] org.apache.catalina.startup.VersionLoggerListener.log Command line argument: --add-opens=java.base/java.util.concurrent=ALL-UNNAMED
27-Feb-2024 00:40:48.776 INFO [main] org.apache.catalina.startup.VersionLoggerListener.log Command line argument: --add-opens=java.rmi/sun.rmi.transport=ALL-UNNAMED
27-Feb-2024 00:40:48.776 INFO [main] org.apache.catalina.startup.VersionLoggerListener.log Command line argument: -Djava.util.logging.config.file=/usr/local/tomcat/conf/logging.properties
27-Feb-2024 00:40:48.776 INFO [main] org.apache.catalina.startup.VersionLoggerListener.log Command line argument: -Djava.util.logging.manager=org.apache.juli.ClassLoaderLogManager
27-Feb-2024 00:40:48.777 INFO [main] org.apache.catalina.startup.VersionLoggerListener.log Command line argument: -Djdk.tls.ephemeralDHKeySize=2048
27-Feb-2024 00:40:48.777 INFO [main] org.apache.catalina.startup.VersionLoggerListener.log Command line argument: -Djava.protocol.handler.pkgs=org.apache.catalina.webresources
27-Feb-2024 00:40:48.778 INFO [main] org.apache.catalina.startup.VersionLoggerListener.log Command line argument: -Dorg.apache.catalina.security.SecurityListener.UMASK=0027
27-Feb-2024 00:40:48.792 INFO [main] org.apache.catalina.startup.VersionLoggerListener.log Command line argument: -agentlib:jdwp=transport=dt_socket,address=*:8000,server=y,suspend=n
27-Feb-2024 00:40:48.793 INFO [main] org.apache.catalina.startup.VersionLoggerListener.log Command line argument: -Dignore.endorsed.dirs=
27-Feb-2024 00:40:48.793 INFO [main] org.apache.catalina.startup.VersionLoggerListener.log Command line argument: -Dcatalina.base=/usr/local/tomcat
27-Feb-2024 00:40:48.793 INFO [main] org.apache.catalina.startup.VersionLoggerListener.log Command line argument: -Dcatalina.home=/usr/local/tomcat
27-Feb-2024 00:40:48.793 INFO [main] org.apache.catalina.startup.VersionLoggerListener.log Command line argument: -Djava.io.tmpdir=/usr/local/tomcat/temp
27-Feb-2024 00:40:48.844 INFO [main] org.apache.catalina.core.AprLifecycleListener.lifecycleEvent Loaded Apache Tomcat Native library [1.2.35] using APR version [1.7.0].
27-Feb-2024 00:40:48.844 INFO [main] org.apache.catalina.core.AprLifecycleListener.lifecycleEvent APR capabilities: IPv6 [true], sendfile [true], accept filters [false], random [true], UDS [true].
27-Feb-2024 00:40:48.845 INFO [main] org.apache.catalina.core.AprLifecycleListener.lifecycleEvent APR/OpenSSL configuration: useAprConnector [false], useOpenSSL [true]
27-Feb-2024 00:40:48.867 INFO [main] org.apache.catalina.core.AprLifecycleListener.initializeSSL OpenSSL successfully initialized [OpenSSL 3.0.2 15 Mar 2022]
27-Feb-2024 00:40:49.619 INFO [main] org.apache.coyote.AbstractProtocol.init Initializing ProtocolHandler ["http-nio-8080"]
27-Feb-2024 00:40:49.745 INFO [main] org.apache.catalina.startup.Catalina.load Server initialization in [1586] milliseconds
27-Feb-2024 00:40:49.902 INFO [main] org.apache.catalina.core.StandardService.startInternal Starting service [Catalina]
27-Feb-2024 00:40:49.902 INFO [main] org.apache.catalina.core.StandardEngine.startInternal Starting Servlet engine: [Apache Tomcat/9.0.69]
27-Feb-2024 00:40:49.922 INFO [main] org.apache.catalina.startup.HostConfig.deployWAR Deploying web application archive [/usr/local/tomcat/webapps/europass2#edci-viewer.war]
27-Feb-2024 00:40:49.945 INFO [main] org.apache.catalina.startup.ExpandWar.expand An expanded directory [/usr/local/tomcat/webapps/europass2#edci-viewer] was found with a last modified time that did not match the associated WAR. It will be deleted.
27-Feb-2024 00:40:57.563 INFO [main] org.apache.jasper.servlet.TldScanner.scanJars At least one JAR was scanned for TLDs yet contained no TLDs. Enable debug logging for this logger for a complete list of JARs that were scanned but no TLDs were found in them. Skipping unneeded JARs during scanning can improve startup time and JSP compilation time.
27-Feb-2024 00:41:03.846 INFO [main] org.apache.catalina.startup.HostConfig.deployWAR Deployment of web application archive [/usr/local/tomcat/webapps/europass2#edci-viewer.war] has finished in [13,924] ms
27-Feb-2024 00:41:03.854 INFO [main] org.apache.coyote.AbstractProtocol.start Starting ProtocolHandler ["http-nio-8080"]
27-Feb-2024 00:41:03.878 INFO [main] org.apache.catalina.startup.Catalina.start Server startup in [14132] milliseconds
27-Feb-2024 01:51:42.278 INFO [main] org.apache.catalina.startup.VersionLoggerListener.log Server version name:   Apache Tomcat/9.0.69
27-Feb-2024 01:51:42.297 INFO [main] org.apache.catalina.startup.VersionLoggerListener.log Server built:          Nov 9 2022 18:43:47 UTC
27-Feb-2024 01:51:42.297 INFO [main] org.apache.catalina.startup.VersionLoggerListener.log Server version number: 9.0.69.0
27-Feb-2024 01:51:42.297 INFO [main] org.apache.catalina.startup.VersionLoggerListener.log OS Name:               Linux
27-Feb-2024 01:51:42.298 INFO [main] org.apache.catalina.startup.VersionLoggerListener.log OS Version:            6.5.0-21-generic
27-Feb-2024 01:51:42.298 INFO [main] org.apache.catalina.startup.VersionLoggerListener.log Architecture:          amd64
27-Feb-2024 01:51:42.299 INFO [main] org.apache.catalina.startup.VersionLoggerListener.log Java Home:             /opt/java/openjdk
27-Feb-2024 01:51:42.299 INFO [main] org.apache.catalina.startup.VersionLoggerListener.log JVM Version:           11.0.17+8
27-Feb-2024 01:51:42.299 INFO [main] org.apache.catalina.startup.VersionLoggerListener.log JVM Vendor:            Eclipse Adoptium
27-Feb-2024 01:51:42.299 INFO [main] org.apache.catalina.startup.VersionLoggerListener.log CATALINA_BASE:         /usr/local/tomcat
27-Feb-2024 01:51:42.299 INFO [main] org.apache.catalina.startup.VersionLoggerListener.log CATALINA_HOME:         /usr/local/tomcat
27-Feb-2024 01:51:42.370 INFO [main] org.apache.catalina.startup.VersionLoggerListener.log Command line argument: --add-opens=java.base/java.lang=ALL-UNNAMED
27-Feb-2024 01:51:42.374 INFO [main] org.apache.catalina.startup.VersionLoggerListener.log Command line argument: --add-opens=java.base/java.io=ALL-UNNAMED
27-Feb-2024 01:51:42.374 INFO [main] org.apache.catalina.startup.VersionLoggerListener.log Command line argument: --add-opens=java.base/java.util=ALL-UNNAMED
27-Feb-2024 01:51:42.375 INFO [main] org.apache.catalina.startup.VersionLoggerListener.log Command line argument: --add-opens=java.base/java.util.concurrent=ALL-UNNAMED
27-Feb-2024 01:51:42.395 INFO [main] org.apache.catalina.startup.VersionLoggerListener.log Command line argument: --add-opens=java.rmi/sun.rmi.transport=ALL-UNNAMED
27-Feb-2024 01:51:42.395 INFO [main] org.apache.catalina.startup.VersionLoggerListener.log Command line argument: -Djava.util.logging.config.file=/usr/local/tomcat/conf/logging.properties
27-Feb-2024 01:51:42.395 INFO [main] org.apache.catalina.startup.VersionLoggerListener.log Command line argument: -Djava.util.logging.manager=org.apache.juli.ClassLoaderLogManager
27-Feb-2024 01:51:42.395 INFO [main] org.apache.catalina.startup.VersionLoggerListener.log Command line argument: -Djdk.tls.ephemeralDHKeySize=2048
27-Feb-2024 01:51:42.395 INFO [main] org.apache.catalina.startup.VersionLoggerListener.log Command line argument: -Djava.protocol.handler.pkgs=org.apache.catalina.webresources
27-Feb-2024 01:51:42.395 INFO [main] org.apache.catalina.startup.VersionLoggerListener.log Command line argument: -Dorg.apache.catalina.security.SecurityListener.UMASK=0027
27-Feb-2024 01:51:42.396 INFO [main] org.apache.catalina.startup.VersionLoggerListener.log Command line argument: -agentlib:jdwp=transport=dt_socket,address=*:8000,server=y,suspend=n
27-Feb-2024 01:51:42.396 INFO [main] org.apache.catalina.startup.VersionLoggerListener.log Command line argument: -Dignore.endorsed.dirs=
27-Feb-2024 01:51:42.396 INFO [main] org.apache.catalina.startup.VersionLoggerListener.log Command line argument: -Dcatalina.base=/usr/local/tomcat
27-Feb-2024 01:51:42.396 INFO [main] org.apache.catalina.startup.VersionLoggerListener.log Command line argument: -Dcatalina.home=/usr/local/tomcat
27-Feb-2024 01:51:42.396 INFO [main] org.apache.catalina.startup.VersionLoggerListener.log Command line argument: -Djava.io.tmpdir=/usr/local/tomcat/temp
27-Feb-2024 01:51:42.465 INFO [main] org.apache.catalina.core.AprLifecycleListener.lifecycleEvent Loaded Apache Tomcat Native library [1.2.35] using APR version [1.7.0].
27-Feb-2024 01:51:42.469 INFO [main] org.apache.catalina.core.AprLifecycleListener.lifecycleEvent APR capabilities: IPv6 [true], sendfile [true], accept filters [false], random [true], UDS [true].
27-Feb-2024 01:51:42.469 INFO [main] org.apache.catalina.core.AprLifecycleListener.lifecycleEvent APR/OpenSSL configuration: useAprConnector [false], useOpenSSL [true]
27-Feb-2024 01:51:42.551 INFO [main] org.apache.catalina.core.AprLifecycleListener.initializeSSL OpenSSL successfully initialized [OpenSSL 3.0.2 15 Mar 2022]
27-Feb-2024 01:51:43.459 INFO [main] org.apache.coyote.AbstractProtocol.init Initializing ProtocolHandler ["http-nio-8080"]
27-Feb-2024 01:51:43.539 INFO [main] org.apache.catalina.startup.Catalina.load Server initialization in [2001] milliseconds
27-Feb-2024 01:51:43.659 INFO [main] org.apache.catalina.core.StandardService.startInternal Starting service [Catalina]
27-Feb-2024 01:51:43.660 INFO [main] org.apache.catalina.core.StandardEngine.startInternal Starting Servlet engine: [Apache Tomcat/9.0.69]
27-Feb-2024 01:51:43.686 INFO [main] org.apache.catalina.startup.HostConfig.deployWAR Deploying web application archive [/usr/local/tomcat/webapps/europass2#edci-viewer.war]
27-Feb-2024 01:51:43.702 INFO [main] org.apache.catalina.startup.ExpandWar.expand An expanded directory [/usr/local/tomcat/webapps/europass2#edci-viewer] was found with a last modified time that did not match the associated WAR. It will be deleted.
27-Feb-2024 01:51:52.654 INFO [main] org.apache.jasper.servlet.TldScanner.scanJars At least one JAR was scanned for TLDs yet contained no TLDs. Enable debug logging for this logger for a complete list of JARs that were scanned but no TLDs were found in them. Skipping unneeded JARs during scanning can improve startup time and JSP compilation time.
27-Feb-2024 01:51:58.400 INFO [main] org.apache.catalina.startup.HostConfig.deployWAR Deployment of web application archive [/usr/local/tomcat/webapps/europass2#edci-viewer.war] has finished in [14,715] ms
27-Feb-2024 01:51:58.414 INFO [main] org.apache.coyote.AbstractProtocol.start Starting ProtocolHandler ["http-nio-8080"]
27-Feb-2024 01:51:58.497 INFO [main] org.apache.catalina.startup.Catalina.start Server startup in [14955] milliseconds
27-Feb-2024 02:01:46.128 INFO [main] org.apache.catalina.startup.VersionLoggerListener.log Server version name:   Apache Tomcat/9.0.69
27-Feb-2024 02:01:46.136 INFO [main] org.apache.catalina.startup.VersionLoggerListener.log Server built:          Nov 9 2022 18:43:47 UTC
27-Feb-2024 02:01:46.136 INFO [main] org.apache.catalina.startup.VersionLoggerListener.log Server version number: 9.0.69.0
27-Feb-2024 02:01:46.138 INFO [main] org.apache.catalina.startup.VersionLoggerListener.log OS Name:               Linux
27-Feb-2024 02:01:46.140 INFO [main] org.apache.catalina.startup.VersionLoggerListener.log OS Version:            6.5.0-21-generic
27-Feb-2024 02:01:46.140 INFO [main] org.apache.catalina.startup.VersionLoggerListener.log Architecture:          amd64
27-Feb-2024 02:01:46.141 INFO [main] org.apache.catalina.startup.VersionLoggerListener.log Java Home:             /opt/java/openjdk
27-Feb-2024 02:01:46.141 INFO [main] org.apache.catalina.startup.VersionLoggerListener.log JVM Version:           11.0.17+8
27-Feb-2024 02:01:46.141 INFO [main] org.apache.catalina.startup.VersionLoggerListener.log JVM Vendor:            Eclipse Adoptium
27-Feb-2024 02:01:46.141 INFO [main] org.apache.catalina.startup.VersionLoggerListener.log CATALINA_BASE:         /usr/local/tomcat
27-Feb-2024 02:01:46.141 INFO [main] org.apache.catalina.startup.VersionLoggerListener.log CATALINA_HOME:         /usr/local/tomcat
27-Feb-2024 02:01:46.285 INFO [main] org.apache.catalina.startup.VersionLoggerListener.log Command line argument: --add-opens=java.base/java.lang=ALL-UNNAMED
27-Feb-2024 02:01:46.289 INFO [main] org.apache.catalina.startup.VersionLoggerListener.log Command line argument: --add-opens=java.base/java.io=ALL-UNNAMED
27-Feb-2024 02:01:46.289 INFO [main] org.apache.catalina.startup.VersionLoggerListener.log Command line argument: --add-opens=java.base/java.util=ALL-UNNAMED
27-Feb-2024 02:01:46.289 INFO [main] org.apache.catalina.startup.VersionLoggerListener.log Command line argument: --add-opens=java.base/java.util.concurrent=ALL-UNNAMED
27-Feb-2024 02:01:46.289 INFO [main] org.apache.catalina.startup.VersionLoggerListener.log Command line argument: --add-opens=java.rmi/sun.rmi.transport=ALL-UNNAMED
27-Feb-2024 02:01:46.289 INFO [main] org.apache.catalina.startup.VersionLoggerListener.log Command line argument: -Djava.util.logging.config.file=/usr/local/tomcat/conf/logging.properties
27-Feb-2024 02:01:46.289 INFO [main] org.apache.catalina.startup.VersionLoggerListener.log Command line argument: -Djava.util.logging.manager=org.apache.juli.ClassLoaderLogManager
27-Feb-2024 02:01:46.290 INFO [main] org.apache.catalina.startup.VersionLoggerListener.log Command line argument: -Djdk.tls.ephemeralDHKeySize=2048
27-Feb-2024 02:01:46.290 INFO [main] org.apache.catalina.startup.VersionLoggerListener.log Command line argument: -Djava.protocol.handler.pkgs=org.apache.catalina.webresources
27-Feb-2024 02:01:46.290 INFO [main] org.apache.catalina.startup.VersionLoggerListener.log Command line argument: -Dorg.apache.catalina.security.SecurityListener.UMASK=0027
27-Feb-2024 02:01:46.290 INFO [main] org.apache.catalina.startup.VersionLoggerListener.log Command line argument: -agentlib:jdwp=transport=dt_socket,address=*:8000,server=y,suspend=n
27-Feb-2024 02:01:46.290 INFO [main] org.apache.catalina.startup.VersionLoggerListener.log Command line argument: -Dignore.endorsed.dirs=
27-Feb-2024 02:01:46.290 INFO [main] org.apache.catalina.startup.VersionLoggerListener.log Command line argument: -Dcatalina.base=/usr/local/tomcat
27-Feb-2024 02:01:46.290 INFO [main] org.apache.catalina.startup.VersionLoggerListener.log Command line argument: -Dcatalina.home=/usr/local/tomcat
27-Feb-2024 02:01:46.290 INFO [main] org.apache.catalina.startup.VersionLoggerListener.log Command line argument: -Djava.io.tmpdir=/usr/local/tomcat/temp
27-Feb-2024 02:01:46.370 INFO [main] org.apache.catalina.core.AprLifecycleListener.lifecycleEvent Loaded Apache Tomcat Native library [1.2.35] using APR version [1.7.0].
27-Feb-2024 02:01:46.370 INFO [main] org.apache.catalina.core.AprLifecycleListener.lifecycleEvent APR capabilities: IPv6 [true], sendfile [true], accept filters [false], random [true], UDS [true].
27-Feb-2024 02:01:46.370 INFO [main] org.apache.catalina.core.AprLifecycleListener.lifecycleEvent APR/OpenSSL configuration: useAprConnector [false], useOpenSSL [true]
27-Feb-2024 02:01:46.399 INFO [main] org.apache.catalina.core.AprLifecycleListener.initializeSSL OpenSSL successfully initialized [OpenSSL 3.0.2 15 Mar 2022]
27-Feb-2024 02:01:47.437 INFO [main] org.apache.coyote.AbstractProtocol.init Initializing ProtocolHandler ["http-nio-8080"]
27-Feb-2024 02:01:47.481 INFO [main] org.apache.catalina.startup.Catalina.load Server initialization in [2002] milliseconds
27-Feb-2024 02:01:47.584 INFO [main] org.apache.catalina.core.StandardService.startInternal Starting service [Catalina]
27-Feb-2024 02:01:47.587 INFO [main] org.apache.catalina.core.StandardEngine.startInternal Starting Servlet engine: [Apache Tomcat/9.0.69]
27-Feb-2024 02:01:47.611 INFO [main] org.apache.catalina.startup.HostConfig.deployWAR Deploying web application archive [/usr/local/tomcat/webapps/europass2#edci-viewer.war]
27-Feb-2024 02:01:47.654 INFO [main] org.apache.catalina.startup.ExpandWar.expand An expanded directory [/usr/local/tomcat/webapps/europass2#edci-viewer] was found with a last modified time that did not match the associated WAR. It will be deleted.
27-Feb-2024 02:01:55.317 INFO [main] org.apache.jasper.servlet.TldScanner.scanJars At least one JAR was scanned for TLDs yet contained no TLDs. Enable debug logging for this logger for a complete list of JARs that were scanned but no TLDs were found in them. Skipping unneeded JARs during scanning can improve startup time and JSP compilation time.
27-Feb-2024 02:02:02.530 INFO [main] org.apache.catalina.startup.HostConfig.deployWAR Deployment of web application archive [/usr/local/tomcat/webapps/europass2#edci-viewer.war] has finished in [14,920] ms
27-Feb-2024 02:02:02.535 INFO [main] org.apache.coyote.AbstractProtocol.start Starting ProtocolHandler ["http-nio-8080"]
27-Feb-2024 02:02:02.670 INFO [main] org.apache.catalina.startup.Catalina.start Server startup in [15187] milliseconds
27-Feb-2024 02:19:06.207 INFO [main] org.apache.catalina.startup.VersionLoggerListener.log Server version name:   Apache Tomcat/9.0.69
27-Feb-2024 02:19:06.214 INFO [main] org.apache.catalina.startup.VersionLoggerListener.log Server built:          Nov 9 2022 18:43:47 UTC
27-Feb-2024 02:19:06.222 INFO [main] org.apache.catalina.startup.VersionLoggerListener.log Server version number: 9.0.69.0
27-Feb-2024 02:19:06.222 INFO [main] org.apache.catalina.startup.VersionLoggerListener.log OS Name:               Linux
27-Feb-2024 02:19:06.222 INFO [main] org.apache.catalina.startup.VersionLoggerListener.log OS Version:            6.5.0-21-generic
27-Feb-2024 02:19:06.222 INFO [main] org.apache.catalina.startup.VersionLoggerListener.log Architecture:          amd64
27-Feb-2024 02:19:06.226 INFO [main] org.apache.catalina.startup.VersionLoggerListener.log Java Home:             /opt/java/openjdk
27-Feb-2024 02:19:06.227 INFO [main] org.apache.catalina.startup.VersionLoggerListener.log JVM Version:           11.0.17+8
27-Feb-2024 02:19:06.229 INFO [main] org.apache.catalina.startup.VersionLoggerListener.log JVM Vendor:            Eclipse Adoptium
27-Feb-2024 02:19:06.230 INFO [main] org.apache.catalina.startup.VersionLoggerListener.log CATALINA_BASE:         /usr/local/tomcat
27-Feb-2024 02:19:06.231 INFO [main] org.apache.catalina.startup.VersionLoggerListener.log CATALINA_HOME:         /usr/local/tomcat
27-Feb-2024 02:19:06.327 INFO [main] org.apache.catalina.startup.VersionLoggerListener.log Command line argument: --add-opens=java.base/java.lang=ALL-UNNAMED
27-Feb-2024 02:19:06.330 INFO [main] org.apache.catalina.startup.VersionLoggerListener.log Command line argument: --add-opens=java.base/java.io=ALL-UNNAMED
27-Feb-2024 02:19:06.330 INFO [main] org.apache.catalina.startup.VersionLoggerListener.log Command line argument: --add-opens=java.base/java.util=ALL-UNNAMED
27-Feb-2024 02:19:06.330 INFO [main] org.apache.catalina.startup.VersionLoggerListener.log Command line argument: --add-opens=java.base/java.util.concurrent=ALL-UNNAMED
27-Feb-2024 02:19:06.330 INFO [main] org.apache.catalina.startup.VersionLoggerListener.log Command line argument: --add-opens=java.rmi/sun.rmi.transport=ALL-UNNAMED
27-Feb-2024 02:19:06.330 INFO [main] org.apache.catalina.startup.VersionLoggerListener.log Command line argument: -Djava.util.logging.config.file=/usr/local/tomcat/conf/logging.properties
27-Feb-2024 02:19:06.332 INFO [main] org.apache.catalina.startup.VersionLoggerListener.log Command line argument: -Djava.util.logging.manager=org.apache.juli.ClassLoaderLogManager
27-Feb-2024 02:19:06.334 INFO [main] org.apache.catalina.startup.VersionLoggerListener.log Command line argument: -Djdk.tls.ephemeralDHKeySize=2048
27-Feb-2024 02:19:06.334 INFO [main] org.apache.catalina.startup.VersionLoggerListener.log Command line argument: -Djava.protocol.handler.pkgs=org.apache.catalina.webresources
27-Feb-2024 02:19:06.334 INFO [main] org.apache.catalina.startup.VersionLoggerListener.log Command line argument: -Dorg.apache.catalina.security.SecurityListener.UMASK=0027
27-Feb-2024 02:19:06.334 INFO [main] org.apache.catalina.startup.VersionLoggerListener.log Command line argument: -agentlib:jdwp=transport=dt_socket,address=*:8000,server=y,suspend=n
27-Feb-2024 02:19:06.334 INFO [main] org.apache.catalina.startup.VersionLoggerListener.log Command line argument: -Dignore.endorsed.dirs=
27-Feb-2024 02:19:06.334 INFO [main] org.apache.catalina.startup.VersionLoggerListener.log Command line argument: -Dcatalina.base=/usr/local/tomcat
27-Feb-2024 02:19:06.335 INFO [main] org.apache.catalina.startup.VersionLoggerListener.log Command line argument: -Dcatalina.home=/usr/local/tomcat
27-Feb-2024 02:19:06.337 INFO [main] org.apache.catalina.startup.VersionLoggerListener.log Command line argument: -Djava.io.tmpdir=/usr/local/tomcat/temp
27-Feb-2024 02:19:06.350 INFO [main] org.apache.catalina.core.AprLifecycleListener.lifecycleEvent Loaded Apache Tomcat Native library [1.2.35] using APR version [1.7.0].
27-Feb-2024 02:19:06.352 INFO [main] org.apache.catalina.core.AprLifecycleListener.lifecycleEvent APR capabilities: IPv6 [true], sendfile [true], accept filters [false], random [true], UDS [true].
27-Feb-2024 02:19:06.352 INFO [main] org.apache.catalina.core.AprLifecycleListener.lifecycleEvent APR/OpenSSL configuration: useAprConnector [false], useOpenSSL [true]
27-Feb-2024 02:19:06.366 INFO [main] org.apache.catalina.core.AprLifecycleListener.initializeSSL OpenSSL successfully initialized [OpenSSL 3.0.2 15 Mar 2022]
27-Feb-2024 02:19:07.194 INFO [main] org.apache.coyote.AbstractProtocol.init Initializing ProtocolHandler ["http-nio-8080"]
27-Feb-2024 02:19:07.275 INFO [main] org.apache.catalina.startup.Catalina.load Server initialization in [1880] milliseconds
27-Feb-2024 02:19:07.441 INFO [main] org.apache.catalina.core.StandardService.startInternal Starting service [Catalina]
27-Feb-2024 02:19:07.442 INFO [main] org.apache.catalina.core.StandardEngine.startInternal Starting Servlet engine: [Apache Tomcat/9.0.69]
27-Feb-2024 02:19:07.462 INFO [main] org.apache.catalina.startup.HostConfig.deployWAR Deploying web application archive [/usr/local/tomcat/webapps/europass2#edci-viewer.war]
27-Feb-2024 02:19:07.479 INFO [main] org.apache.catalina.startup.ExpandWar.expand An expanded directory [/usr/local/tomcat/webapps/europass2#edci-viewer] was found with a last modified time that did not match the associated WAR. It will be deleted.
27-Feb-2024 02:19:14.662 INFO [main] org.apache.jasper.servlet.TldScanner.scanJars At least one JAR was scanned for TLDs yet contained no TLDs. Enable debug logging for this logger for a complete list of JARs that were scanned but no TLDs were found in them. Skipping unneeded JARs during scanning can improve startup time and JSP compilation time.
27-Feb-2024 02:19:20.480 INFO [main] org.apache.catalina.startup.HostConfig.deployWAR Deployment of web application archive [/usr/local/tomcat/webapps/europass2#edci-viewer.war] has finished in [13,018] ms
27-Feb-2024 02:19:20.499 INFO [main] org.apache.coyote.AbstractProtocol.start Starting ProtocolHandler ["http-nio-8080"]
27-Feb-2024 02:19:20.556 INFO [main] org.apache.catalina.startup.Catalina.start Server startup in [13280] milliseconds
27-Feb-2024 03:09:25.905 INFO [main] org.apache.catalina.startup.VersionLoggerListener.log Server version name:   Apache Tomcat/9.0.69
27-Feb-2024 03:09:25.915 INFO [main] org.apache.catalina.startup.VersionLoggerListener.log Server built:          Nov 9 2022 18:43:47 UTC
27-Feb-2024 03:09:25.915 INFO [main] org.apache.catalina.startup.VersionLoggerListener.log Server version number: 9.0.69.0
27-Feb-2024 03:09:25.915 INFO [main] org.apache.catalina.startup.VersionLoggerListener.log OS Name:               Linux
27-Feb-2024 03:09:25.915 INFO [main] org.apache.catalina.startup.VersionLoggerListener.log OS Version:            6.5.0-21-generic
27-Feb-2024 03:09:25.915 INFO [main] org.apache.catalina.startup.VersionLoggerListener.log Architecture:          amd64
27-Feb-2024 03:09:25.915 INFO [main] org.apache.catalina.startup.VersionLoggerListener.log Java Home:             /opt/java/openjdk
27-Feb-2024 03:09:25.915 INFO [main] org.apache.catalina.startup.VersionLoggerListener.log JVM Version:           11.0.17+8
27-Feb-2024 03:09:25.915 INFO [main] org.apache.catalina.startup.VersionLoggerListener.log JVM Vendor:            Eclipse Adoptium
27-Feb-2024 03:09:25.915 INFO [main] org.apache.catalina.startup.VersionLoggerListener.log CATALINA_BASE:         /usr/local/tomcat
27-Feb-2024 03:09:25.915 INFO [main] org.apache.catalina.startup.VersionLoggerListener.log CATALINA_HOME:         /usr/local/tomcat
27-Feb-2024 03:09:25.999 INFO [main] org.apache.catalina.startup.VersionLoggerListener.log Command line argument: --add-opens=java.base/java.lang=ALL-UNNAMED
27-Feb-2024 03:09:26.000 INFO [main] org.apache.catalina.startup.VersionLoggerListener.log Command line argument: --add-opens=java.base/java.io=ALL-UNNAMED
27-Feb-2024 03:09:26.001 INFO [main] org.apache.catalina.startup.VersionLoggerListener.log Command line argument: --add-opens=java.base/java.util=ALL-UNNAMED
27-Feb-2024 03:09:26.001 INFO [main] org.apache.catalina.startup.VersionLoggerListener.log Command line argument: --add-opens=java.base/java.util.concurrent=ALL-UNNAMED
27-Feb-2024 03:09:26.001 INFO [main] org.apache.catalina.startup.VersionLoggerListener.log Command line argument: --add-opens=java.rmi/sun.rmi.transport=ALL-UNNAMED
27-Feb-2024 03:09:26.001 INFO [main] org.apache.catalina.startup.VersionLoggerListener.log Command line argument: -Djava.util.logging.config.file=/usr/local/tomcat/conf/logging.properties
27-Feb-2024 03:09:26.001 INFO [main] org.apache.catalina.startup.VersionLoggerListener.log Command line argument: -Djava.util.logging.manager=org.apache.juli.ClassLoaderLogManager
27-Feb-2024 03:09:26.001 INFO [main] org.apache.catalina.startup.VersionLoggerListener.log Command line argument: -Djdk.tls.ephemeralDHKeySize=2048
27-Feb-2024 03:09:26.001 INFO [main] org.apache.catalina.startup.VersionLoggerListener.log Command line argument: -Djava.protocol.handler.pkgs=org.apache.catalina.webresources
27-Feb-2024 03:09:26.001 INFO [main] org.apache.catalina.startup.VersionLoggerListener.log Command line argument: -Dorg.apache.catalina.security.SecurityListener.UMASK=0027
27-Feb-2024 03:09:26.001 INFO [main] org.apache.catalina.startup.VersionLoggerListener.log Command line argument: -agentlib:jdwp=transport=dt_socket,address=*:8000,server=y,suspend=n
27-Feb-2024 03:09:26.001 INFO [main] org.apache.catalina.startup.VersionLoggerListener.log Command line argument: -Dignore.endorsed.dirs=
27-Feb-2024 03:09:26.001 INFO [main] org.apache.catalina.startup.VersionLoggerListener.log Command line argument: -Dcatalina.base=/usr/local/tomcat
27-Feb-2024 03:09:26.001 INFO [main] org.apache.catalina.startup.VersionLoggerListener.log Command line argument: -Dcatalina.home=/usr/local/tomcat
27-Feb-2024 03:09:26.002 INFO [main] org.apache.catalina.startup.VersionLoggerListener.log Command line argument: -Djava.io.tmpdir=/usr/local/tomcat/temp
27-Feb-2024 03:09:26.062 INFO [main] org.apache.catalina.core.AprLifecycleListener.lifecycleEvent Loaded Apache Tomcat Native library [1.2.35] using APR version [1.7.0].
27-Feb-2024 03:09:26.069 INFO [main] org.apache.catalina.core.AprLifecycleListener.lifecycleEvent APR capabilities: IPv6 [true], sendfile [true], accept filters [false], random [true], UDS [true].
27-Feb-2024 03:09:26.069 INFO [main] org.apache.catalina.core.AprLifecycleListener.lifecycleEvent APR/OpenSSL configuration: useAprConnector [false], useOpenSSL [true]
27-Feb-2024 03:09:26.077 INFO [main] org.apache.catalina.core.AprLifecycleListener.initializeSSL OpenSSL successfully initialized [OpenSSL 3.0.2 15 Mar 2022]
27-Feb-2024 03:09:26.795 INFO [main] org.apache.coyote.AbstractProtocol.init Initializing ProtocolHandler ["http-nio-8080"]
27-Feb-2024 03:09:26.852 INFO [main] org.apache.catalina.startup.Catalina.load Server initialization in [1630] milliseconds
27-Feb-2024 03:09:26.987 INFO [main] org.apache.catalina.core.StandardService.startInternal Starting service [Catalina]
27-Feb-2024 03:09:26.992 INFO [main] org.apache.catalina.core.StandardEngine.startInternal Starting Servlet engine: [Apache Tomcat/9.0.69]
27-Feb-2024 03:09:27.012 INFO [main] org.apache.catalina.startup.HostConfig.deployWAR Deploying web application archive [/usr/local/tomcat/webapps/europass2#edci-viewer.war]
27-Feb-2024 03:09:27.039 INFO [main] org.apache.catalina.startup.ExpandWar.expand An expanded directory [/usr/local/tomcat/webapps/europass2#edci-viewer] was found with a last modified time that did not match the associated WAR. It will be deleted.
27-Feb-2024 03:09:35.541 INFO [main] org.apache.jasper.servlet.TldScanner.scanJars At least one JAR was scanned for TLDs yet contained no TLDs. Enable debug logging for this logger for a complete list of JARs that were scanned but no TLDs were found in them. Skipping unneeded JARs during scanning can improve startup time and JSP compilation time.
27-Feb-2024 03:09:42.903 INFO [main] org.apache.catalina.startup.HostConfig.deployWAR Deployment of web application archive [/usr/local/tomcat/webapps/europass2#edci-viewer.war] has finished in [15,890] ms
27-Feb-2024 03:09:42.941 INFO [main] org.apache.coyote.AbstractProtocol.start Starting ProtocolHandler ["http-nio-8080"]
27-Feb-2024 03:09:42.978 INFO [main] org.apache.catalina.startup.Catalina.start Server startup in [16125] milliseconds
27-Feb-2024 03:49:46.819 INFO [main] org.apache.catalina.startup.VersionLoggerListener.log Server version name:   Apache Tomcat/9.0.69
27-Feb-2024 03:49:46.821 INFO [main] org.apache.catalina.startup.VersionLoggerListener.log Server built:          Nov 9 2022 18:43:47 UTC
27-Feb-2024 03:49:46.821 INFO [main] org.apache.catalina.startup.VersionLoggerListener.log Server version number: 9.0.69.0
27-Feb-2024 03:49:46.821 INFO [main] org.apache.catalina.startup.VersionLoggerListener.log OS Name:               Linux
27-Feb-2024 03:49:46.822 INFO [main] org.apache.catalina.startup.VersionLoggerListener.log OS Version:            6.5.0-21-generic
27-Feb-2024 03:49:46.822 INFO [main] org.apache.catalina.startup.VersionLoggerListener.log Architecture:          amd64
27-Feb-2024 03:49:46.822 INFO [main] org.apache.catalina.startup.VersionLoggerListener.log Java Home:             /opt/java/openjdk
27-Feb-2024 03:49:46.822 INFO [main] org.apache.catalina.startup.VersionLoggerListener.log JVM Version:           11.0.17+8
27-Feb-2024 03:49:46.822 INFO [main] org.apache.catalina.startup.VersionLoggerListener.log JVM Vendor:            Eclipse Adoptium
27-Feb-2024 03:49:46.823 INFO [main] org.apache.catalina.startup.VersionLoggerListener.log CATALINA_BASE:         /usr/local/tomcat
27-Feb-2024 03:49:46.823 INFO [main] org.apache.catalina.startup.VersionLoggerListener.log CATALINA_HOME:         /usr/local/tomcat
27-Feb-2024 03:49:46.875 INFO [main] org.apache.catalina.startup.VersionLoggerListener.log Command line argument: --add-opens=java.base/java.lang=ALL-UNNAMED
27-Feb-2024 03:49:46.876 INFO [main] org.apache.catalina.startup.VersionLoggerListener.log Command line argument: --add-opens=java.base/java.io=ALL-UNNAMED
27-Feb-2024 03:49:46.876 INFO [main] org.apache.catalina.startup.VersionLoggerListener.log Command line argument: --add-opens=java.base/java.util=ALL-UNNAMED
27-Feb-2024 03:49:46.876 INFO [main] org.apache.catalina.startup.VersionLoggerListener.log Command line argument: --add-opens=java.base/java.util.concurrent=ALL-UNNAMED
27-Feb-2024 03:49:46.876 INFO [main] org.apache.catalina.startup.VersionLoggerListener.log Command line argument: --add-opens=java.rmi/sun.rmi.transport=ALL-UNNAMED
27-Feb-2024 03:49:46.876 INFO [main] org.apache.catalina.startup.VersionLoggerListener.log Command line argument: -Djava.util.logging.config.file=/usr/local/tomcat/conf/logging.properties
27-Feb-2024 03:49:46.876 INFO [main] org.apache.catalina.startup.VersionLoggerListener.log Command line argument: -Djava.util.logging.manager=org.apache.juli.ClassLoaderLogManager
27-Feb-2024 03:49:46.876 INFO [main] org.apache.catalina.startup.VersionLoggerListener.log Command line argument: -Djdk.tls.ephemeralDHKeySize=2048
27-Feb-2024 03:49:46.876 INFO [main] org.apache.catalina.startup.VersionLoggerListener.log Command line argument: -Djava.protocol.handler.pkgs=org.apache.catalina.webresources
27-Feb-2024 03:49:46.876 INFO [main] org.apache.catalina.startup.VersionLoggerListener.log Command line argument: -Dorg.apache.catalina.security.SecurityListener.UMASK=0027
27-Feb-2024 03:49:46.876 INFO [main] org.apache.catalina.startup.VersionLoggerListener.log Command line argument: -agentlib:jdwp=transport=dt_socket,address=*:8000,server=y,suspend=n
27-Feb-2024 03:49:46.876 INFO [main] org.apache.catalina.startup.VersionLoggerListener.log Command line argument: -Dignore.endorsed.dirs=
27-Feb-2024 03:49:46.877 INFO [main] org.apache.catalina.startup.VersionLoggerListener.log Command line argument: -Dcatalina.base=/usr/local/tomcat
27-Feb-2024 03:49:46.877 INFO [main] org.apache.catalina.startup.VersionLoggerListener.log Command line argument: -Dcatalina.home=/usr/local/tomcat
27-Feb-2024 03:49:46.878 INFO [main] org.apache.catalina.startup.VersionLoggerListener.log Command line argument: -Djava.io.tmpdir=/usr/local/tomcat/temp
27-Feb-2024 03:49:46.961 INFO [main] org.apache.catalina.core.AprLifecycleListener.lifecycleEvent Loaded Apache Tomcat Native library [1.2.35] using APR version [1.7.0].
27-Feb-2024 03:49:46.961 INFO [main] org.apache.catalina.core.AprLifecycleListener.lifecycleEvent APR capabilities: IPv6 [true], sendfile [true], accept filters [false], random [true], UDS [true].
27-Feb-2024 03:49:46.961 INFO [main] org.apache.catalina.core.AprLifecycleListener.lifecycleEvent APR/OpenSSL configuration: useAprConnector [false], useOpenSSL [true]
27-Feb-2024 03:49:47.025 INFO [main] org.apache.catalina.core.AprLifecycleListener.initializeSSL OpenSSL successfully initialized [OpenSSL 3.0.2 15 Mar 2022]
27-Feb-2024 03:49:47.742 INFO [main] org.apache.coyote.AbstractProtocol.init Initializing ProtocolHandler ["http-nio-8080"]
27-Feb-2024 03:49:47.847 INFO [main] org.apache.catalina.startup.Catalina.load Server initialization in [1533] milliseconds
27-Feb-2024 03:49:47.933 INFO [main] org.apache.catalina.core.StandardService.startInternal Starting service [Catalina]
27-Feb-2024 03:49:47.934 INFO [main] org.apache.catalina.core.StandardEngine.startInternal Starting Servlet engine: [Apache Tomcat/9.0.69]
27-Feb-2024 03:49:47.973 INFO [main] org.apache.catalina.startup.HostConfig.deployWAR Deploying web application archive [/usr/local/tomcat/webapps/europass2#edci-viewer.war]
27-Feb-2024 03:49:48.003 INFO [main] org.apache.catalina.startup.ExpandWar.expand An expanded directory [/usr/local/tomcat/webapps/europass2#edci-viewer] was found with a last modified time that did not match the associated WAR. It will be deleted.
27-Feb-2024 03:49:55.246 INFO [main] org.apache.jasper.servlet.TldScanner.scanJars At least one JAR was scanned for TLDs yet contained no TLDs. Enable debug logging for this logger for a complete list of JARs that were scanned but no TLDs were found in them. Skipping unneeded JARs during scanning can improve startup time and JSP compilation time.
27-Feb-2024 03:50:01.634 INFO [main] org.apache.catalina.startup.HostConfig.deployWAR Deployment of web application archive [/usr/local/tomcat/webapps/europass2#edci-viewer.war] has finished in [13,661] ms
27-Feb-2024 03:50:01.667 INFO [main] org.apache.coyote.AbstractProtocol.start Starting ProtocolHandler ["http-nio-8080"]
27-Feb-2024 03:50:02.239 INFO [main] org.apache.catalina.startup.Catalina.start Server startup in [14378] milliseconds
27-Feb-2024 04:02:02.898 INFO [main] org.apache.catalina.startup.VersionLoggerListener.log Server version name:   Apache Tomcat/9.0.69
27-Feb-2024 04:02:02.905 INFO [main] org.apache.catalina.startup.VersionLoggerListener.log Server built:          Nov 9 2022 18:43:47 UTC
27-Feb-2024 04:02:02.905 INFO [main] org.apache.catalina.startup.VersionLoggerListener.log Server version number: 9.0.69.0
27-Feb-2024 04:02:02.905 INFO [main] org.apache.catalina.startup.VersionLoggerListener.log OS Name:               Linux
27-Feb-2024 04:02:02.905 INFO [main] org.apache.catalina.startup.VersionLoggerListener.log OS Version:            6.5.0-21-generic
27-Feb-2024 04:02:02.905 INFO [main] org.apache.catalina.startup.VersionLoggerListener.log Architecture:          amd64
27-Feb-2024 04:02:02.905 INFO [main] org.apache.catalina.startup.VersionLoggerListener.log Java Home:             /opt/java/openjdk
27-Feb-2024 04:02:02.905 INFO [main] org.apache.catalina.startup.VersionLoggerListener.log JVM Version:           11.0.17+8
27-Feb-2024 04:02:02.905 INFO [main] org.apache.catalina.startup.VersionLoggerListener.log JVM Vendor:            Eclipse Adoptium
27-Feb-2024 04:02:02.905 INFO [main] org.apache.catalina.startup.VersionLoggerListener.log CATALINA_BASE:         /usr/local/tomcat
27-Feb-2024 04:02:02.905 INFO [main] org.apache.catalina.startup.VersionLoggerListener.log CATALINA_HOME:         /usr/local/tomcat
27-Feb-2024 04:02:02.963 INFO [main] org.apache.catalina.startup.VersionLoggerListener.log Command line argument: --add-opens=java.base/java.lang=ALL-UNNAMED
27-Feb-2024 04:02:02.969 INFO [main] org.apache.catalina.startup.VersionLoggerListener.log Command line argument: --add-opens=java.base/java.io=ALL-UNNAMED
27-Feb-2024 04:02:02.971 INFO [main] org.apache.catalina.startup.VersionLoggerListener.log Command line argument: --add-opens=java.base/java.util=ALL-UNNAMED
27-Feb-2024 04:02:02.972 INFO [main] org.apache.catalina.startup.VersionLoggerListener.log Command line argument: --add-opens=java.base/java.util.concurrent=ALL-UNNAMED
27-Feb-2024 04:02:02.972 INFO [main] org.apache.catalina.startup.VersionLoggerListener.log Command line argument: --add-opens=java.rmi/sun.rmi.transport=ALL-UNNAMED
27-Feb-2024 04:02:02.972 INFO [main] org.apache.catalina.startup.VersionLoggerListener.log Command line argument: -Djava.util.logging.config.file=/usr/local/tomcat/conf/logging.properties
27-Feb-2024 04:02:02.974 INFO [main] org.apache.catalina.startup.VersionLoggerListener.log Command line argument: -Djava.util.logging.manager=org.apache.juli.ClassLoaderLogManager
27-Feb-2024 04:02:02.974 INFO [main] org.apache.catalina.startup.VersionLoggerListener.log Command line argument: -Djdk.tls.ephemeralDHKeySize=2048
27-Feb-2024 04:02:02.974 INFO [main] org.apache.catalina.startup.VersionLoggerListener.log Command line argument: -Djava.protocol.handler.pkgs=org.apache.catalina.webresources
27-Feb-2024 04:02:02.974 INFO [main] org.apache.catalina.startup.VersionLoggerListener.log Command line argument: -Dorg.apache.catalina.security.SecurityListener.UMASK=0027
27-Feb-2024 04:02:02.974 INFO [main] org.apache.catalina.startup.VersionLoggerListener.log Command line argument: -agentlib:jdwp=transport=dt_socket,address=*:8000,server=y,suspend=n
27-Feb-2024 04:02:02.974 INFO [main] org.apache.catalina.startup.VersionLoggerListener.log Command line argument: -Dignore.endorsed.dirs=
27-Feb-2024 04:02:02.974 INFO [main] org.apache.catalina.startup.VersionLoggerListener.log Command line argument: -Dcatalina.base=/usr/local/tomcat
27-Feb-2024 04:02:02.974 INFO [main] org.apache.catalina.startup.VersionLoggerListener.log Command line argument: -Dcatalina.home=/usr/local/tomcat
27-Feb-2024 04:02:02.974 INFO [main] org.apache.catalina.startup.VersionLoggerListener.log Command line argument: -Djava.io.tmpdir=/usr/local/tomcat/temp
27-Feb-2024 04:02:03.010 INFO [main] org.apache.catalina.core.AprLifecycleListener.lifecycleEvent Loaded Apache Tomcat Native library [1.2.35] using APR version [1.7.0].
27-Feb-2024 04:02:03.013 INFO [main] org.apache.catalina.core.AprLifecycleListener.lifecycleEvent APR capabilities: IPv6 [true], sendfile [true], accept filters [false], random [true], UDS [true].
27-Feb-2024 04:02:03.013 INFO [main] org.apache.catalina.core.AprLifecycleListener.lifecycleEvent APR/OpenSSL configuration: useAprConnector [false], useOpenSSL [true]
27-Feb-2024 04:02:03.049 INFO [main] org.apache.catalina.core.AprLifecycleListener.initializeSSL OpenSSL successfully initialized [OpenSSL 3.0.2 15 Mar 2022]
27-Feb-2024 04:02:03.868 INFO [main] org.apache.coyote.AbstractProtocol.init Initializing ProtocolHandler ["http-nio-8080"]
27-Feb-2024 04:02:03.938 INFO [main] org.apache.catalina.startup.Catalina.load Server initialization in [1433] milliseconds
27-Feb-2024 04:02:04.060 INFO [main] org.apache.catalina.core.StandardService.startInternal Starting service [Catalina]
27-Feb-2024 04:02:04.061 INFO [main] org.apache.catalina.core.StandardEngine.startInternal Starting Servlet engine: [Apache Tomcat/9.0.69]
27-Feb-2024 04:02:04.073 INFO [main] org.apache.catalina.startup.HostConfig.deployWAR Deploying web application archive [/usr/local/tomcat/webapps/europass2#edci-viewer.war]
27-Feb-2024 04:02:04.107 INFO [main] org.apache.catalina.startup.ExpandWar.expand An expanded directory [/usr/local/tomcat/webapps/europass2#edci-viewer] was found with a last modified time that did not match the associated WAR. It will be deleted.
27-Feb-2024 04:02:11.552 INFO [main] org.apache.jasper.servlet.TldScanner.scanJars At least one JAR was scanned for TLDs yet contained no TLDs. Enable debug logging for this logger for a complete list of JARs that were scanned but no TLDs were found in them. Skipping unneeded JARs during scanning can improve startup time and JSP compilation time.
27-Feb-2024 04:02:17.809 INFO [main] org.apache.catalina.startup.HostConfig.deployWAR Deployment of web application archive [/usr/local/tomcat/webapps/europass2#edci-viewer.war] has finished in [13,736] ms
27-Feb-2024 04:02:17.814 INFO [main] org.apache.coyote.AbstractProtocol.start Starting ProtocolHandler ["http-nio-8080"]
27-Feb-2024 04:02:17.896 INFO [main] org.apache.catalina.startup.Catalina.start Server startup in [13956] milliseconds
27-Feb-2024 04:51:06.443 INFO [main] org.apache.catalina.startup.VersionLoggerListener.log Server version name:   Apache Tomcat/9.0.69
27-Feb-2024 04:51:06.445 INFO [main] org.apache.catalina.startup.VersionLoggerListener.log Server built:          Nov 9 2022 18:43:47 UTC
27-Feb-2024 04:51:06.445 INFO [main] org.apache.catalina.startup.VersionLoggerListener.log Server version number: 9.0.69.0
27-Feb-2024 04:51:06.446 INFO [main] org.apache.catalina.startup.VersionLoggerListener.log OS Name:               Linux
27-Feb-2024 04:51:06.446 INFO [main] org.apache.catalina.startup.VersionLoggerListener.log OS Version:            6.5.0-21-generic
27-Feb-2024 04:51:06.446 INFO [main] org.apache.catalina.startup.VersionLoggerListener.log Architecture:          amd64
27-Feb-2024 04:51:06.446 INFO [main] org.apache.catalina.startup.VersionLoggerListener.log Java Home:             /opt/java/openjdk
27-Feb-2024 04:51:06.446 INFO [main] org.apache.catalina.startup.VersionLoggerListener.log JVM Version:           11.0.17+8
27-Feb-2024 04:51:06.446 INFO [main] org.apache.catalina.startup.VersionLoggerListener.log JVM Vendor:            Eclipse Adoptium
27-Feb-2024 04:51:06.446 INFO [main] org.apache.catalina.startup.VersionLoggerListener.log CATALINA_BASE:         /usr/local/tomcat
27-Feb-2024 04:51:06.446 INFO [main] org.apache.catalina.startup.VersionLoggerListener.log CATALINA_HOME:         /usr/local/tomcat
27-Feb-2024 04:51:06.511 INFO [main] org.apache.catalina.startup.VersionLoggerListener.log Command line argument: --add-opens=java.base/java.lang=ALL-UNNAMED
27-Feb-2024 04:51:06.512 INFO [main] org.apache.catalina.startup.VersionLoggerListener.log Command line argument: --add-opens=java.base/java.io=ALL-UNNAMED
27-Feb-2024 04:51:06.512 INFO [main] org.apache.catalina.startup.VersionLoggerListener.log Command line argument: --add-opens=java.base/java.util=ALL-UNNAMED
27-Feb-2024 04:51:06.512 INFO [main] org.apache.catalina.startup.VersionLoggerListener.log Command line argument: --add-opens=java.base/java.util.concurrent=ALL-UNNAMED
27-Feb-2024 04:51:06.513 INFO [main] org.apache.catalina.startup.VersionLoggerListener.log Command line argument: --add-opens=java.rmi/sun.rmi.transport=ALL-UNNAMED
27-Feb-2024 04:51:06.513 INFO [main] org.apache.catalina.startup.VersionLoggerListener.log Command line argument: -Djava.util.logging.config.file=/usr/local/tomcat/conf/logging.properties
27-Feb-2024 04:51:06.514 INFO [main] org.apache.catalina.startup.VersionLoggerListener.log Command line argument: -Djava.util.logging.manager=org.apache.juli.ClassLoaderLogManager
27-Feb-2024 04:51:06.514 INFO [main] org.apache.catalina.startup.VersionLoggerListener.log Command line argument: -Djdk.tls.ephemeralDHKeySize=2048
27-Feb-2024 04:51:06.514 INFO [main] org.apache.catalina.startup.VersionLoggerListener.log Command line argument: -Djava.protocol.handler.pkgs=org.apache.catalina.webresources
27-Feb-2024 04:51:06.514 INFO [main] org.apache.catalina.startup.VersionLoggerListener.log Command line argument: -Dorg.apache.catalina.security.SecurityListener.UMASK=0027
27-Feb-2024 04:51:06.514 INFO [main] org.apache.catalina.startup.VersionLoggerListener.log Command line argument: -agentlib:jdwp=transport=dt_socket,address=*:8000,server=y,suspend=n
27-Feb-2024 04:51:06.517 INFO [main] org.apache.catalina.startup.VersionLoggerListener.log Command line argument: -Dignore.endorsed.dirs=
27-Feb-2024 04:51:06.518 INFO [main] org.apache.catalina.startup.VersionLoggerListener.log Command line argument: -Dcatalina.base=/usr/local/tomcat
27-Feb-2024 04:51:06.518 INFO [main] org.apache.catalina.startup.VersionLoggerListener.log Command line argument: -Dcatalina.home=/usr/local/tomcat
27-Feb-2024 04:51:06.518 INFO [main] org.apache.catalina.startup.VersionLoggerListener.log Command line argument: -Djava.io.tmpdir=/usr/local/tomcat/temp
27-Feb-2024 04:51:06.577 INFO [main] org.apache.catalina.core.AprLifecycleListener.lifecycleEvent Loaded Apache Tomcat Native library [1.2.35] using APR version [1.7.0].
27-Feb-2024 04:51:06.577 INFO [main] org.apache.catalina.core.AprLifecycleListener.lifecycleEvent APR capabilities: IPv6 [true], sendfile [true], accept filters [false], random [true], UDS [true].
27-Feb-2024 04:51:06.578 INFO [main] org.apache.catalina.core.AprLifecycleListener.lifecycleEvent APR/OpenSSL configuration: useAprConnector [false], useOpenSSL [true]
27-Feb-2024 04:51:06.655 INFO [main] org.apache.catalina.core.AprLifecycleListener.initializeSSL OpenSSL successfully initialized [OpenSSL 3.0.2 15 Mar 2022]
27-Feb-2024 04:51:07.452 INFO [main] org.apache.coyote.AbstractProtocol.init Initializing ProtocolHandler ["http-nio-8080"]
27-Feb-2024 04:51:07.517 INFO [main] org.apache.catalina.startup.Catalina.load Server initialization in [1579] milliseconds
27-Feb-2024 04:51:07.630 INFO [main] org.apache.catalina.core.StandardService.startInternal Starting service [Catalina]
27-Feb-2024 04:51:07.631 INFO [main] org.apache.catalina.core.StandardEngine.startInternal Starting Servlet engine: [Apache Tomcat/9.0.69]
27-Feb-2024 04:51:07.657 INFO [main] org.apache.catalina.startup.HostConfig.deployWAR Deploying web application archive [/usr/local/tomcat/webapps/europass2#edci-viewer.war]
27-Feb-2024 04:51:07.679 INFO [main] org.apache.catalina.startup.ExpandWar.expand An expanded directory [/usr/local/tomcat/webapps/europass2#edci-viewer] was found with a last modified time that did not match the associated WAR. It will be deleted.
27-Feb-2024 04:51:15.242 INFO [main] org.apache.jasper.servlet.TldScanner.scanJars At least one JAR was scanned for TLDs yet contained no TLDs. Enable debug logging for this logger for a complete list of JARs that were scanned but no TLDs were found in them. Skipping unneeded JARs during scanning can improve startup time and JSP compilation time.
27-Feb-2024 04:51:22.257 INFO [main] org.apache.catalina.startup.HostConfig.deployWAR Deployment of web application archive [/usr/local/tomcat/webapps/europass2#edci-viewer.war] has finished in [14,599] ms
27-Feb-2024 04:51:22.263 INFO [main] org.apache.coyote.AbstractProtocol.start Starting ProtocolHandler ["http-nio-8080"]
27-Feb-2024 04:51:22.335 INFO [main] org.apache.catalina.startup.Catalina.start Server startup in [14818] milliseconds
