26-Feb-2024 19:55:35.226 INFO [main] org.apache.catalina.startup.VersionLoggerListener.log Server version name:   Apache Tomcat/9.0.69
26-Feb-2024 19:55:35.229 INFO [main] org.apache.catalina.startup.VersionLoggerListener.log Server built:          Nov 9 2022 18:43:47 UTC
26-Feb-2024 19:55:35.230 INFO [main] org.apache.catalina.startup.VersionLoggerListener.log Server version number: 9.0.69.0
26-Feb-2024 19:55:35.233 INFO [main] org.apache.catalina.startup.VersionLoggerListener.log OS Name:               Linux
26-Feb-2024 19:55:35.234 INFO [main] org.apache.catalina.startup.VersionLoggerListener.log OS Version:            6.5.0-21-generic
26-Feb-2024 19:55:35.234 INFO [main] org.apache.catalina.startup.VersionLoggerListener.log Architecture:          amd64
26-Feb-2024 19:55:35.234 INFO [main] org.apache.catalina.startup.VersionLoggerListener.log Java Home:             /opt/java/openjdk
26-Feb-2024 19:55:35.238 INFO [main] org.apache.catalina.startup.VersionLoggerListener.log JVM Version:           11.0.17+8
26-Feb-2024 19:55:35.238 INFO [main] org.apache.catalina.startup.VersionLoggerListener.log JVM Vendor:            Eclipse Adoptium
26-Feb-2024 19:55:35.238 INFO [main] org.apache.catalina.startup.VersionLoggerListener.log CATALINA_BASE:         /usr/local/tomcat
26-Feb-2024 19:55:35.238 INFO [main] org.apache.catalina.startup.VersionLoggerListener.log CATALINA_HOME:         /usr/local/tomcat
26-Feb-2024 19:55:35.277 INFO [main] org.apache.catalina.startup.VersionLoggerListener.log Command line argument: --add-opens=java.base/java.lang=ALL-UNNAMED
26-Feb-2024 19:55:35.279 INFO [main] org.apache.catalina.startup.VersionLoggerListener.log Command line argument: --add-opens=java.base/java.io=ALL-UNNAMED
26-Feb-2024 19:55:35.280 INFO [main] org.apache.catalina.startup.VersionLoggerListener.log Command line argument: --add-opens=java.base/java.util=ALL-UNNAMED
26-Feb-2024 19:55:35.280 INFO [main] org.apache.catalina.startup.VersionLoggerListener.log Command line argument: --add-opens=java.base/java.util.concurrent=ALL-UNNAMED
26-Feb-2024 19:55:35.280 INFO [main] org.apache.catalina.startup.VersionLoggerListener.log Command line argument: --add-opens=java.rmi/sun.rmi.transport=ALL-UNNAMED
26-Feb-2024 19:55:35.281 INFO [main] org.apache.catalina.startup.VersionLoggerListener.log Command line argument: -Djava.util.logging.config.file=/usr/local/tomcat/conf/logging.properties
26-Feb-2024 19:55:35.281 INFO [main] org.apache.catalina.startup.VersionLoggerListener.log Command line argument: -Djava.util.logging.manager=org.apache.juli.ClassLoaderLogManager
26-Feb-2024 19:55:35.281 INFO [main] org.apache.catalina.startup.VersionLoggerListener.log Command line argument: -Djdk.tls.ephemeralDHKeySize=2048
26-Feb-2024 19:55:35.281 INFO [main] org.apache.catalina.startup.VersionLoggerListener.log Command line argument: -Djava.protocol.handler.pkgs=org.apache.catalina.webresources
26-Feb-2024 19:55:35.282 INFO [main] org.apache.catalina.startup.VersionLoggerListener.log Command line argument: -Dorg.apache.catalina.security.SecurityListener.UMASK=0027
26-Feb-2024 19:55:35.282 INFO [main] org.apache.catalina.startup.VersionLoggerListener.log Command line argument: -agentlib:jdwp=transport=dt_socket,address=*:8000,server=y,suspend=n
26-Feb-2024 19:55:35.282 INFO [main] org.apache.catalina.startup.VersionLoggerListener.log Command line argument: -Dignore.endorsed.dirs=
26-Feb-2024 19:55:35.290 INFO [main] org.apache.catalina.startup.VersionLoggerListener.log Command line argument: -Dcatalina.base=/usr/local/tomcat
26-Feb-2024 19:55:35.290 INFO [main] org.apache.catalina.startup.VersionLoggerListener.log Command line argument: -Dcatalina.home=/usr/local/tomcat
26-Feb-2024 19:55:35.291 INFO [main] org.apache.catalina.startup.VersionLoggerListener.log Command line argument: -Djava.io.tmpdir=/usr/local/tomcat/temp
26-Feb-2024 19:55:35.316 INFO [main] org.apache.catalina.core.AprLifecycleListener.lifecycleEvent Loaded Apache Tomcat Native library [1.2.35] using APR version [1.7.0].
26-Feb-2024 19:55:35.316 INFO [main] org.apache.catalina.core.AprLifecycleListener.lifecycleEvent APR capabilities: IPv6 [true], sendfile [true], accept filters [false], random [true], UDS [true].
26-Feb-2024 19:55:35.316 INFO [main] org.apache.catalina.core.AprLifecycleListener.lifecycleEvent APR/OpenSSL configuration: useAprConnector [false], useOpenSSL [true]
26-Feb-2024 19:55:35.333 INFO [main] org.apache.catalina.core.AprLifecycleListener.initializeSSL OpenSSL successfully initialized [OpenSSL 3.0.2 15 Mar 2022]
26-Feb-2024 19:55:36.623 INFO [main] org.apache.coyote.AbstractProtocol.init Initializing ProtocolHandler ["http-nio-8080"]
26-Feb-2024 19:55:36.686 INFO [main] org.apache.catalina.startup.Catalina.load Server initialization in [1894] milliseconds
26-Feb-2024 19:55:36.890 INFO [main] org.apache.catalina.core.StandardService.startInternal Starting service [Catalina]
26-Feb-2024 19:55:36.891 INFO [main] org.apache.catalina.core.StandardEngine.startInternal Starting Servlet engine: [Apache Tomcat/9.0.69]
26-Feb-2024 19:55:36.933 INFO [main] org.apache.catalina.startup.HostConfig.deployWAR Deploying web application archive [/usr/local/tomcat/webapps/europass2#edci-viewer.war]
26-Feb-2024 19:55:36.982 INFO [main] org.apache.catalina.startup.ExpandWar.expand An expanded directory [/usr/local/tomcat/webapps/europass2#edci-viewer] was found with a last modified time that did not match the associated WAR. It will be deleted.
26-Feb-2024 19:55:47.219 INFO [main] org.apache.jasper.servlet.TldScanner.scanJars At least one JAR was scanned for TLDs yet contained no TLDs. Enable debug logging for this logger for a complete list of JARs that were scanned but no TLDs were found in them. Skipping unneeded JARs during scanning can improve startup time and JSP compilation time.
26-Feb-2024 19:55:58.127 INFO [main] org.apache.catalina.startup.HostConfig.deployWAR Deployment of web application archive [/usr/local/tomcat/webapps/europass2#edci-viewer.war] has finished in [21,195] ms
26-Feb-2024 19:55:58.146 INFO [main] org.apache.coyote.AbstractProtocol.start Starting ProtocolHandler ["http-nio-8080"]
26-Feb-2024 19:55:58.207 INFO [main] org.apache.catalina.startup.Catalina.start Server startup in [21517] milliseconds
26-Feb-2024 20:33:20.756 INFO [main] org.apache.catalina.startup.VersionLoggerListener.log Server version name:   Apache Tomcat/9.0.69
26-Feb-2024 20:33:20.759 INFO [main] org.apache.catalina.startup.VersionLoggerListener.log Server built:          Nov 9 2022 18:43:47 UTC
26-Feb-2024 20:33:20.760 INFO [main] org.apache.catalina.startup.VersionLoggerListener.log Server version number: 9.0.69.0
26-Feb-2024 20:33:20.760 INFO [main] org.apache.catalina.startup.VersionLoggerListener.log OS Name:               Linux
26-Feb-2024 20:33:20.760 INFO [main] org.apache.catalina.startup.VersionLoggerListener.log OS Version:            6.5.0-21-generic
26-Feb-2024 20:33:20.760 INFO [main] org.apache.catalina.startup.VersionLoggerListener.log Architecture:          amd64
26-Feb-2024 20:33:20.760 INFO [main] org.apache.catalina.startup.VersionLoggerListener.log Java Home:             /opt/java/openjdk
26-Feb-2024 20:33:20.760 INFO [main] org.apache.catalina.startup.VersionLoggerListener.log JVM Version:           11.0.17+8
26-Feb-2024 20:33:20.760 INFO [main] org.apache.catalina.startup.VersionLoggerListener.log JVM Vendor:            Eclipse Adoptium
26-Feb-2024 20:33:20.760 INFO [main] org.apache.catalina.startup.VersionLoggerListener.log CATALINA_BASE:         /usr/local/tomcat
26-Feb-2024 20:33:20.761 INFO [main] org.apache.catalina.startup.VersionLoggerListener.log CATALINA_HOME:         /usr/local/tomcat
26-Feb-2024 20:33:20.813 INFO [main] org.apache.catalina.startup.VersionLoggerListener.log Command line argument: --add-opens=java.base/java.lang=ALL-UNNAMED
26-Feb-2024 20:33:20.813 INFO [main] org.apache.catalina.startup.VersionLoggerListener.log Command line argument: --add-opens=java.base/java.io=ALL-UNNAMED
26-Feb-2024 20:33:20.814 INFO [main] org.apache.catalina.startup.VersionLoggerListener.log Command line argument: --add-opens=java.base/java.util=ALL-UNNAMED
26-Feb-2024 20:33:20.814 INFO [main] org.apache.catalina.startup.VersionLoggerListener.log Command line argument: --add-opens=java.base/java.util.concurrent=ALL-UNNAMED
26-Feb-2024 20:33:20.814 INFO [main] org.apache.catalina.startup.VersionLoggerListener.log Command line argument: --add-opens=java.rmi/sun.rmi.transport=ALL-UNNAMED
26-Feb-2024 20:33:20.814 INFO [main] org.apache.catalina.startup.VersionLoggerListener.log Command line argument: -Djava.util.logging.config.file=/usr/local/tomcat/conf/logging.properties
26-Feb-2024 20:33:20.822 INFO [main] org.apache.catalina.startup.VersionLoggerListener.log Command line argument: -Djava.util.logging.manager=org.apache.juli.ClassLoaderLogManager
26-Feb-2024 20:33:20.835 INFO [main] org.apache.catalina.startup.VersionLoggerListener.log Command line argument: -Djdk.tls.ephemeralDHKeySize=2048
26-Feb-2024 20:33:20.844 INFO [main] org.apache.catalina.startup.VersionLoggerListener.log Command line argument: -Djava.protocol.handler.pkgs=org.apache.catalina.webresources
26-Feb-2024 20:33:20.845 INFO [main] org.apache.catalina.startup.VersionLoggerListener.log Command line argument: -Dorg.apache.catalina.security.SecurityListener.UMASK=0027
26-Feb-2024 20:33:20.853 INFO [main] org.apache.catalina.startup.VersionLoggerListener.log Command line argument: -agentlib:jdwp=transport=dt_socket,address=*:8000,server=y,suspend=n
26-Feb-2024 20:33:20.853 INFO [main] org.apache.catalina.startup.VersionLoggerListener.log Command line argument: -Dignore.endorsed.dirs=
26-Feb-2024 20:33:20.854 INFO [main] org.apache.catalina.startup.VersionLoggerListener.log Command line argument: -Dcatalina.base=/usr/local/tomcat
26-Feb-2024 20:33:20.855 INFO [main] org.apache.catalina.startup.VersionLoggerListener.log Command line argument: -Dcatalina.home=/usr/local/tomcat
26-Feb-2024 20:33:20.856 INFO [main] org.apache.catalina.startup.VersionLoggerListener.log Command line argument: -Djava.io.tmpdir=/usr/local/tomcat/temp
26-Feb-2024 20:33:20.869 INFO [main] org.apache.catalina.core.AprLifecycleListener.lifecycleEvent Loaded Apache Tomcat Native library [1.2.35] using APR version [1.7.0].
26-Feb-2024 20:33:20.869 INFO [main] org.apache.catalina.core.AprLifecycleListener.lifecycleEvent APR capabilities: IPv6 [true], sendfile [true], accept filters [false], random [true], UDS [true].
26-Feb-2024 20:33:20.869 INFO [main] org.apache.catalina.core.AprLifecycleListener.lifecycleEvent APR/OpenSSL configuration: useAprConnector [false], useOpenSSL [true]
26-Feb-2024 20:33:20.875 INFO [main] org.apache.catalina.core.AprLifecycleListener.initializeSSL OpenSSL successfully initialized [OpenSSL 3.0.2 15 Mar 2022]
26-Feb-2024 20:33:22.016 INFO [main] org.apache.coyote.AbstractProtocol.init Initializing ProtocolHandler ["http-nio-8080"]
26-Feb-2024 20:33:22.111 INFO [main] org.apache.catalina.startup.Catalina.load Server initialization in [1983] milliseconds
26-Feb-2024 20:33:22.280 INFO [main] org.apache.catalina.core.StandardService.startInternal Starting service [Catalina]
26-Feb-2024 20:33:22.283 INFO [main] org.apache.catalina.core.StandardEngine.startInternal Starting Servlet engine: [Apache Tomcat/9.0.69]
26-Feb-2024 20:33:22.319 INFO [main] org.apache.catalina.startup.HostConfig.deployWAR Deploying web application archive [/usr/local/tomcat/webapps/europass2#edci-viewer.war]
26-Feb-2024 20:33:22.390 INFO [main] org.apache.catalina.startup.ExpandWar.expand An expanded directory [/usr/local/tomcat/webapps/europass2#edci-viewer] was found with a last modified time that did not match the associated WAR. It will be deleted.
26-Feb-2024 20:33:32.879 INFO [main] org.apache.jasper.servlet.TldScanner.scanJars At least one JAR was scanned for TLDs yet contained no TLDs. Enable debug logging for this logger for a complete list of JARs that were scanned but no TLDs were found in them. Skipping unneeded JARs during scanning can improve startup time and JSP compilation time.
26-Feb-2024 20:33:42.549 INFO [main] org.apache.catalina.startup.HostConfig.deployWAR Deployment of web application archive [/usr/local/tomcat/webapps/europass2#edci-viewer.war] has finished in [20,230] ms
26-Feb-2024 20:33:42.552 INFO [main] org.apache.coyote.AbstractProtocol.start Starting ProtocolHandler ["http-nio-8080"]
26-Feb-2024 20:33:42.649 INFO [main] org.apache.catalina.startup.Catalina.start Server startup in [20537] milliseconds
26-Feb-2024 21:10:41.396 INFO [main] org.apache.catalina.startup.VersionLoggerListener.log Server version name:   Apache Tomcat/9.0.69
26-Feb-2024 21:10:41.400 INFO [main] org.apache.catalina.startup.VersionLoggerListener.log Server built:          Nov 9 2022 18:43:47 UTC
26-Feb-2024 21:10:41.400 INFO [main] org.apache.catalina.startup.VersionLoggerListener.log Server version number: 9.0.69.0
26-Feb-2024 21:10:41.400 INFO [main] org.apache.catalina.startup.VersionLoggerListener.log OS Name:               Linux
26-Feb-2024 21:10:41.401 INFO [main] org.apache.catalina.startup.VersionLoggerListener.log OS Version:            6.5.0-21-generic
26-Feb-2024 21:10:41.401 INFO [main] org.apache.catalina.startup.VersionLoggerListener.log Architecture:          amd64
26-Feb-2024 21:10:41.401 INFO [main] org.apache.catalina.startup.VersionLoggerListener.log Java Home:             /opt/java/openjdk
26-Feb-2024 21:10:41.401 INFO [main] org.apache.catalina.startup.VersionLoggerListener.log JVM Version:           11.0.17+8
26-Feb-2024 21:10:41.401 INFO [main] org.apache.catalina.startup.VersionLoggerListener.log JVM Vendor:            Eclipse Adoptium
26-Feb-2024 21:10:41.401 INFO [main] org.apache.catalina.startup.VersionLoggerListener.log CATALINA_BASE:         /usr/local/tomcat
26-Feb-2024 21:10:41.401 INFO [main] org.apache.catalina.startup.VersionLoggerListener.log CATALINA_HOME:         /usr/local/tomcat
26-Feb-2024 21:10:41.440 INFO [main] org.apache.catalina.startup.VersionLoggerListener.log Command line argument: --add-opens=java.base/java.lang=ALL-UNNAMED
26-Feb-2024 21:10:41.440 INFO [main] org.apache.catalina.startup.VersionLoggerListener.log Command line argument: --add-opens=java.base/java.io=ALL-UNNAMED
26-Feb-2024 21:10:41.440 INFO [main] org.apache.catalina.startup.VersionLoggerListener.log Command line argument: --add-opens=java.base/java.util=ALL-UNNAMED
26-Feb-2024 21:10:41.440 INFO [main] org.apache.catalina.startup.VersionLoggerListener.log Command line argument: --add-opens=java.base/java.util.concurrent=ALL-UNNAMED
26-Feb-2024 21:10:41.441 INFO [main] org.apache.catalina.startup.VersionLoggerListener.log Command line argument: --add-opens=java.rmi/sun.rmi.transport=ALL-UNNAMED
26-Feb-2024 21:10:41.441 INFO [main] org.apache.catalina.startup.VersionLoggerListener.log Command line argument: -Djava.util.logging.config.file=/usr/local/tomcat/conf/logging.properties
26-Feb-2024 21:10:41.441 INFO [main] org.apache.catalina.startup.VersionLoggerListener.log Command line argument: -Djava.util.logging.manager=org.apache.juli.ClassLoaderLogManager
26-Feb-2024 21:10:41.441 INFO [main] org.apache.catalina.startup.VersionLoggerListener.log Command line argument: -Djdk.tls.ephemeralDHKeySize=2048
26-Feb-2024 21:10:41.441 INFO [main] org.apache.catalina.startup.VersionLoggerListener.log Command line argument: -Djava.protocol.handler.pkgs=org.apache.catalina.webresources
26-Feb-2024 21:10:41.441 INFO [main] org.apache.catalina.startup.VersionLoggerListener.log Command line argument: -Dorg.apache.catalina.security.SecurityListener.UMASK=0027
26-Feb-2024 21:10:41.441 INFO [main] org.apache.catalina.startup.VersionLoggerListener.log Command line argument: -agentlib:jdwp=transport=dt_socket,address=*:8000,server=y,suspend=n
26-Feb-2024 21:10:41.441 INFO [main] org.apache.catalina.startup.VersionLoggerListener.log Command line argument: -Dignore.endorsed.dirs=
26-Feb-2024 21:10:41.441 INFO [main] org.apache.catalina.startup.VersionLoggerListener.log Command line argument: -Dcatalina.base=/usr/local/tomcat
26-Feb-2024 21:10:41.442 INFO [main] org.apache.catalina.startup.VersionLoggerListener.log Command line argument: -Dcatalina.home=/usr/local/tomcat
26-Feb-2024 21:10:41.442 INFO [main] org.apache.catalina.startup.VersionLoggerListener.log Command line argument: -Djava.io.tmpdir=/usr/local/tomcat/temp
26-Feb-2024 21:10:41.480 INFO [main] org.apache.catalina.core.AprLifecycleListener.lifecycleEvent Loaded Apache Tomcat Native library [1.2.35] using APR version [1.7.0].
26-Feb-2024 21:10:41.482 INFO [main] org.apache.catalina.core.AprLifecycleListener.lifecycleEvent APR capabilities: IPv6 [true], sendfile [true], accept filters [false], random [true], UDS [true].
26-Feb-2024 21:10:41.482 INFO [main] org.apache.catalina.core.AprLifecycleListener.lifecycleEvent APR/OpenSSL configuration: useAprConnector [false], useOpenSSL [true]
26-Feb-2024 21:10:41.508 INFO [main] org.apache.catalina.core.AprLifecycleListener.initializeSSL OpenSSL successfully initialized [OpenSSL 3.0.2 15 Mar 2022]
26-Feb-2024 21:10:42.544 INFO [main] org.apache.coyote.AbstractProtocol.init Initializing ProtocolHandler ["http-nio-8080"]
26-Feb-2024 21:10:42.672 INFO [main] org.apache.catalina.startup.Catalina.load Server initialization in [1774] milliseconds
26-Feb-2024 21:10:42.923 INFO [main] org.apache.catalina.core.StandardService.startInternal Starting service [Catalina]
26-Feb-2024 21:10:42.924 INFO [main] org.apache.catalina.core.StandardEngine.startInternal Starting Servlet engine: [Apache Tomcat/9.0.69]
26-Feb-2024 21:10:43.010 INFO [main] org.apache.catalina.startup.HostConfig.deployWAR Deploying web application archive [/usr/local/tomcat/webapps/europass2#edci-viewer.war]
26-Feb-2024 21:10:43.051 INFO [main] org.apache.catalina.startup.ExpandWar.expand An expanded directory [/usr/local/tomcat/webapps/europass2#edci-viewer] was found with a last modified time that did not match the associated WAR. It will be deleted.
26-Feb-2024 21:10:57.965 INFO [main] org.apache.jasper.servlet.TldScanner.scanJars At least one JAR was scanned for TLDs yet contained no TLDs. Enable debug logging for this logger for a complete list of JARs that were scanned but no TLDs were found in them. Skipping unneeded JARs during scanning can improve startup time and JSP compilation time.
26-Feb-2024 21:11:13.432 WARNING [main] org.apache.catalina.util.SessionIdGeneratorBase.createSecureRandom Creation of SecureRandom instance for session ID generation using [SHA1PRNG] took [804] milliseconds.
26-Feb-2024 21:17:33.812 INFO [main] org.apache.catalina.startup.VersionLoggerListener.log Server version name:   Apache Tomcat/9.0.69
26-Feb-2024 21:17:33.815 INFO [main] org.apache.catalina.startup.VersionLoggerListener.log Server built:          Nov 9 2022 18:43:47 UTC
26-Feb-2024 21:17:33.817 INFO [main] org.apache.catalina.startup.VersionLoggerListener.log Server version number: 9.0.69.0
26-Feb-2024 21:17:33.818 INFO [main] org.apache.catalina.startup.VersionLoggerListener.log OS Name:               Linux
26-Feb-2024 21:17:33.818 INFO [main] org.apache.catalina.startup.VersionLoggerListener.log OS Version:            6.5.0-21-generic
26-Feb-2024 21:17:33.819 INFO [main] org.apache.catalina.startup.VersionLoggerListener.log Architecture:          amd64
26-Feb-2024 21:17:33.819 INFO [main] org.apache.catalina.startup.VersionLoggerListener.log Java Home:             /opt/java/openjdk
26-Feb-2024 21:17:33.819 INFO [main] org.apache.catalina.startup.VersionLoggerListener.log JVM Version:           11.0.17+8
26-Feb-2024 21:17:33.820 INFO [main] org.apache.catalina.startup.VersionLoggerListener.log JVM Vendor:            Eclipse Adoptium
26-Feb-2024 21:17:33.821 INFO [main] org.apache.catalina.startup.VersionLoggerListener.log CATALINA_BASE:         /usr/local/tomcat
26-Feb-2024 21:17:33.821 INFO [main] org.apache.catalina.startup.VersionLoggerListener.log CATALINA_HOME:         /usr/local/tomcat
26-Feb-2024 21:17:33.882 INFO [main] org.apache.catalina.startup.VersionLoggerListener.log Command line argument: --add-opens=java.base/java.lang=ALL-UNNAMED
26-Feb-2024 21:17:33.882 INFO [main] org.apache.catalina.startup.VersionLoggerListener.log Command line argument: --add-opens=java.base/java.io=ALL-UNNAMED
26-Feb-2024 21:17:33.882 INFO [main] org.apache.catalina.startup.VersionLoggerListener.log Command line argument: --add-opens=java.base/java.util=ALL-UNNAMED
26-Feb-2024 21:17:33.883 INFO [main] org.apache.catalina.startup.VersionLoggerListener.log Command line argument: --add-opens=java.base/java.util.concurrent=ALL-UNNAMED
26-Feb-2024 21:17:33.883 INFO [main] org.apache.catalina.startup.VersionLoggerListener.log Command line argument: --add-opens=java.rmi/sun.rmi.transport=ALL-UNNAMED
26-Feb-2024 21:17:33.883 INFO [main] org.apache.catalina.startup.VersionLoggerListener.log Command line argument: -Djava.util.logging.config.file=/usr/local/tomcat/conf/logging.properties
26-Feb-2024 21:17:33.884 INFO [main] org.apache.catalina.startup.VersionLoggerListener.log Command line argument: -Djava.util.logging.manager=org.apache.juli.ClassLoaderLogManager
26-Feb-2024 21:17:33.884 INFO [main] org.apache.catalina.startup.VersionLoggerListener.log Command line argument: -Djdk.tls.ephemeralDHKeySize=2048
26-Feb-2024 21:17:33.887 INFO [main] org.apache.catalina.startup.VersionLoggerListener.log Command line argument: -Djava.protocol.handler.pkgs=org.apache.catalina.webresources
26-Feb-2024 21:17:33.888 INFO [main] org.apache.catalina.startup.VersionLoggerListener.log Command line argument: -Dorg.apache.catalina.security.SecurityListener.UMASK=0027
26-Feb-2024 21:17:33.891 INFO [main] org.apache.catalina.startup.VersionLoggerListener.log Command line argument: -agentlib:jdwp=transport=dt_socket,address=*:8000,server=y,suspend=n
26-Feb-2024 21:17:33.891 INFO [main] org.apache.catalina.startup.VersionLoggerListener.log Command line argument: -Dignore.endorsed.dirs=
26-Feb-2024 21:17:33.892 INFO [main] org.apache.catalina.startup.VersionLoggerListener.log Command line argument: -Dcatalina.base=/usr/local/tomcat
26-Feb-2024 21:17:33.892 INFO [main] org.apache.catalina.startup.VersionLoggerListener.log Command line argument: -Dcatalina.home=/usr/local/tomcat
26-Feb-2024 21:17:33.893 INFO [main] org.apache.catalina.startup.VersionLoggerListener.log Command line argument: -Djava.io.tmpdir=/usr/local/tomcat/temp
26-Feb-2024 21:17:33.908 INFO [main] org.apache.catalina.core.AprLifecycleListener.lifecycleEvent Loaded Apache Tomcat Native library [1.2.35] using APR version [1.7.0].
26-Feb-2024 21:17:33.908 INFO [main] org.apache.catalina.core.AprLifecycleListener.lifecycleEvent APR capabilities: IPv6 [true], sendfile [true], accept filters [false], random [true], UDS [true].
26-Feb-2024 21:17:33.908 INFO [main] org.apache.catalina.core.AprLifecycleListener.lifecycleEvent APR/OpenSSL configuration: useAprConnector [false], useOpenSSL [true]
26-Feb-2024 21:17:33.934 INFO [main] org.apache.catalina.core.AprLifecycleListener.initializeSSL OpenSSL successfully initialized [OpenSSL 3.0.2 15 Mar 2022]
26-Feb-2024 21:17:35.221 INFO [main] org.apache.coyote.AbstractProtocol.init Initializing ProtocolHandler ["http-nio-8080"]
26-Feb-2024 21:17:35.354 INFO [main] org.apache.catalina.startup.Catalina.load Server initialization in [2240] milliseconds
26-Feb-2024 21:17:35.562 INFO [main] org.apache.catalina.core.StandardService.startInternal Starting service [Catalina]
26-Feb-2024 21:17:35.563 INFO [main] org.apache.catalina.core.StandardEngine.startInternal Starting Servlet engine: [Apache Tomcat/9.0.69]
26-Feb-2024 21:17:35.629 INFO [main] org.apache.catalina.startup.HostConfig.deployWAR Deploying web application archive [/usr/local/tomcat/webapps/europass2#edci-viewer.war]
26-Feb-2024 21:17:35.716 INFO [main] org.apache.catalina.startup.ExpandWar.expand An expanded directory [/usr/local/tomcat/webapps/europass2#edci-viewer] was found with a last modified time that did not match the associated WAR. It will be deleted.
26-Feb-2024 21:17:57.502 INFO [main] org.apache.jasper.servlet.TldScanner.scanJars At least one JAR was scanned for TLDs yet contained no TLDs. Enable debug logging for this logger for a complete list of JARs that were scanned but no TLDs were found in them. Skipping unneeded JARs during scanning can improve startup time and JSP compilation time.
26-Feb-2024 21:18:13.391 INFO [main] org.apache.catalina.startup.HostConfig.deployWAR Deployment of web application archive [/usr/local/tomcat/webapps/europass2#edci-viewer.war] has finished in [37,761] ms
26-Feb-2024 21:18:13.485 INFO [main] org.apache.coyote.AbstractProtocol.start Starting ProtocolHandler ["http-nio-8080"]
26-Feb-2024 21:18:13.602 INFO [main] org.apache.catalina.startup.Catalina.start Server startup in [38243] milliseconds
26-Feb-2024 21:23:17.261 INFO [main] org.apache.catalina.startup.VersionLoggerListener.log Server version name:   Apache Tomcat/9.0.69
26-Feb-2024 21:23:17.264 INFO [main] org.apache.catalina.startup.VersionLoggerListener.log Server built:          Nov 9 2022 18:43:47 UTC
26-Feb-2024 21:23:17.265 INFO [main] org.apache.catalina.startup.VersionLoggerListener.log Server version number: 9.0.69.0
26-Feb-2024 21:23:17.265 INFO [main] org.apache.catalina.startup.VersionLoggerListener.log OS Name:               Linux
26-Feb-2024 21:23:17.266 INFO [main] org.apache.catalina.startup.VersionLoggerListener.log OS Version:            6.5.0-21-generic
26-Feb-2024 21:23:17.266 INFO [main] org.apache.catalina.startup.VersionLoggerListener.log Architecture:          amd64
26-Feb-2024 21:23:17.267 INFO [main] org.apache.catalina.startup.VersionLoggerListener.log Java Home:             /opt/java/openjdk
26-Feb-2024 21:23:17.267 INFO [main] org.apache.catalina.startup.VersionLoggerListener.log JVM Version:           11.0.17+8
26-Feb-2024 21:23:17.267 INFO [main] org.apache.catalina.startup.VersionLoggerListener.log JVM Vendor:            Eclipse Adoptium
26-Feb-2024 21:23:17.268 INFO [main] org.apache.catalina.startup.VersionLoggerListener.log CATALINA_BASE:         /usr/local/tomcat
26-Feb-2024 21:23:17.268 INFO [main] org.apache.catalina.startup.VersionLoggerListener.log CATALINA_HOME:         /usr/local/tomcat
26-Feb-2024 21:23:17.337 INFO [main] org.apache.catalina.startup.VersionLoggerListener.log Command line argument: --add-opens=java.base/java.lang=ALL-UNNAMED
26-Feb-2024 21:23:17.337 INFO [main] org.apache.catalina.startup.VersionLoggerListener.log Command line argument: --add-opens=java.base/java.io=ALL-UNNAMED
26-Feb-2024 21:23:17.337 INFO [main] org.apache.catalina.startup.VersionLoggerListener.log Command line argument: --add-opens=java.base/java.util=ALL-UNNAMED
26-Feb-2024 21:23:17.337 INFO [main] org.apache.catalina.startup.VersionLoggerListener.log Command line argument: --add-opens=java.base/java.util.concurrent=ALL-UNNAMED
26-Feb-2024 21:23:17.337 INFO [main] org.apache.catalina.startup.VersionLoggerListener.log Command line argument: --add-opens=java.rmi/sun.rmi.transport=ALL-UNNAMED
26-Feb-2024 21:23:17.338 INFO [main] org.apache.catalina.startup.VersionLoggerListener.log Command line argument: -Djava.util.logging.config.file=/usr/local/tomcat/conf/logging.properties
26-Feb-2024 21:23:17.338 INFO [main] org.apache.catalina.startup.VersionLoggerListener.log Command line argument: -Djava.util.logging.manager=org.apache.juli.ClassLoaderLogManager
26-Feb-2024 21:23:17.338 INFO [main] org.apache.catalina.startup.VersionLoggerListener.log Command line argument: -Djdk.tls.ephemeralDHKeySize=2048
26-Feb-2024 21:23:17.339 INFO [main] org.apache.catalina.startup.VersionLoggerListener.log Command line argument: -Djava.protocol.handler.pkgs=org.apache.catalina.webresources
26-Feb-2024 21:23:17.339 INFO [main] org.apache.catalina.startup.VersionLoggerListener.log Command line argument: -Dorg.apache.catalina.security.SecurityListener.UMASK=0027
26-Feb-2024 21:23:17.340 INFO [main] org.apache.catalina.startup.VersionLoggerListener.log Command line argument: -agentlib:jdwp=transport=dt_socket,address=*:8000,server=y,suspend=n
26-Feb-2024 21:23:17.340 INFO [main] org.apache.catalina.startup.VersionLoggerListener.log Command line argument: -Dignore.endorsed.dirs=
26-Feb-2024 21:23:17.340 INFO [main] org.apache.catalina.startup.VersionLoggerListener.log Command line argument: -Dcatalina.base=/usr/local/tomcat
26-Feb-2024 21:23:17.340 INFO [main] org.apache.catalina.startup.VersionLoggerListener.log Command line argument: -Dcatalina.home=/usr/local/tomcat
26-Feb-2024 21:23:17.340 INFO [main] org.apache.catalina.startup.VersionLoggerListener.log Command line argument: -Djava.io.tmpdir=/usr/local/tomcat/temp
26-Feb-2024 21:23:17.384 INFO [main] org.apache.catalina.core.AprLifecycleListener.lifecycleEvent Loaded Apache Tomcat Native library [1.2.35] using APR version [1.7.0].
26-Feb-2024 21:23:17.385 INFO [main] org.apache.catalina.core.AprLifecycleListener.lifecycleEvent APR capabilities: IPv6 [true], sendfile [true], accept filters [false], random [true], UDS [true].
26-Feb-2024 21:23:17.385 INFO [main] org.apache.catalina.core.AprLifecycleListener.lifecycleEvent APR/OpenSSL configuration: useAprConnector [false], useOpenSSL [true]
26-Feb-2024 21:23:17.442 INFO [main] org.apache.catalina.core.AprLifecycleListener.initializeSSL OpenSSL successfully initialized [OpenSSL 3.0.2 15 Mar 2022]
26-Feb-2024 21:23:18.478 INFO [main] org.apache.coyote.AbstractProtocol.init Initializing ProtocolHandler ["http-nio-8080"]
26-Feb-2024 21:23:18.561 INFO [main] org.apache.catalina.startup.Catalina.load Server initialization in [1834] milliseconds
26-Feb-2024 21:23:18.730 INFO [main] org.apache.catalina.core.StandardService.startInternal Starting service [Catalina]
26-Feb-2024 21:23:18.730 INFO [main] org.apache.catalina.core.StandardEngine.startInternal Starting Servlet engine: [Apache Tomcat/9.0.69]
26-Feb-2024 21:23:18.769 INFO [main] org.apache.catalina.startup.HostConfig.deployWAR Deploying web application archive [/usr/local/tomcat/webapps/europass2#edci-viewer.war]
26-Feb-2024 21:23:18.816 INFO [main] org.apache.catalina.startup.ExpandWar.expand An expanded directory [/usr/local/tomcat/webapps/europass2#edci-viewer] was found with a last modified time that did not match the associated WAR. It will be deleted.
26-Feb-2024 21:23:38.681 INFO [main] org.apache.jasper.servlet.TldScanner.scanJars At least one JAR was scanned for TLDs yet contained no TLDs. Enable debug logging for this logger for a complete list of JARs that were scanned but no TLDs were found in them. Skipping unneeded JARs during scanning can improve startup time and JSP compilation time.
26-Feb-2024 21:23:56.435 INFO [main] org.apache.catalina.startup.HostConfig.deployWAR Deployment of web application archive [/usr/local/tomcat/webapps/europass2#edci-viewer.war] has finished in [37,665] ms
26-Feb-2024 21:23:56.468 INFO [main] org.apache.coyote.AbstractProtocol.start Starting ProtocolHandler ["http-nio-8080"]
26-Feb-2024 21:23:56.584 INFO [main] org.apache.catalina.startup.Catalina.start Server startup in [38021] milliseconds
26-Feb-2024 21:27:52.597 INFO [main] org.apache.catalina.startup.VersionLoggerListener.log Server version name:   Apache Tomcat/9.0.69
26-Feb-2024 21:27:52.600 INFO [main] org.apache.catalina.startup.VersionLoggerListener.log Server built:          Nov 9 2022 18:43:47 UTC
26-Feb-2024 21:27:52.600 INFO [main] org.apache.catalina.startup.VersionLoggerListener.log Server version number: 9.0.69.0
26-Feb-2024 21:27:52.600 INFO [main] org.apache.catalina.startup.VersionLoggerListener.log OS Name:               Linux
26-Feb-2024 21:27:52.601 INFO [main] org.apache.catalina.startup.VersionLoggerListener.log OS Version:            6.5.0-21-generic
26-Feb-2024 21:27:52.601 INFO [main] org.apache.catalina.startup.VersionLoggerListener.log Architecture:          amd64
26-Feb-2024 21:27:52.601 INFO [main] org.apache.catalina.startup.VersionLoggerListener.log Java Home:             /opt/java/openjdk
26-Feb-2024 21:27:52.601 INFO [main] org.apache.catalina.startup.VersionLoggerListener.log JVM Version:           11.0.17+8
26-Feb-2024 21:27:52.602 INFO [main] org.apache.catalina.startup.VersionLoggerListener.log JVM Vendor:            Eclipse Adoptium
26-Feb-2024 21:27:52.602 INFO [main] org.apache.catalina.startup.VersionLoggerListener.log CATALINA_BASE:         /usr/local/tomcat
26-Feb-2024 21:27:52.602 INFO [main] org.apache.catalina.startup.VersionLoggerListener.log CATALINA_HOME:         /usr/local/tomcat
26-Feb-2024 21:27:52.633 INFO [main] org.apache.catalina.startup.VersionLoggerListener.log Command line argument: --add-opens=java.base/java.lang=ALL-UNNAMED
26-Feb-2024 21:27:52.634 INFO [main] org.apache.catalina.startup.VersionLoggerListener.log Command line argument: --add-opens=java.base/java.io=ALL-UNNAMED
26-Feb-2024 21:27:52.634 INFO [main] org.apache.catalina.startup.VersionLoggerListener.log Command line argument: --add-opens=java.base/java.util=ALL-UNNAMED
26-Feb-2024 21:27:52.635 INFO [main] org.apache.catalina.startup.VersionLoggerListener.log Command line argument: --add-opens=java.base/java.util.concurrent=ALL-UNNAMED
26-Feb-2024 21:27:52.635 INFO [main] org.apache.catalina.startup.VersionLoggerListener.log Command line argument: --add-opens=java.rmi/sun.rmi.transport=ALL-UNNAMED
26-Feb-2024 21:27:52.635 INFO [main] org.apache.catalina.startup.VersionLoggerListener.log Command line argument: -Djava.util.logging.config.file=/usr/local/tomcat/conf/logging.properties
26-Feb-2024 21:27:52.635 INFO [main] org.apache.catalina.startup.VersionLoggerListener.log Command line argument: -Djava.util.logging.manager=org.apache.juli.ClassLoaderLogManager
26-Feb-2024 21:27:52.635 INFO [main] org.apache.catalina.startup.VersionLoggerListener.log Command line argument: -Djdk.tls.ephemeralDHKeySize=2048
26-Feb-2024 21:27:52.635 INFO [main] org.apache.catalina.startup.VersionLoggerListener.log Command line argument: -Djava.protocol.handler.pkgs=org.apache.catalina.webresources
26-Feb-2024 21:27:52.635 INFO [main] org.apache.catalina.startup.VersionLoggerListener.log Command line argument: -Dorg.apache.catalina.security.SecurityListener.UMASK=0027
26-Feb-2024 21:27:52.636 INFO [main] org.apache.catalina.startup.VersionLoggerListener.log Command line argument: -agentlib:jdwp=transport=dt_socket,address=*:8000,server=y,suspend=n
26-Feb-2024 21:27:52.636 INFO [main] org.apache.catalina.startup.VersionLoggerListener.log Command line argument: -Dignore.endorsed.dirs=
26-Feb-2024 21:27:52.636 INFO [main] org.apache.catalina.startup.VersionLoggerListener.log Command line argument: -Dcatalina.base=/usr/local/tomcat
26-Feb-2024 21:27:52.636 INFO [main] org.apache.catalina.startup.VersionLoggerListener.log Command line argument: -Dcatalina.home=/usr/local/tomcat
26-Feb-2024 21:27:52.636 INFO [main] org.apache.catalina.startup.VersionLoggerListener.log Command line argument: -Djava.io.tmpdir=/usr/local/tomcat/temp
26-Feb-2024 21:27:52.662 INFO [main] org.apache.catalina.core.AprLifecycleListener.lifecycleEvent Loaded Apache Tomcat Native library [1.2.35] using APR version [1.7.0].
26-Feb-2024 21:27:52.662 INFO [main] org.apache.catalina.core.AprLifecycleListener.lifecycleEvent APR capabilities: IPv6 [true], sendfile [true], accept filters [false], random [true], UDS [true].
26-Feb-2024 21:27:52.662 INFO [main] org.apache.catalina.core.AprLifecycleListener.lifecycleEvent APR/OpenSSL configuration: useAprConnector [false], useOpenSSL [true]
26-Feb-2024 21:27:52.687 INFO [main] org.apache.catalina.core.AprLifecycleListener.initializeSSL OpenSSL successfully initialized [OpenSSL 3.0.2 15 Mar 2022]
26-Feb-2024 21:27:53.398 INFO [main] org.apache.coyote.AbstractProtocol.init Initializing ProtocolHandler ["http-nio-8080"]
26-Feb-2024 21:27:53.476 INFO [main] org.apache.catalina.startup.Catalina.load Server initialization in [1451] milliseconds
26-Feb-2024 21:27:53.618 INFO [main] org.apache.catalina.core.StandardService.startInternal Starting service [Catalina]
26-Feb-2024 21:27:53.618 INFO [main] org.apache.catalina.core.StandardEngine.startInternal Starting Servlet engine: [Apache Tomcat/9.0.69]
26-Feb-2024 21:27:53.660 INFO [main] org.apache.catalina.startup.HostConfig.deployWAR Deploying web application archive [/usr/local/tomcat/webapps/europass2#edci-viewer.war]
26-Feb-2024 21:27:53.700 INFO [main] org.apache.catalina.startup.ExpandWar.expand An expanded directory [/usr/local/tomcat/webapps/europass2#edci-viewer] was found with a last modified time that did not match the associated WAR. It will be deleted.
26-Feb-2024 21:28:10.725 INFO [main] org.apache.jasper.servlet.TldScanner.scanJars At least one JAR was scanned for TLDs yet contained no TLDs. Enable debug logging for this logger for a complete list of JARs that were scanned but no TLDs were found in them. Skipping unneeded JARs during scanning can improve startup time and JSP compilation time.
26-Feb-2024 21:28:18.328 INFO [main] org.apache.catalina.startup.HostConfig.deployWAR Deployment of web application archive [/usr/local/tomcat/webapps/europass2#edci-viewer.war] has finished in [24,668] ms
26-Feb-2024 21:28:18.363 INFO [main] org.apache.coyote.AbstractProtocol.start Starting ProtocolHandler ["http-nio-8080"]
26-Feb-2024 21:28:18.390 INFO [main] org.apache.catalina.startup.Catalina.start Server startup in [24913] milliseconds
26-Feb-2024 22:02:44.560 INFO [main] org.apache.catalina.startup.VersionLoggerListener.log Server version name:   Apache Tomcat/9.0.69
26-Feb-2024 22:02:44.563 INFO [main] org.apache.catalina.startup.VersionLoggerListener.log Server built:          Nov 9 2022 18:43:47 UTC
26-Feb-2024 22:02:44.563 INFO [main] org.apache.catalina.startup.VersionLoggerListener.log Server version number: 9.0.69.0
26-Feb-2024 22:02:44.563 INFO [main] org.apache.catalina.startup.VersionLoggerListener.log OS Name:               Linux
26-Feb-2024 22:02:44.563 INFO [main] org.apache.catalina.startup.VersionLoggerListener.log OS Version:            6.5.0-21-generic
26-Feb-2024 22:02:44.564 INFO [main] org.apache.catalina.startup.VersionLoggerListener.log Architecture:          amd64
26-Feb-2024 22:02:44.564 INFO [main] org.apache.catalina.startup.VersionLoggerListener.log Java Home:             /opt/java/openjdk
26-Feb-2024 22:02:44.564 INFO [main] org.apache.catalina.startup.VersionLoggerListener.log JVM Version:           11.0.17+8
26-Feb-2024 22:02:44.564 INFO [main] org.apache.catalina.startup.VersionLoggerListener.log JVM Vendor:            Eclipse Adoptium
26-Feb-2024 22:02:44.564 INFO [main] org.apache.catalina.startup.VersionLoggerListener.log CATALINA_BASE:         /usr/local/tomcat
26-Feb-2024 22:02:44.564 INFO [main] org.apache.catalina.startup.VersionLoggerListener.log CATALINA_HOME:         /usr/local/tomcat
26-Feb-2024 22:02:44.599 INFO [main] org.apache.catalina.startup.VersionLoggerListener.log Command line argument: --add-opens=java.base/java.lang=ALL-UNNAMED
26-Feb-2024 22:02:44.600 INFO [main] org.apache.catalina.startup.VersionLoggerListener.log Command line argument: --add-opens=java.base/java.io=ALL-UNNAMED
26-Feb-2024 22:02:44.600 INFO [main] org.apache.catalina.startup.VersionLoggerListener.log Command line argument: --add-opens=java.base/java.util=ALL-UNNAMED
26-Feb-2024 22:02:44.600 INFO [main] org.apache.catalina.startup.VersionLoggerListener.log Command line argument: --add-opens=java.base/java.util.concurrent=ALL-UNNAMED
26-Feb-2024 22:02:44.600 INFO [main] org.apache.catalina.startup.VersionLoggerListener.log Command line argument: --add-opens=java.rmi/sun.rmi.transport=ALL-UNNAMED
26-Feb-2024 22:02:44.600 INFO [main] org.apache.catalina.startup.VersionLoggerListener.log Command line argument: -Djava.util.logging.config.file=/usr/local/tomcat/conf/logging.properties
26-Feb-2024 22:02:44.600 INFO [main] org.apache.catalina.startup.VersionLoggerListener.log Command line argument: -Djava.util.logging.manager=org.apache.juli.ClassLoaderLogManager
26-Feb-2024 22:02:44.601 INFO [main] org.apache.catalina.startup.VersionLoggerListener.log Command line argument: -Djdk.tls.ephemeralDHKeySize=2048
26-Feb-2024 22:02:44.601 INFO [main] org.apache.catalina.startup.VersionLoggerListener.log Command line argument: -Djava.protocol.handler.pkgs=org.apache.catalina.webresources
26-Feb-2024 22:02:44.601 INFO [main] org.apache.catalina.startup.VersionLoggerListener.log Command line argument: -Dorg.apache.catalina.security.SecurityListener.UMASK=0027
26-Feb-2024 22:02:44.601 INFO [main] org.apache.catalina.startup.VersionLoggerListener.log Command line argument: -agentlib:jdwp=transport=dt_socket,address=*:8000,server=y,suspend=n
26-Feb-2024 22:02:44.601 INFO [main] org.apache.catalina.startup.VersionLoggerListener.log Command line argument: -Dignore.endorsed.dirs=
26-Feb-2024 22:02:44.601 INFO [main] org.apache.catalina.startup.VersionLoggerListener.log Command line argument: -Dcatalina.base=/usr/local/tomcat
26-Feb-2024 22:02:44.601 INFO [main] org.apache.catalina.startup.VersionLoggerListener.log Command line argument: -Dcatalina.home=/usr/local/tomcat
26-Feb-2024 22:02:44.601 INFO [main] org.apache.catalina.startup.VersionLoggerListener.log Command line argument: -Djava.io.tmpdir=/usr/local/tomcat/temp
26-Feb-2024 22:02:44.631 INFO [main] org.apache.catalina.core.AprLifecycleListener.lifecycleEvent Loaded Apache Tomcat Native library [1.2.35] using APR version [1.7.0].
26-Feb-2024 22:02:44.631 INFO [main] org.apache.catalina.core.AprLifecycleListener.lifecycleEvent APR capabilities: IPv6 [true], sendfile [true], accept filters [false], random [true], UDS [true].
26-Feb-2024 22:02:44.631 INFO [main] org.apache.catalina.core.AprLifecycleListener.lifecycleEvent APR/OpenSSL configuration: useAprConnector [false], useOpenSSL [true]
26-Feb-2024 22:02:44.656 INFO [main] org.apache.catalina.core.AprLifecycleListener.initializeSSL OpenSSL successfully initialized [OpenSSL 3.0.2 15 Mar 2022]
26-Feb-2024 22:02:45.672 INFO [main] org.apache.coyote.AbstractProtocol.init Initializing ProtocolHandler ["http-nio-8080"]
26-Feb-2024 22:02:45.728 INFO [main] org.apache.catalina.startup.Catalina.load Server initialization in [1565] milliseconds
26-Feb-2024 22:02:45.824 INFO [main] org.apache.catalina.core.StandardService.startInternal Starting service [Catalina]
26-Feb-2024 22:02:45.826 INFO [main] org.apache.catalina.core.StandardEngine.startInternal Starting Servlet engine: [Apache Tomcat/9.0.69]
26-Feb-2024 22:02:45.855 INFO [main] org.apache.catalina.startup.HostConfig.deployWAR Deploying web application archive [/usr/local/tomcat/webapps/europass2#edci-viewer.war]
26-Feb-2024 22:02:45.887 INFO [main] org.apache.catalina.startup.ExpandWar.expand An expanded directory [/usr/local/tomcat/webapps/europass2#edci-viewer] was found with a last modified time that did not match the associated WAR. It will be deleted.
26-Feb-2024 22:02:56.124 INFO [main] org.apache.jasper.servlet.TldScanner.scanJars At least one JAR was scanned for TLDs yet contained no TLDs. Enable debug logging for this logger for a complete list of JARs that were scanned but no TLDs were found in them. Skipping unneeded JARs during scanning can improve startup time and JSP compilation time.
26-Feb-2024 22:03:14.665 INFO [main] org.apache.catalina.startup.HostConfig.deployWAR Deployment of web application archive [/usr/local/tomcat/webapps/europass2#edci-viewer.war] has finished in [28,809] ms
26-Feb-2024 22:03:14.673 INFO [main] org.apache.coyote.AbstractProtocol.start Starting ProtocolHandler ["http-nio-8080"]
26-Feb-2024 22:03:14.691 INFO [main] org.apache.catalina.startup.Catalina.start Server startup in [28962] milliseconds
26-Feb-2024 23:22:14.107 INFO [main] org.apache.catalina.startup.VersionLoggerListener.log Server version name:   Apache Tomcat/9.0.69
26-Feb-2024 23:22:14.117 INFO [main] org.apache.catalina.startup.VersionLoggerListener.log Server built:          Nov 9 2022 18:43:47 UTC
26-Feb-2024 23:22:14.119 INFO [main] org.apache.catalina.startup.VersionLoggerListener.log Server version number: 9.0.69.0
26-Feb-2024 23:22:14.119 INFO [main] org.apache.catalina.startup.VersionLoggerListener.log OS Name:               Linux
26-Feb-2024 23:22:14.119 INFO [main] org.apache.catalina.startup.VersionLoggerListener.log OS Version:            6.5.0-21-generic
26-Feb-2024 23:22:14.119 INFO [main] org.apache.catalina.startup.VersionLoggerListener.log Architecture:          amd64
26-Feb-2024 23:22:14.119 INFO [main] org.apache.catalina.startup.VersionLoggerListener.log Java Home:             /opt/java/openjdk
26-Feb-2024 23:22:14.119 INFO [main] org.apache.catalina.startup.VersionLoggerListener.log JVM Version:           11.0.17+8
26-Feb-2024 23:22:14.120 INFO [main] org.apache.catalina.startup.VersionLoggerListener.log JVM Vendor:            Eclipse Adoptium
26-Feb-2024 23:22:14.120 INFO [main] org.apache.catalina.startup.VersionLoggerListener.log CATALINA_BASE:         /usr/local/tomcat
26-Feb-2024 23:22:14.120 INFO [main] org.apache.catalina.startup.VersionLoggerListener.log CATALINA_HOME:         /usr/local/tomcat
26-Feb-2024 23:22:14.179 INFO [main] org.apache.catalina.startup.VersionLoggerListener.log Command line argument: --add-opens=java.base/java.lang=ALL-UNNAMED
26-Feb-2024 23:22:14.180 INFO [main] org.apache.catalina.startup.VersionLoggerListener.log Command line argument: --add-opens=java.base/java.io=ALL-UNNAMED
26-Feb-2024 23:22:14.180 INFO [main] org.apache.catalina.startup.VersionLoggerListener.log Command line argument: --add-opens=java.base/java.util=ALL-UNNAMED
26-Feb-2024 23:22:14.180 INFO [main] org.apache.catalina.startup.VersionLoggerListener.log Command line argument: --add-opens=java.base/java.util.concurrent=ALL-UNNAMED
26-Feb-2024 23:22:14.180 INFO [main] org.apache.catalina.startup.VersionLoggerListener.log Command line argument: --add-opens=java.rmi/sun.rmi.transport=ALL-UNNAMED
26-Feb-2024 23:22:14.180 INFO [main] org.apache.catalina.startup.VersionLoggerListener.log Command line argument: -Djava.util.logging.config.file=/usr/local/tomcat/conf/logging.properties
26-Feb-2024 23:22:14.180 INFO [main] org.apache.catalina.startup.VersionLoggerListener.log Command line argument: -Djava.util.logging.manager=org.apache.juli.ClassLoaderLogManager
26-Feb-2024 23:22:14.180 INFO [main] org.apache.catalina.startup.VersionLoggerListener.log Command line argument: -Djdk.tls.ephemeralDHKeySize=2048
26-Feb-2024 23:22:14.181 INFO [main] org.apache.catalina.startup.VersionLoggerListener.log Command line argument: -Djava.protocol.handler.pkgs=org.apache.catalina.webresources
26-Feb-2024 23:22:14.181 INFO [main] org.apache.catalina.startup.VersionLoggerListener.log Command line argument: -Dorg.apache.catalina.security.SecurityListener.UMASK=0027
26-Feb-2024 23:22:14.181 INFO [main] org.apache.catalina.startup.VersionLoggerListener.log Command line argument: -agentlib:jdwp=transport=dt_socket,address=*:8000,server=y,suspend=n
26-Feb-2024 23:22:14.182 INFO [main] org.apache.catalina.startup.VersionLoggerListener.log Command line argument: -Dignore.endorsed.dirs=
26-Feb-2024 23:22:14.182 INFO [main] org.apache.catalina.startup.VersionLoggerListener.log Command line argument: -Dcatalina.base=/usr/local/tomcat
26-Feb-2024 23:22:14.182 INFO [main] org.apache.catalina.startup.VersionLoggerListener.log Command line argument: -Dcatalina.home=/usr/local/tomcat
26-Feb-2024 23:22:14.183 INFO [main] org.apache.catalina.startup.VersionLoggerListener.log Command line argument: -Djava.io.tmpdir=/usr/local/tomcat/temp
26-Feb-2024 23:22:14.277 INFO [main] org.apache.catalina.core.AprLifecycleListener.lifecycleEvent Loaded Apache Tomcat Native library [1.2.35] using APR version [1.7.0].
26-Feb-2024 23:22:14.283 INFO [main] org.apache.catalina.core.AprLifecycleListener.lifecycleEvent APR capabilities: IPv6 [true], sendfile [true], accept filters [false], random [true], UDS [true].
26-Feb-2024 23:22:14.283 INFO [main] org.apache.catalina.core.AprLifecycleListener.lifecycleEvent APR/OpenSSL configuration: useAprConnector [false], useOpenSSL [true]
26-Feb-2024 23:22:14.367 INFO [main] org.apache.catalina.core.AprLifecycleListener.initializeSSL OpenSSL successfully initialized [OpenSSL 3.0.2 15 Mar 2022]
26-Feb-2024 23:22:15.289 INFO [main] org.apache.coyote.AbstractProtocol.init Initializing ProtocolHandler ["http-nio-8080"]
26-Feb-2024 23:22:15.399 INFO [main] org.apache.catalina.startup.Catalina.load Server initialization in [1827] milliseconds
26-Feb-2024 23:22:15.585 INFO [main] org.apache.catalina.core.StandardService.startInternal Starting service [Catalina]
26-Feb-2024 23:22:15.586 INFO [main] org.apache.catalina.core.StandardEngine.startInternal Starting Servlet engine: [Apache Tomcat/9.0.69]
26-Feb-2024 23:22:15.614 INFO [main] org.apache.catalina.startup.HostConfig.deployWAR Deploying web application archive [/usr/local/tomcat/webapps/europass2#edci-viewer.war]
26-Feb-2024 23:22:15.636 INFO [main] org.apache.catalina.startup.ExpandWar.expand An expanded directory [/usr/local/tomcat/webapps/europass2#edci-viewer] was found with a last modified time that did not match the associated WAR. It will be deleted.
26-Feb-2024 23:22:24.056 INFO [main] org.apache.jasper.servlet.TldScanner.scanJars At least one JAR was scanned for TLDs yet contained no TLDs. Enable debug logging for this logger for a complete list of JARs that were scanned but no TLDs were found in them. Skipping unneeded JARs during scanning can improve startup time and JSP compilation time.
26-Feb-2024 23:22:31.031 INFO [main] org.apache.catalina.startup.HostConfig.deployWAR Deployment of web application archive [/usr/local/tomcat/webapps/europass2#edci-viewer.war] has finished in [15,417] ms
26-Feb-2024 23:22:31.045 INFO [main] org.apache.coyote.AbstractProtocol.start Starting ProtocolHandler ["http-nio-8080"]
26-Feb-2024 23:22:31.158 INFO [main] org.apache.catalina.startup.Catalina.start Server startup in [15759] milliseconds
