26-Feb-2024 19:55:34.676 WARNING [main] org.apache.catalina.startup.ClassLoaderFactory.validateFile Problem with directory [/usr/local/tomcat/lib/oracle], exists: [false], isDirectory: [false], canRead: [false]
26-Feb-2024 19:55:34.681 WARNING [main] org.apache.catalina.startup.ClassLoaderFactory.validateFile Problem with directory [/usr/local/tomcat/lib/mysql], exists: [false], isDirectory: [false], canRead: [false]
26-Feb-2024 19:55:35.591 INFO [main] org.apache.catalina.startup.VersionLoggerListener.log Server version name:   Apache Tomcat/9.0.80
26-Feb-2024 19:55:35.592 INFO [main] org.apache.catalina.startup.VersionLoggerListener.log Server built:          Aug 23 2023 21:59:38 UTC
26-Feb-2024 19:55:35.592 INFO [main] org.apache.catalina.startup.VersionLoggerListener.log Server version number: 9.0.80.0
26-Feb-2024 19:55:35.593 INFO [main] org.apache.catalina.startup.VersionLoggerListener.log OS Name:               Linux
26-Feb-2024 19:55:35.593 INFO [main] org.apache.catalina.startup.VersionLoggerListener.log OS Version:            6.5.0-21-generic
26-Feb-2024 19:55:35.593 INFO [main] org.apache.catalina.startup.VersionLoggerListener.log Architecture:          amd64
26-Feb-2024 19:55:35.594 INFO [main] org.apache.catalina.startup.VersionLoggerListener.log Java Home:             /opt/java/openjdk
26-Feb-2024 19:55:35.594 INFO [main] org.apache.catalina.startup.VersionLoggerListener.log JVM Version:           11.0.20.1+1
26-Feb-2024 19:55:35.594 INFO [main] org.apache.catalina.startup.VersionLoggerListener.log JVM Vendor:            Eclipse Adoptium
26-Feb-2024 19:55:35.594 INFO [main] org.apache.catalina.startup.VersionLoggerListener.log CATALINA_BASE:         /usr/local/tomcat
26-Feb-2024 19:55:35.595 INFO [main] org.apache.catalina.startup.VersionLoggerListener.log CATALINA_HOME:         /usr/local/tomcat
26-Feb-2024 19:55:35.603 INFO [main] org.apache.catalina.startup.VersionLoggerListener.log Command line argument: --add-opens=java.base/java.lang=ALL-UNNAMED
26-Feb-2024 19:55:35.604 INFO [main] org.apache.catalina.startup.VersionLoggerListener.log Command line argument: --add-opens=java.base/java.io=ALL-UNNAMED
26-Feb-2024 19:55:35.604 INFO [main] org.apache.catalina.startup.VersionLoggerListener.log Command line argument: --add-opens=java.base/java.util=ALL-UNNAMED
26-Feb-2024 19:55:35.607 INFO [main] org.apache.catalina.startup.VersionLoggerListener.log Command line argument: --add-opens=java.base/java.util.concurrent=ALL-UNNAMED
26-Feb-2024 19:55:35.608 INFO [main] org.apache.catalina.startup.VersionLoggerListener.log Command line argument: --add-opens=java.rmi/sun.rmi.transport=ALL-UNNAMED
26-Feb-2024 19:55:35.608 INFO [main] org.apache.catalina.startup.VersionLoggerListener.log Command line argument: -Djava.util.logging.config.file=/usr/local/tomcat/conf/logging.properties
26-Feb-2024 19:55:35.608 INFO [main] org.apache.catalina.startup.VersionLoggerListener.log Command line argument: -Djava.util.logging.manager=org.apache.juli.ClassLoaderLogManager
26-Feb-2024 19:55:35.609 INFO [main] org.apache.catalina.startup.VersionLoggerListener.log Command line argument: -Djdk.tls.ephemeralDHKeySize=2048
26-Feb-2024 19:55:35.609 INFO [main] org.apache.catalina.startup.VersionLoggerListener.log Command line argument: -Djava.protocol.handler.pkgs=org.apache.catalina.webresources
26-Feb-2024 19:55:35.609 INFO [main] org.apache.catalina.startup.VersionLoggerListener.log Command line argument: -Dorg.apache.catalina.security.SecurityListener.UMASK=0027
26-Feb-2024 19:55:35.609 INFO [main] org.apache.catalina.startup.VersionLoggerListener.log Command line argument: -agentlib:jdwp=transport=dt_socket,address=*:8000,server=y,suspend=n
26-Feb-2024 19:55:35.609 INFO [main] org.apache.catalina.startup.VersionLoggerListener.log Command line argument: -Dignore.endorsed.dirs=
26-Feb-2024 19:55:35.616 INFO [main] org.apache.catalina.startup.VersionLoggerListener.log Command line argument: -Dcatalina.base=/usr/local/tomcat
26-Feb-2024 19:55:35.616 INFO [main] org.apache.catalina.startup.VersionLoggerListener.log Command line argument: -Dcatalina.home=/usr/local/tomcat
26-Feb-2024 19:55:35.617 INFO [main] org.apache.catalina.startup.VersionLoggerListener.log Command line argument: -Djava.io.tmpdir=/usr/local/tomcat/temp
26-Feb-2024 19:55:35.638 INFO [main] org.apache.catalina.core.AprLifecycleListener.lifecycleEvent Loaded Apache Tomcat Native library [1.2.38] using APR version [1.7.0].
26-Feb-2024 19:55:35.638 INFO [main] org.apache.catalina.core.AprLifecycleListener.lifecycleEvent APR capabilities: IPv6 [true], sendfile [true], accept filters [false], random [true], UDS [true].
26-Feb-2024 19:55:35.639 INFO [main] org.apache.catalina.core.AprLifecycleListener.lifecycleEvent APR/OpenSSL configuration: useAprConnector [false], useOpenSSL [true]
26-Feb-2024 19:55:35.659 INFO [main] org.apache.catalina.core.AprLifecycleListener.initializeSSL OpenSSL successfully initialized [OpenSSL 3.0.2 15 Mar 2022]
26-Feb-2024 19:55:36.805 INFO [main] org.apache.coyote.AbstractProtocol.init Initializing ProtocolHandler ["http-nio-8080"]
26-Feb-2024 19:55:36.890 INFO [main] org.apache.catalina.startup.Catalina.load Server initialization in [1967] milliseconds
26-Feb-2024 19:55:37.223 INFO [main] org.apache.catalina.core.StandardService.startInternal Starting service [Catalina]
26-Feb-2024 19:55:37.223 INFO [main] org.apache.catalina.core.StandardEngine.startInternal Starting Servlet engine: [Apache Tomcat/9.0.80]
26-Feb-2024 19:55:37.263 INFO [main] org.apache.catalina.startup.HostConfig.deployWAR Deploying web application archive [/usr/local/tomcat/webapps/europass2#edci-issuer-swaggerUI.war]
26-Feb-2024 19:55:51.632 INFO [main] org.apache.jasper.servlet.TldScanner.scanJars At least one JAR was scanned for TLDs yet contained no TLDs. Enable debug logging for this logger for a complete list of JARs that were scanned but no TLDs were found in them. Skipping unneeded JARs during scanning can improve startup time and JSP compilation time.
26-Feb-2024 19:55:51.811 INFO [main] org.apache.catalina.startup.HostConfig.deployWAR Deployment of web application archive [/usr/local/tomcat/webapps/europass2#edci-issuer-swaggerUI.war] has finished in [14,547] ms
26-Feb-2024 19:55:51.868 INFO [main] org.apache.catalina.startup.HostConfig.deployWAR Deploying web application archive [/usr/local/tomcat/webapps/europass2#edci-issuer.war]
26-Feb-2024 19:56:25.071 INFO [main] org.apache.catalina.startup.HostConfig.deployWAR Deployment of web application archive [/usr/local/tomcat/webapps/europass2#edci-issuer.war] has finished in [33,202] ms
26-Feb-2024 19:56:25.102 INFO [main] org.apache.coyote.AbstractProtocol.start Starting ProtocolHandler ["http-nio-8080"]
26-Feb-2024 19:56:25.189 INFO [main] org.apache.catalina.startup.Catalina.start Server startup in [48298] milliseconds
26-Feb-2024 20:33:14.339 WARNING [main] org.apache.catalina.startup.ClassLoaderFactory.validateFile Problem with directory [/usr/local/tomcat/lib/oracle], exists: [false], isDirectory: [false], canRead: [false]
26-Feb-2024 20:33:14.342 WARNING [main] org.apache.catalina.startup.ClassLoaderFactory.validateFile Problem with directory [/usr/local/tomcat/lib/mysql], exists: [false], isDirectory: [false], canRead: [false]
26-Feb-2024 20:33:19.175 INFO [main] org.apache.catalina.startup.VersionLoggerListener.log Server version name:   Apache Tomcat/9.0.80
26-Feb-2024 20:33:19.175 INFO [main] org.apache.catalina.startup.VersionLoggerListener.log Server built:          Aug 23 2023 21:59:38 UTC
26-Feb-2024 20:33:19.175 INFO [main] org.apache.catalina.startup.VersionLoggerListener.log Server version number: 9.0.80.0
26-Feb-2024 20:33:19.175 INFO [main] org.apache.catalina.startup.VersionLoggerListener.log OS Name:               Linux
26-Feb-2024 20:33:19.176 INFO [main] org.apache.catalina.startup.VersionLoggerListener.log OS Version:            6.5.0-21-generic
26-Feb-2024 20:33:19.176 INFO [main] org.apache.catalina.startup.VersionLoggerListener.log Architecture:          amd64
26-Feb-2024 20:33:19.176 INFO [main] org.apache.catalina.startup.VersionLoggerListener.log Java Home:             /opt/java/openjdk
26-Feb-2024 20:33:19.176 INFO [main] org.apache.catalina.startup.VersionLoggerListener.log JVM Version:           11.0.20.1+1
26-Feb-2024 20:33:19.176 INFO [main] org.apache.catalina.startup.VersionLoggerListener.log JVM Vendor:            Eclipse Adoptium
26-Feb-2024 20:33:19.176 INFO [main] org.apache.catalina.startup.VersionLoggerListener.log CATALINA_BASE:         /usr/local/tomcat
26-Feb-2024 20:33:19.177 INFO [main] org.apache.catalina.startup.VersionLoggerListener.log CATALINA_HOME:         /usr/local/tomcat
26-Feb-2024 20:33:19.192 INFO [main] org.apache.catalina.startup.VersionLoggerListener.log Command line argument: --add-opens=java.base/java.lang=ALL-UNNAMED
26-Feb-2024 20:33:19.192 INFO [main] org.apache.catalina.startup.VersionLoggerListener.log Command line argument: --add-opens=java.base/java.io=ALL-UNNAMED
26-Feb-2024 20:33:19.192 INFO [main] org.apache.catalina.startup.VersionLoggerListener.log Command line argument: --add-opens=java.base/java.util=ALL-UNNAMED
26-Feb-2024 20:33:19.193 INFO [main] org.apache.catalina.startup.VersionLoggerListener.log Command line argument: --add-opens=java.base/java.util.concurrent=ALL-UNNAMED
26-Feb-2024 20:33:19.195 INFO [main] org.apache.catalina.startup.VersionLoggerListener.log Command line argument: --add-opens=java.rmi/sun.rmi.transport=ALL-UNNAMED
26-Feb-2024 20:33:19.198 INFO [main] org.apache.catalina.startup.VersionLoggerListener.log Command line argument: -Djava.util.logging.config.file=/usr/local/tomcat/conf/logging.properties
26-Feb-2024 20:33:19.198 INFO [main] org.apache.catalina.startup.VersionLoggerListener.log Command line argument: -Djava.util.logging.manager=org.apache.juli.ClassLoaderLogManager
26-Feb-2024 20:33:19.198 INFO [main] org.apache.catalina.startup.VersionLoggerListener.log Command line argument: -Djdk.tls.ephemeralDHKeySize=2048
26-Feb-2024 20:33:19.198 INFO [main] org.apache.catalina.startup.VersionLoggerListener.log Command line argument: -Djava.protocol.handler.pkgs=org.apache.catalina.webresources
26-Feb-2024 20:33:19.204 INFO [main] org.apache.catalina.startup.VersionLoggerListener.log Command line argument: -Dorg.apache.catalina.security.SecurityListener.UMASK=0027
26-Feb-2024 20:33:19.204 INFO [main] org.apache.catalina.startup.VersionLoggerListener.log Command line argument: -agentlib:jdwp=transport=dt_socket,address=*:8000,server=y,suspend=n
26-Feb-2024 20:33:19.205 INFO [main] org.apache.catalina.startup.VersionLoggerListener.log Command line argument: -Dignore.endorsed.dirs=
26-Feb-2024 20:33:19.205 INFO [main] org.apache.catalina.startup.VersionLoggerListener.log Command line argument: -Dcatalina.base=/usr/local/tomcat
26-Feb-2024 20:33:19.206 INFO [main] org.apache.catalina.startup.VersionLoggerListener.log Command line argument: -Dcatalina.home=/usr/local/tomcat
26-Feb-2024 20:33:19.206 INFO [main] org.apache.catalina.startup.VersionLoggerListener.log Command line argument: -Djava.io.tmpdir=/usr/local/tomcat/temp
26-Feb-2024 20:33:19.402 INFO [main] org.apache.catalina.core.AprLifecycleListener.lifecycleEvent Loaded Apache Tomcat Native library [1.2.38] using APR version [1.7.0].
26-Feb-2024 20:33:19.402 INFO [main] org.apache.catalina.core.AprLifecycleListener.lifecycleEvent APR capabilities: IPv6 [true], sendfile [true], accept filters [false], random [true], UDS [true].
26-Feb-2024 20:33:19.402 INFO [main] org.apache.catalina.core.AprLifecycleListener.lifecycleEvent APR/OpenSSL configuration: useAprConnector [false], useOpenSSL [true]
26-Feb-2024 20:33:19.409 INFO [main] org.apache.catalina.core.AprLifecycleListener.initializeSSL OpenSSL successfully initialized [OpenSSL 3.0.2 15 Mar 2022]
26-Feb-2024 20:33:20.320 INFO [main] org.apache.coyote.AbstractProtocol.init Initializing ProtocolHandler ["http-nio-8080"]
26-Feb-2024 20:33:20.437 INFO [main] org.apache.catalina.startup.Catalina.load Server initialization in [3379] milliseconds
26-Feb-2024 20:33:20.610 INFO [main] org.apache.catalina.core.StandardService.startInternal Starting service [Catalina]
26-Feb-2024 20:33:20.610 INFO [main] org.apache.catalina.core.StandardEngine.startInternal Starting Servlet engine: [Apache Tomcat/9.0.80]
26-Feb-2024 20:33:20.632 INFO [main] org.apache.catalina.startup.HostConfig.deployWAR Deploying web application archive [/usr/local/tomcat/webapps/europass2#edci-issuer-swaggerUI.war]
26-Feb-2024 20:33:34.817 INFO [main] org.apache.jasper.servlet.TldScanner.scanJars At least one JAR was scanned for TLDs yet contained no TLDs. Enable debug logging for this logger for a complete list of JARs that were scanned but no TLDs were found in them. Skipping unneeded JARs during scanning can improve startup time and JSP compilation time.
26-Feb-2024 20:33:35.027 INFO [main] org.apache.catalina.startup.HostConfig.deployWAR Deployment of web application archive [/usr/local/tomcat/webapps/europass2#edci-issuer-swaggerUI.war] has finished in [14,394] ms
26-Feb-2024 20:33:35.044 INFO [main] org.apache.catalina.startup.HostConfig.deployWAR Deploying web application archive [/usr/local/tomcat/webapps/europass2#edci-issuer.war]
26-Feb-2024 20:34:06.839 INFO [main] org.apache.catalina.startup.HostConfig.deployWAR Deployment of web application archive [/usr/local/tomcat/webapps/europass2#edci-issuer.war] has finished in [31,795] ms
26-Feb-2024 20:34:06.846 INFO [main] org.apache.coyote.AbstractProtocol.start Starting ProtocolHandler ["http-nio-8080"]
26-Feb-2024 20:34:06.871 INFO [main] org.apache.catalina.startup.Catalina.start Server startup in [46433] milliseconds
26-Feb-2024 21:10:41.204 WARNING [main] org.apache.catalina.startup.ClassLoaderFactory.validateFile Problem with directory [/usr/local/tomcat/lib/oracle], exists: [false], isDirectory: [false], canRead: [false]
26-Feb-2024 21:10:41.208 WARNING [main] org.apache.catalina.startup.ClassLoaderFactory.validateFile Problem with directory [/usr/local/tomcat/lib/mysql], exists: [false], isDirectory: [false], canRead: [false]
26-Feb-2024 21:10:42.392 INFO [main] org.apache.catalina.startup.VersionLoggerListener.log Server version name:   Apache Tomcat/9.0.80
26-Feb-2024 21:10:42.396 INFO [main] org.apache.catalina.startup.VersionLoggerListener.log Server built:          Aug 23 2023 21:59:38 UTC
26-Feb-2024 21:10:42.396 INFO [main] org.apache.catalina.startup.VersionLoggerListener.log Server version number: 9.0.80.0
26-Feb-2024 21:10:42.397 INFO [main] org.apache.catalina.startup.VersionLoggerListener.log OS Name:               Linux
26-Feb-2024 21:10:42.397 INFO [main] org.apache.catalina.startup.VersionLoggerListener.log OS Version:            6.5.0-21-generic
26-Feb-2024 21:10:42.398 INFO [main] org.apache.catalina.startup.VersionLoggerListener.log Architecture:          amd64
26-Feb-2024 21:10:42.398 INFO [main] org.apache.catalina.startup.VersionLoggerListener.log Java Home:             /opt/java/openjdk
26-Feb-2024 21:10:42.399 INFO [main] org.apache.catalina.startup.VersionLoggerListener.log JVM Version:           11.0.20.1+1
26-Feb-2024 21:10:42.399 INFO [main] org.apache.catalina.startup.VersionLoggerListener.log JVM Vendor:            Eclipse Adoptium
26-Feb-2024 21:10:42.400 INFO [main] org.apache.catalina.startup.VersionLoggerListener.log CATALINA_BASE:         /usr/local/tomcat
26-Feb-2024 21:10:42.400 INFO [main] org.apache.catalina.startup.VersionLoggerListener.log CATALINA_HOME:         /usr/local/tomcat
26-Feb-2024 21:10:42.409 INFO [main] org.apache.catalina.startup.VersionLoggerListener.log Command line argument: --add-opens=java.base/java.lang=ALL-UNNAMED
26-Feb-2024 21:10:42.410 INFO [main] org.apache.catalina.startup.VersionLoggerListener.log Command line argument: --add-opens=java.base/java.io=ALL-UNNAMED
26-Feb-2024 21:10:42.410 INFO [main] org.apache.catalina.startup.VersionLoggerListener.log Command line argument: --add-opens=java.base/java.util=ALL-UNNAMED
26-Feb-2024 21:10:42.411 INFO [main] org.apache.catalina.startup.VersionLoggerListener.log Command line argument: --add-opens=java.base/java.util.concurrent=ALL-UNNAMED
26-Feb-2024 21:10:42.411 INFO [main] org.apache.catalina.startup.VersionLoggerListener.log Command line argument: --add-opens=java.rmi/sun.rmi.transport=ALL-UNNAMED
26-Feb-2024 21:10:42.411 INFO [main] org.apache.catalina.startup.VersionLoggerListener.log Command line argument: -Djava.util.logging.config.file=/usr/local/tomcat/conf/logging.properties
26-Feb-2024 21:10:42.412 INFO [main] org.apache.catalina.startup.VersionLoggerListener.log Command line argument: -Djava.util.logging.manager=org.apache.juli.ClassLoaderLogManager
26-Feb-2024 21:10:42.412 INFO [main] org.apache.catalina.startup.VersionLoggerListener.log Command line argument: -Djdk.tls.ephemeralDHKeySize=2048
26-Feb-2024 21:10:42.414 INFO [main] org.apache.catalina.startup.VersionLoggerListener.log Command line argument: -Djava.protocol.handler.pkgs=org.apache.catalina.webresources
26-Feb-2024 21:10:42.414 INFO [main] org.apache.catalina.startup.VersionLoggerListener.log Command line argument: -Dorg.apache.catalina.security.SecurityListener.UMASK=0027
26-Feb-2024 21:10:42.415 INFO [main] org.apache.catalina.startup.VersionLoggerListener.log Command line argument: -agentlib:jdwp=transport=dt_socket,address=*:8000,server=y,suspend=n
26-Feb-2024 21:10:42.415 INFO [main] org.apache.catalina.startup.VersionLoggerListener.log Command line argument: -Dignore.endorsed.dirs=
26-Feb-2024 21:10:42.415 INFO [main] org.apache.catalina.startup.VersionLoggerListener.log Command line argument: -Dcatalina.base=/usr/local/tomcat
26-Feb-2024 21:10:42.416 INFO [main] org.apache.catalina.startup.VersionLoggerListener.log Command line argument: -Dcatalina.home=/usr/local/tomcat
26-Feb-2024 21:10:42.417 INFO [main] org.apache.catalina.startup.VersionLoggerListener.log Command line argument: -Djava.io.tmpdir=/usr/local/tomcat/temp
26-Feb-2024 21:10:42.466 INFO [main] org.apache.catalina.core.AprLifecycleListener.lifecycleEvent Loaded Apache Tomcat Native library [1.2.38] using APR version [1.7.0].
26-Feb-2024 21:10:42.466 INFO [main] org.apache.catalina.core.AprLifecycleListener.lifecycleEvent APR capabilities: IPv6 [true], sendfile [true], accept filters [false], random [true], UDS [true].
26-Feb-2024 21:10:42.466 INFO [main] org.apache.catalina.core.AprLifecycleListener.lifecycleEvent APR/OpenSSL configuration: useAprConnector [false], useOpenSSL [true]
26-Feb-2024 21:10:42.530 INFO [main] org.apache.catalina.core.AprLifecycleListener.initializeSSL OpenSSL successfully initialized [OpenSSL 3.0.2 15 Mar 2022]
26-Feb-2024 21:10:43.671 INFO [main] org.apache.coyote.AbstractProtocol.init Initializing ProtocolHandler ["http-nio-8080"]
26-Feb-2024 21:10:43.824 INFO [main] org.apache.catalina.startup.Catalina.load Server initialization in [2264] milliseconds
26-Feb-2024 21:10:44.178 INFO [main] org.apache.catalina.core.StandardService.startInternal Starting service [Catalina]
26-Feb-2024 21:10:44.178 INFO [main] org.apache.catalina.core.StandardEngine.startInternal Starting Servlet engine: [Apache Tomcat/9.0.80]
26-Feb-2024 21:10:44.355 INFO [main] org.apache.catalina.startup.HostConfig.deployWAR Deploying web application archive [/usr/local/tomcat/webapps/europass2#edci-issuer-swaggerUI.war]
26-Feb-2024 21:10:44.399 INFO [main] org.apache.catalina.startup.ExpandWar.expand An expanded directory [/usr/local/tomcat/webapps/europass2#edci-issuer-swaggerUI] was found with a last modified time that did not match the associated WAR. It will be deleted.
26-Feb-2024 21:10:57.866 INFO [main] org.apache.jasper.servlet.TldScanner.scanJars At least one JAR was scanned for TLDs yet contained no TLDs. Enable debug logging for this logger for a complete list of JARs that were scanned but no TLDs were found in them. Skipping unneeded JARs during scanning can improve startup time and JSP compilation time.
26-Feb-2024 21:10:58.031 INFO [main] org.apache.catalina.startup.HostConfig.deployWAR Deployment of web application archive [/usr/local/tomcat/webapps/europass2#edci-issuer-swaggerUI.war] has finished in [13,674] ms
26-Feb-2024 21:10:58.064 INFO [main] org.apache.catalina.startup.HostConfig.deployWAR Deploying web application archive [/usr/local/tomcat/webapps/europass2#edci-issuer.war]
26-Feb-2024 21:10:58.072 INFO [main] org.apache.catalina.startup.ExpandWar.expand An expanded directory [/usr/local/tomcat/webapps/europass2#edci-issuer] was found with a last modified time that did not match the associated WAR. It will be deleted.
26-Feb-2024 21:17:33.232 WARNING [main] org.apache.catalina.startup.ClassLoaderFactory.validateFile Problem with directory [/usr/local/tomcat/lib/oracle], exists: [false], isDirectory: [false], canRead: [false]
26-Feb-2024 21:17:33.236 WARNING [main] org.apache.catalina.startup.ClassLoaderFactory.validateFile Problem with directory [/usr/local/tomcat/lib/mysql], exists: [false], isDirectory: [false], canRead: [false]
26-Feb-2024 21:17:34.363 INFO [main] org.apache.catalina.startup.VersionLoggerListener.log Server version name:   Apache Tomcat/9.0.80
26-Feb-2024 21:17:34.364 INFO [main] org.apache.catalina.startup.VersionLoggerListener.log Server built:          Aug 23 2023 21:59:38 UTC
26-Feb-2024 21:17:34.365 INFO [main] org.apache.catalina.startup.VersionLoggerListener.log Server version number: 9.0.80.0
26-Feb-2024 21:17:34.365 INFO [main] org.apache.catalina.startup.VersionLoggerListener.log OS Name:               Linux
26-Feb-2024 21:17:34.365 INFO [main] org.apache.catalina.startup.VersionLoggerListener.log OS Version:            6.5.0-21-generic
26-Feb-2024 21:17:34.366 INFO [main] org.apache.catalina.startup.VersionLoggerListener.log Architecture:          amd64
26-Feb-2024 21:17:34.367 INFO [main] org.apache.catalina.startup.VersionLoggerListener.log Java Home:             /opt/java/openjdk
26-Feb-2024 21:17:34.367 INFO [main] org.apache.catalina.startup.VersionLoggerListener.log JVM Version:           11.0.20.1+1
26-Feb-2024 21:17:34.368 INFO [main] org.apache.catalina.startup.VersionLoggerListener.log JVM Vendor:            Eclipse Adoptium
26-Feb-2024 21:17:34.368 INFO [main] org.apache.catalina.startup.VersionLoggerListener.log CATALINA_BASE:         /usr/local/tomcat
26-Feb-2024 21:17:34.369 INFO [main] org.apache.catalina.startup.VersionLoggerListener.log CATALINA_HOME:         /usr/local/tomcat
26-Feb-2024 21:17:34.381 INFO [main] org.apache.catalina.startup.VersionLoggerListener.log Command line argument: --add-opens=java.base/java.lang=ALL-UNNAMED
26-Feb-2024 21:17:34.382 INFO [main] org.apache.catalina.startup.VersionLoggerListener.log Command line argument: --add-opens=java.base/java.io=ALL-UNNAMED
26-Feb-2024 21:17:34.389 INFO [main] org.apache.catalina.startup.VersionLoggerListener.log Command line argument: --add-opens=java.base/java.util=ALL-UNNAMED
26-Feb-2024 21:17:34.389 INFO [main] org.apache.catalina.startup.VersionLoggerListener.log Command line argument: --add-opens=java.base/java.util.concurrent=ALL-UNNAMED
26-Feb-2024 21:17:34.389 INFO [main] org.apache.catalina.startup.VersionLoggerListener.log Command line argument: --add-opens=java.rmi/sun.rmi.transport=ALL-UNNAMED
26-Feb-2024 21:17:34.390 INFO [main] org.apache.catalina.startup.VersionLoggerListener.log Command line argument: -Djava.util.logging.config.file=/usr/local/tomcat/conf/logging.properties
26-Feb-2024 21:17:34.390 INFO [main] org.apache.catalina.startup.VersionLoggerListener.log Command line argument: -Djava.util.logging.manager=org.apache.juli.ClassLoaderLogManager
26-Feb-2024 21:17:34.390 INFO [main] org.apache.catalina.startup.VersionLoggerListener.log Command line argument: -Djdk.tls.ephemeralDHKeySize=2048
26-Feb-2024 21:17:34.390 INFO [main] org.apache.catalina.startup.VersionLoggerListener.log Command line argument: -Djava.protocol.handler.pkgs=org.apache.catalina.webresources
26-Feb-2024 21:17:34.391 INFO [main] org.apache.catalina.startup.VersionLoggerListener.log Command line argument: -Dorg.apache.catalina.security.SecurityListener.UMASK=0027
26-Feb-2024 21:17:34.398 INFO [main] org.apache.catalina.startup.VersionLoggerListener.log Command line argument: -agentlib:jdwp=transport=dt_socket,address=*:8000,server=y,suspend=n
26-Feb-2024 21:17:34.399 INFO [main] org.apache.catalina.startup.VersionLoggerListener.log Command line argument: -Dignore.endorsed.dirs=
26-Feb-2024 21:17:34.399 INFO [main] org.apache.catalina.startup.VersionLoggerListener.log Command line argument: -Dcatalina.base=/usr/local/tomcat
26-Feb-2024 21:17:34.404 INFO [main] org.apache.catalina.startup.VersionLoggerListener.log Command line argument: -Dcatalina.home=/usr/local/tomcat
26-Feb-2024 21:17:34.404 INFO [main] org.apache.catalina.startup.VersionLoggerListener.log Command line argument: -Djava.io.tmpdir=/usr/local/tomcat/temp
26-Feb-2024 21:17:34.434 INFO [main] org.apache.catalina.core.AprLifecycleListener.lifecycleEvent Loaded Apache Tomcat Native library [1.2.38] using APR version [1.7.0].
26-Feb-2024 21:17:34.435 INFO [main] org.apache.catalina.core.AprLifecycleListener.lifecycleEvent APR capabilities: IPv6 [true], sendfile [true], accept filters [false], random [true], UDS [true].
26-Feb-2024 21:17:34.436 INFO [main] org.apache.catalina.core.AprLifecycleListener.lifecycleEvent APR/OpenSSL configuration: useAprConnector [false], useOpenSSL [true]
26-Feb-2024 21:17:34.458 INFO [main] org.apache.catalina.core.AprLifecycleListener.initializeSSL OpenSSL successfully initialized [OpenSSL 3.0.2 15 Mar 2022]
26-Feb-2024 21:17:35.757 INFO [main] org.apache.coyote.AbstractProtocol.init Initializing ProtocolHandler ["http-nio-8080"]
26-Feb-2024 21:17:35.885 INFO [main] org.apache.catalina.startup.Catalina.load Server initialization in [2243] milliseconds
26-Feb-2024 21:17:36.213 INFO [main] org.apache.catalina.core.StandardService.startInternal Starting service [Catalina]
26-Feb-2024 21:17:36.215 INFO [main] org.apache.catalina.core.StandardEngine.startInternal Starting Servlet engine: [Apache Tomcat/9.0.80]
26-Feb-2024 21:17:36.251 INFO [main] org.apache.catalina.startup.HostConfig.deployWAR Deploying web application archive [/usr/local/tomcat/webapps/europass2#edci-issuer-swaggerUI.war]
26-Feb-2024 21:17:36.341 INFO [main] org.apache.catalina.startup.ExpandWar.expand An expanded directory [/usr/local/tomcat/webapps/europass2#edci-issuer-swaggerUI] was found with a last modified time that did not match the associated WAR. It will be deleted.
26-Feb-2024 21:17:56.632 INFO [main] org.apache.jasper.servlet.TldScanner.scanJars At least one JAR was scanned for TLDs yet contained no TLDs. Enable debug logging for this logger for a complete list of JARs that were scanned but no TLDs were found in them. Skipping unneeded JARs during scanning can improve startup time and JSP compilation time.
26-Feb-2024 21:17:56.908 INFO [main] org.apache.catalina.startup.HostConfig.deployWAR Deployment of web application archive [/usr/local/tomcat/webapps/europass2#edci-issuer-swaggerUI.war] has finished in [20,655] ms
26-Feb-2024 21:17:56.932 INFO [main] org.apache.catalina.startup.HostConfig.deployWAR Deploying web application archive [/usr/local/tomcat/webapps/europass2#edci-issuer.war]
26-Feb-2024 21:17:56.947 INFO [main] org.apache.catalina.startup.ExpandWar.expand An expanded directory [/usr/local/tomcat/webapps/europass2#edci-issuer] was found with a last modified time that did not match the associated WAR. It will be deleted.
26-Feb-2024 21:18:56.729 INFO [main] org.apache.catalina.startup.HostConfig.deployWAR Deployment of web application archive [/usr/local/tomcat/webapps/europass2#edci-issuer.war] has finished in [59,724] ms
26-Feb-2024 21:18:57.185 INFO [main] org.apache.coyote.AbstractProtocol.start Starting ProtocolHandler ["http-nio-8080"]
26-Feb-2024 21:18:57.789 INFO [main] org.apache.catalina.startup.Catalina.start Server startup in [81890] milliseconds
26-Feb-2024 21:23:16.674 WARNING [main] org.apache.catalina.startup.ClassLoaderFactory.validateFile Problem with directory [/usr/local/tomcat/lib/oracle], exists: [false], isDirectory: [false], canRead: [false]
26-Feb-2024 21:23:16.678 WARNING [main] org.apache.catalina.startup.ClassLoaderFactory.validateFile Problem with directory [/usr/local/tomcat/lib/mysql], exists: [false], isDirectory: [false], canRead: [false]
26-Feb-2024 21:23:17.795 INFO [main] org.apache.catalina.startup.VersionLoggerListener.log Server version name:   Apache Tomcat/9.0.80
26-Feb-2024 21:23:17.796 INFO [main] org.apache.catalina.startup.VersionLoggerListener.log Server built:          Aug 23 2023 21:59:38 UTC
26-Feb-2024 21:23:17.796 INFO [main] org.apache.catalina.startup.VersionLoggerListener.log Server version number: 9.0.80.0
26-Feb-2024 21:23:17.796 INFO [main] org.apache.catalina.startup.VersionLoggerListener.log OS Name:               Linux
26-Feb-2024 21:23:17.796 INFO [main] org.apache.catalina.startup.VersionLoggerListener.log OS Version:            6.5.0-21-generic
26-Feb-2024 21:23:17.797 INFO [main] org.apache.catalina.startup.VersionLoggerListener.log Architecture:          amd64
26-Feb-2024 21:23:17.797 INFO [main] org.apache.catalina.startup.VersionLoggerListener.log Java Home:             /opt/java/openjdk
26-Feb-2024 21:23:17.797 INFO [main] org.apache.catalina.startup.VersionLoggerListener.log JVM Version:           11.0.20.1+1
26-Feb-2024 21:23:17.798 INFO [main] org.apache.catalina.startup.VersionLoggerListener.log JVM Vendor:            Eclipse Adoptium
26-Feb-2024 21:23:17.803 INFO [main] org.apache.catalina.startup.VersionLoggerListener.log CATALINA_BASE:         /usr/local/tomcat
26-Feb-2024 21:23:17.803 INFO [main] org.apache.catalina.startup.VersionLoggerListener.log CATALINA_HOME:         /usr/local/tomcat
26-Feb-2024 21:23:17.805 INFO [main] org.apache.catalina.startup.VersionLoggerListener.log Command line argument: --add-opens=java.base/java.lang=ALL-UNNAMED
26-Feb-2024 21:23:17.805 INFO [main] org.apache.catalina.startup.VersionLoggerListener.log Command line argument: --add-opens=java.base/java.io=ALL-UNNAMED
26-Feb-2024 21:23:17.805 INFO [main] org.apache.catalina.startup.VersionLoggerListener.log Command line argument: --add-opens=java.base/java.util=ALL-UNNAMED
26-Feb-2024 21:23:17.805 INFO [main] org.apache.catalina.startup.VersionLoggerListener.log Command line argument: --add-opens=java.base/java.util.concurrent=ALL-UNNAMED
26-Feb-2024 21:23:17.805 INFO [main] org.apache.catalina.startup.VersionLoggerListener.log Command line argument: --add-opens=java.rmi/sun.rmi.transport=ALL-UNNAMED
26-Feb-2024 21:23:17.806 INFO [main] org.apache.catalina.startup.VersionLoggerListener.log Command line argument: -Djava.util.logging.config.file=/usr/local/tomcat/conf/logging.properties
26-Feb-2024 21:23:17.806 INFO [main] org.apache.catalina.startup.VersionLoggerListener.log Command line argument: -Djava.util.logging.manager=org.apache.juli.ClassLoaderLogManager
26-Feb-2024 21:23:17.807 INFO [main] org.apache.catalina.startup.VersionLoggerListener.log Command line argument: -Djdk.tls.ephemeralDHKeySize=2048
26-Feb-2024 21:23:17.807 INFO [main] org.apache.catalina.startup.VersionLoggerListener.log Command line argument: -Djava.protocol.handler.pkgs=org.apache.catalina.webresources
26-Feb-2024 21:23:17.808 INFO [main] org.apache.catalina.startup.VersionLoggerListener.log Command line argument: -Dorg.apache.catalina.security.SecurityListener.UMASK=0027
26-Feb-2024 21:23:17.808 INFO [main] org.apache.catalina.startup.VersionLoggerListener.log Command line argument: -agentlib:jdwp=transport=dt_socket,address=*:8000,server=y,suspend=n
26-Feb-2024 21:23:17.809 INFO [main] org.apache.catalina.startup.VersionLoggerListener.log Command line argument: -Dignore.endorsed.dirs=
26-Feb-2024 21:23:17.809 INFO [main] org.apache.catalina.startup.VersionLoggerListener.log Command line argument: -Dcatalina.base=/usr/local/tomcat
26-Feb-2024 21:23:17.809 INFO [main] org.apache.catalina.startup.VersionLoggerListener.log Command line argument: -Dcatalina.home=/usr/local/tomcat
26-Feb-2024 21:23:17.809 INFO [main] org.apache.catalina.startup.VersionLoggerListener.log Command line argument: -Djava.io.tmpdir=/usr/local/tomcat/temp
26-Feb-2024 21:23:17.922 INFO [main] org.apache.catalina.core.AprLifecycleListener.lifecycleEvent Loaded Apache Tomcat Native library [1.2.38] using APR version [1.7.0].
26-Feb-2024 21:23:17.923 INFO [main] org.apache.catalina.core.AprLifecycleListener.lifecycleEvent APR capabilities: IPv6 [true], sendfile [true], accept filters [false], random [true], UDS [true].
26-Feb-2024 21:23:17.923 INFO [main] org.apache.catalina.core.AprLifecycleListener.lifecycleEvent APR/OpenSSL configuration: useAprConnector [false], useOpenSSL [true]
26-Feb-2024 21:23:17.950 INFO [main] org.apache.catalina.core.AprLifecycleListener.initializeSSL OpenSSL successfully initialized [OpenSSL 3.0.2 15 Mar 2022]
26-Feb-2024 21:23:19.168 INFO [main] org.apache.coyote.AbstractProtocol.init Initializing ProtocolHandler ["http-nio-8080"]
26-Feb-2024 21:23:24.092 INFO [main] org.apache.catalina.startup.Catalina.load Server initialization in [7038] milliseconds
26-Feb-2024 21:23:24.520 INFO [main] org.apache.catalina.core.StandardService.startInternal Starting service [Catalina]
26-Feb-2024 21:23:24.521 INFO [main] org.apache.catalina.core.StandardEngine.startInternal Starting Servlet engine: [Apache Tomcat/9.0.80]
26-Feb-2024 21:23:25.548 INFO [main] org.apache.catalina.startup.HostConfig.deployWAR Deploying web application archive [/usr/local/tomcat/webapps/europass2#edci-issuer-swaggerUI.war]
26-Feb-2024 21:23:25.631 INFO [main] org.apache.catalina.startup.ExpandWar.expand An expanded directory [/usr/local/tomcat/webapps/europass2#edci-issuer-swaggerUI] was found with a last modified time that did not match the associated WAR. It will be deleted.
26-Feb-2024 21:23:48.615 INFO [main] org.apache.jasper.servlet.TldScanner.scanJars At least one JAR was scanned for TLDs yet contained no TLDs. Enable debug logging for this logger for a complete list of JARs that were scanned but no TLDs were found in them. Skipping unneeded JARs during scanning can improve startup time and JSP compilation time.
26-Feb-2024 21:23:48.918 INFO [main] org.apache.catalina.startup.HostConfig.deployWAR Deployment of web application archive [/usr/local/tomcat/webapps/europass2#edci-issuer-swaggerUI.war] has finished in [23,367] ms
26-Feb-2024 21:23:48.943 INFO [main] org.apache.catalina.startup.HostConfig.deployWAR Deploying web application archive [/usr/local/tomcat/webapps/europass2#edci-issuer.war]
26-Feb-2024 21:23:48.956 INFO [main] org.apache.catalina.startup.ExpandWar.expand An expanded directory [/usr/local/tomcat/webapps/europass2#edci-issuer] was found with a last modified time that did not match the associated WAR. It will be deleted.
26-Feb-2024 21:25:01.278 INFO [main] org.apache.catalina.startup.HostConfig.deployWAR Deployment of web application archive [/usr/local/tomcat/webapps/europass2#edci-issuer.war] has finished in [72,335] ms
26-Feb-2024 21:25:01.297 INFO [main] org.apache.coyote.AbstractProtocol.start Starting ProtocolHandler ["http-nio-8080"]
26-Feb-2024 21:25:01.324 INFO [main] org.apache.catalina.startup.Catalina.start Server startup in [97231] milliseconds
26-Feb-2024 21:27:52.027 WARNING [main] org.apache.catalina.startup.ClassLoaderFactory.validateFile Problem with directory [/usr/local/tomcat/lib/oracle], exists: [false], isDirectory: [false], canRead: [false]
26-Feb-2024 21:27:52.030 WARNING [main] org.apache.catalina.startup.ClassLoaderFactory.validateFile Problem with directory [/usr/local/tomcat/lib/mysql], exists: [false], isDirectory: [false], canRead: [false]
26-Feb-2024 21:27:52.904 INFO [main] org.apache.catalina.startup.VersionLoggerListener.log Server version name:   Apache Tomcat/9.0.80
26-Feb-2024 21:27:52.905 INFO [main] org.apache.catalina.startup.VersionLoggerListener.log Server built:          Aug 23 2023 21:59:38 UTC
26-Feb-2024 21:27:52.905 INFO [main] org.apache.catalina.startup.VersionLoggerListener.log Server version number: 9.0.80.0
26-Feb-2024 21:27:52.905 INFO [main] org.apache.catalina.startup.VersionLoggerListener.log OS Name:               Linux
26-Feb-2024 21:27:52.905 INFO [main] org.apache.catalina.startup.VersionLoggerListener.log OS Version:            6.5.0-21-generic
26-Feb-2024 21:27:52.905 INFO [main] org.apache.catalina.startup.VersionLoggerListener.log Architecture:          amd64
26-Feb-2024 21:27:52.905 INFO [main] org.apache.catalina.startup.VersionLoggerListener.log Java Home:             /opt/java/openjdk
26-Feb-2024 21:27:52.905 INFO [main] org.apache.catalina.startup.VersionLoggerListener.log JVM Version:           11.0.20.1+1
26-Feb-2024 21:27:52.906 INFO [main] org.apache.catalina.startup.VersionLoggerListener.log JVM Vendor:            Eclipse Adoptium
26-Feb-2024 21:27:52.906 INFO [main] org.apache.catalina.startup.VersionLoggerListener.log CATALINA_BASE:         /usr/local/tomcat
26-Feb-2024 21:27:52.906 INFO [main] org.apache.catalina.startup.VersionLoggerListener.log CATALINA_HOME:         /usr/local/tomcat
26-Feb-2024 21:27:52.909 INFO [main] org.apache.catalina.startup.VersionLoggerListener.log Command line argument: --add-opens=java.base/java.lang=ALL-UNNAMED
26-Feb-2024 21:27:52.909 INFO [main] org.apache.catalina.startup.VersionLoggerListener.log Command line argument: --add-opens=java.base/java.io=ALL-UNNAMED
26-Feb-2024 21:27:52.909 INFO [main] org.apache.catalina.startup.VersionLoggerListener.log Command line argument: --add-opens=java.base/java.util=ALL-UNNAMED
26-Feb-2024 21:27:52.909 INFO [main] org.apache.catalina.startup.VersionLoggerListener.log Command line argument: --add-opens=java.base/java.util.concurrent=ALL-UNNAMED
26-Feb-2024 21:27:52.909 INFO [main] org.apache.catalina.startup.VersionLoggerListener.log Command line argument: --add-opens=java.rmi/sun.rmi.transport=ALL-UNNAMED
26-Feb-2024 21:27:52.909 INFO [main] org.apache.catalina.startup.VersionLoggerListener.log Command line argument: -Djava.util.logging.config.file=/usr/local/tomcat/conf/logging.properties
26-Feb-2024 21:27:52.909 INFO [main] org.apache.catalina.startup.VersionLoggerListener.log Command line argument: -Djava.util.logging.manager=org.apache.juli.ClassLoaderLogManager
26-Feb-2024 21:27:52.910 INFO [main] org.apache.catalina.startup.VersionLoggerListener.log Command line argument: -Djdk.tls.ephemeralDHKeySize=2048
26-Feb-2024 21:27:52.910 INFO [main] org.apache.catalina.startup.VersionLoggerListener.log Command line argument: -Djava.protocol.handler.pkgs=org.apache.catalina.webresources
26-Feb-2024 21:27:52.910 INFO [main] org.apache.catalina.startup.VersionLoggerListener.log Command line argument: -Dorg.apache.catalina.security.SecurityListener.UMASK=0027
26-Feb-2024 21:27:52.910 INFO [main] org.apache.catalina.startup.VersionLoggerListener.log Command line argument: -agentlib:jdwp=transport=dt_socket,address=*:8000,server=y,suspend=n
26-Feb-2024 21:27:52.910 INFO [main] org.apache.catalina.startup.VersionLoggerListener.log Command line argument: -Dignore.endorsed.dirs=
26-Feb-2024 21:27:52.910 INFO [main] org.apache.catalina.startup.VersionLoggerListener.log Command line argument: -Dcatalina.base=/usr/local/tomcat
26-Feb-2024 21:27:52.910 INFO [main] org.apache.catalina.startup.VersionLoggerListener.log Command line argument: -Dcatalina.home=/usr/local/tomcat
26-Feb-2024 21:27:52.910 INFO [main] org.apache.catalina.startup.VersionLoggerListener.log Command line argument: -Djava.io.tmpdir=/usr/local/tomcat/temp
26-Feb-2024 21:27:52.957 INFO [main] org.apache.catalina.core.AprLifecycleListener.lifecycleEvent Loaded Apache Tomcat Native library [1.2.38] using APR version [1.7.0].
26-Feb-2024 21:27:52.957 INFO [main] org.apache.catalina.core.AprLifecycleListener.lifecycleEvent APR capabilities: IPv6 [true], sendfile [true], accept filters [false], random [true], UDS [true].
26-Feb-2024 21:27:52.957 INFO [main] org.apache.catalina.core.AprLifecycleListener.lifecycleEvent APR/OpenSSL configuration: useAprConnector [false], useOpenSSL [true]
26-Feb-2024 21:27:52.981 INFO [main] org.apache.catalina.core.AprLifecycleListener.initializeSSL OpenSSL successfully initialized [OpenSSL 3.0.2 15 Mar 2022]
26-Feb-2024 21:27:53.743 INFO [main] org.apache.coyote.AbstractProtocol.init Initializing ProtocolHandler ["http-nio-8080"]
26-Feb-2024 21:27:53.861 INFO [main] org.apache.catalina.startup.Catalina.load Server initialization in [1380] milliseconds
26-Feb-2024 21:27:53.987 INFO [main] org.apache.catalina.core.StandardService.startInternal Starting service [Catalina]
26-Feb-2024 21:27:53.988 INFO [main] org.apache.catalina.core.StandardEngine.startInternal Starting Servlet engine: [Apache Tomcat/9.0.80]
26-Feb-2024 21:27:54.021 INFO [main] org.apache.catalina.startup.HostConfig.deployWAR Deploying web application archive [/usr/local/tomcat/webapps/europass2#edci-issuer-swaggerUI.war]
26-Feb-2024 21:27:54.072 INFO [main] org.apache.catalina.startup.ExpandWar.expand An expanded directory [/usr/local/tomcat/webapps/europass2#edci-issuer-swaggerUI] was found with a last modified time that did not match the associated WAR. It will be deleted.
26-Feb-2024 21:28:10.524 INFO [main] org.apache.jasper.servlet.TldScanner.scanJars At least one JAR was scanned for TLDs yet contained no TLDs. Enable debug logging for this logger for a complete list of JARs that were scanned but no TLDs were found in them. Skipping unneeded JARs during scanning can improve startup time and JSP compilation time.
26-Feb-2024 21:28:10.862 INFO [main] org.apache.catalina.startup.HostConfig.deployWAR Deployment of web application archive [/usr/local/tomcat/webapps/europass2#edci-issuer-swaggerUI.war] has finished in [16,840] ms
26-Feb-2024 21:28:10.879 INFO [main] org.apache.catalina.startup.HostConfig.deployWAR Deploying web application archive [/usr/local/tomcat/webapps/europass2#edci-issuer.war]
26-Feb-2024 21:28:10.886 INFO [main] org.apache.catalina.startup.ExpandWar.expand An expanded directory [/usr/local/tomcat/webapps/europass2#edci-issuer] was found with a last modified time that did not match the associated WAR. It will be deleted.
26-Feb-2024 21:28:43.171 INFO [main] org.apache.catalina.startup.HostConfig.deployWAR Deployment of web application archive [/usr/local/tomcat/webapps/europass2#edci-issuer.war] has finished in [32,292] ms
26-Feb-2024 21:28:43.188 INFO [main] org.apache.coyote.AbstractProtocol.start Starting ProtocolHandler ["http-nio-8080"]
26-Feb-2024 21:28:43.247 INFO [main] org.apache.catalina.startup.Catalina.start Server startup in [49384] milliseconds
26-Feb-2024 22:02:43.510 WARNING [main] org.apache.catalina.startup.ClassLoaderFactory.validateFile Problem with directory [/usr/local/tomcat/lib/oracle], exists: [false], isDirectory: [false], canRead: [false]
26-Feb-2024 22:02:43.514 WARNING [main] org.apache.catalina.startup.ClassLoaderFactory.validateFile Problem with directory [/usr/local/tomcat/lib/mysql], exists: [false], isDirectory: [false], canRead: [false]
26-Feb-2024 22:02:44.081 INFO [main] org.apache.catalina.startup.VersionLoggerListener.log Server version name:   Apache Tomcat/9.0.80
26-Feb-2024 22:02:44.082 INFO [main] org.apache.catalina.startup.VersionLoggerListener.log Server built:          Aug 23 2023 21:59:38 UTC
26-Feb-2024 22:02:44.082 INFO [main] org.apache.catalina.startup.VersionLoggerListener.log Server version number: 9.0.80.0
26-Feb-2024 22:02:44.083 INFO [main] org.apache.catalina.startup.VersionLoggerListener.log OS Name:               Linux
26-Feb-2024 22:02:44.083 INFO [main] org.apache.catalina.startup.VersionLoggerListener.log OS Version:            6.5.0-21-generic
26-Feb-2024 22:02:44.084 INFO [main] org.apache.catalina.startup.VersionLoggerListener.log Architecture:          amd64
26-Feb-2024 22:02:44.084 INFO [main] org.apache.catalina.startup.VersionLoggerListener.log Java Home:             /opt/java/openjdk
26-Feb-2024 22:02:44.085 INFO [main] org.apache.catalina.startup.VersionLoggerListener.log JVM Version:           11.0.20.1+1
26-Feb-2024 22:02:44.085 INFO [main] org.apache.catalina.startup.VersionLoggerListener.log JVM Vendor:            Eclipse Adoptium
26-Feb-2024 22:02:44.085 INFO [main] org.apache.catalina.startup.VersionLoggerListener.log CATALINA_BASE:         /usr/local/tomcat
26-Feb-2024 22:02:44.086 INFO [main] org.apache.catalina.startup.VersionLoggerListener.log CATALINA_HOME:         /usr/local/tomcat
26-Feb-2024 22:02:44.087 INFO [main] org.apache.catalina.startup.VersionLoggerListener.log Command line argument: --add-opens=java.base/java.lang=ALL-UNNAMED
26-Feb-2024 22:02:44.088 INFO [main] org.apache.catalina.startup.VersionLoggerListener.log Command line argument: --add-opens=java.base/java.io=ALL-UNNAMED
26-Feb-2024 22:02:44.088 INFO [main] org.apache.catalina.startup.VersionLoggerListener.log Command line argument: --add-opens=java.base/java.util=ALL-UNNAMED
26-Feb-2024 22:02:44.089 INFO [main] org.apache.catalina.startup.VersionLoggerListener.log Command line argument: --add-opens=java.base/java.util.concurrent=ALL-UNNAMED
26-Feb-2024 22:02:44.090 INFO [main] org.apache.catalina.startup.VersionLoggerListener.log Command line argument: --add-opens=java.rmi/sun.rmi.transport=ALL-UNNAMED
26-Feb-2024 22:02:44.090 INFO [main] org.apache.catalina.startup.VersionLoggerListener.log Command line argument: -Djava.util.logging.config.file=/usr/local/tomcat/conf/logging.properties
26-Feb-2024 22:02:44.090 INFO [main] org.apache.catalina.startup.VersionLoggerListener.log Command line argument: -Djava.util.logging.manager=org.apache.juli.ClassLoaderLogManager
26-Feb-2024 22:02:44.090 INFO [main] org.apache.catalina.startup.VersionLoggerListener.log Command line argument: -Djdk.tls.ephemeralDHKeySize=2048
26-Feb-2024 22:02:44.090 INFO [main] org.apache.catalina.startup.VersionLoggerListener.log Command line argument: -Djava.protocol.handler.pkgs=org.apache.catalina.webresources
26-Feb-2024 22:02:44.090 INFO [main] org.apache.catalina.startup.VersionLoggerListener.log Command line argument: -Dorg.apache.catalina.security.SecurityListener.UMASK=0027
26-Feb-2024 22:02:44.090 INFO [main] org.apache.catalina.startup.VersionLoggerListener.log Command line argument: -agentlib:jdwp=transport=dt_socket,address=*:8000,server=y,suspend=n
26-Feb-2024 22:02:44.090 INFO [main] org.apache.catalina.startup.VersionLoggerListener.log Command line argument: -Dignore.endorsed.dirs=
26-Feb-2024 22:02:44.091 INFO [main] org.apache.catalina.startup.VersionLoggerListener.log Command line argument: -Dcatalina.base=/usr/local/tomcat
26-Feb-2024 22:02:44.091 INFO [main] org.apache.catalina.startup.VersionLoggerListener.log Command line argument: -Dcatalina.home=/usr/local/tomcat
26-Feb-2024 22:02:44.091 INFO [main] org.apache.catalina.startup.VersionLoggerListener.log Command line argument: -Djava.io.tmpdir=/usr/local/tomcat/temp
26-Feb-2024 22:02:44.147 INFO [main] org.apache.catalina.core.AprLifecycleListener.lifecycleEvent Loaded Apache Tomcat Native library [1.2.38] using APR version [1.7.0].
26-Feb-2024 22:02:44.147 INFO [main] org.apache.catalina.core.AprLifecycleListener.lifecycleEvent APR capabilities: IPv6 [true], sendfile [true], accept filters [false], random [true], UDS [true].
26-Feb-2024 22:02:44.147 INFO [main] org.apache.catalina.core.AprLifecycleListener.lifecycleEvent APR/OpenSSL configuration: useAprConnector [false], useOpenSSL [true]
26-Feb-2024 22:02:44.176 INFO [main] org.apache.catalina.core.AprLifecycleListener.initializeSSL OpenSSL successfully initialized [OpenSSL 3.0.2 15 Mar 2022]
26-Feb-2024 22:02:44.775 INFO [main] org.apache.coyote.AbstractProtocol.init Initializing ProtocolHandler ["http-nio-8080"]
26-Feb-2024 22:02:45.041 INFO [main] org.apache.catalina.startup.Catalina.load Server initialization in [1327] milliseconds
26-Feb-2024 22:02:45.224 INFO [main] org.apache.catalina.core.StandardService.startInternal Starting service [Catalina]
26-Feb-2024 22:02:45.224 INFO [main] org.apache.catalina.core.StandardEngine.startInternal Starting Servlet engine: [Apache Tomcat/9.0.80]
26-Feb-2024 22:02:45.253 INFO [main] org.apache.catalina.startup.HostConfig.deployWAR Deploying web application archive [/usr/local/tomcat/webapps/europass2#edci-issuer-swaggerUI.war]
26-Feb-2024 22:02:56.860 INFO [main] org.apache.jasper.servlet.TldScanner.scanJars At least one JAR was scanned for TLDs yet contained no TLDs. Enable debug logging for this logger for a complete list of JARs that were scanned but no TLDs were found in them. Skipping unneeded JARs during scanning can improve startup time and JSP compilation time.
26-Feb-2024 22:02:57.001 INFO [main] org.apache.catalina.startup.HostConfig.deployWAR Deployment of web application archive [/usr/local/tomcat/webapps/europass2#edci-issuer-swaggerUI.war] has finished in [11,747] ms
26-Feb-2024 22:02:57.022 INFO [main] org.apache.catalina.startup.HostConfig.deployWAR Deploying web application archive [/usr/local/tomcat/webapps/europass2#edci-issuer.war]
26-Feb-2024 22:03:34.640 INFO [main] org.apache.catalina.startup.HostConfig.deployWAR Deployment of web application archive [/usr/local/tomcat/webapps/europass2#edci-issuer.war] has finished in [37,619] ms
26-Feb-2024 22:03:34.647 INFO [main] org.apache.coyote.AbstractProtocol.start Starting ProtocolHandler ["http-nio-8080"]
26-Feb-2024 22:03:34.676 INFO [main] org.apache.catalina.startup.Catalina.start Server startup in [49634] milliseconds
26-Feb-2024 23:22:13.455 WARNING [main] org.apache.catalina.startup.ClassLoaderFactory.validateFile Problem with directory [/usr/local/tomcat/lib/oracle], exists: [false], isDirectory: [false], canRead: [false]
26-Feb-2024 23:22:13.468 WARNING [main] org.apache.catalina.startup.ClassLoaderFactory.validateFile Problem with directory [/usr/local/tomcat/lib/mysql], exists: [false], isDirectory: [false], canRead: [false]
26-Feb-2024 23:22:14.684 INFO [main] org.apache.catalina.startup.VersionLoggerListener.log Server version name:   Apache Tomcat/9.0.80
26-Feb-2024 23:22:14.685 INFO [main] org.apache.catalina.startup.VersionLoggerListener.log Server built:          Aug 23 2023 21:59:38 UTC
26-Feb-2024 23:22:14.685 INFO [main] org.apache.catalina.startup.VersionLoggerListener.log Server version number: 9.0.80.0
26-Feb-2024 23:22:14.686 INFO [main] org.apache.catalina.startup.VersionLoggerListener.log OS Name:               Linux
26-Feb-2024 23:22:14.686 INFO [main] org.apache.catalina.startup.VersionLoggerListener.log OS Version:            6.5.0-21-generic
26-Feb-2024 23:22:14.687 INFO [main] org.apache.catalina.startup.VersionLoggerListener.log Architecture:          amd64
26-Feb-2024 23:22:14.687 INFO [main] org.apache.catalina.startup.VersionLoggerListener.log Java Home:             /opt/java/openjdk
26-Feb-2024 23:22:14.687 INFO [main] org.apache.catalina.startup.VersionLoggerListener.log JVM Version:           11.0.20.1+1
26-Feb-2024 23:22:14.687 INFO [main] org.apache.catalina.startup.VersionLoggerListener.log JVM Vendor:            Eclipse Adoptium
26-Feb-2024 23:22:14.688 INFO [main] org.apache.catalina.startup.VersionLoggerListener.log CATALINA_BASE:         /usr/local/tomcat
26-Feb-2024 23:22:14.688 INFO [main] org.apache.catalina.startup.VersionLoggerListener.log CATALINA_HOME:         /usr/local/tomcat
26-Feb-2024 23:22:14.691 INFO [main] org.apache.catalina.startup.VersionLoggerListener.log Command line argument: --add-opens=java.base/java.lang=ALL-UNNAMED
26-Feb-2024 23:22:14.692 INFO [main] org.apache.catalina.startup.VersionLoggerListener.log Command line argument: --add-opens=java.base/java.io=ALL-UNNAMED
26-Feb-2024 23:22:14.692 INFO [main] org.apache.catalina.startup.VersionLoggerListener.log Command line argument: --add-opens=java.base/java.util=ALL-UNNAMED
26-Feb-2024 23:22:14.695 INFO [main] org.apache.catalina.startup.VersionLoggerListener.log Command line argument: --add-opens=java.base/java.util.concurrent=ALL-UNNAMED
26-Feb-2024 23:22:14.696 INFO [main] org.apache.catalina.startup.VersionLoggerListener.log Command line argument: --add-opens=java.rmi/sun.rmi.transport=ALL-UNNAMED
26-Feb-2024 23:22:14.696 INFO [main] org.apache.catalina.startup.VersionLoggerListener.log Command line argument: -Djava.util.logging.config.file=/usr/local/tomcat/conf/logging.properties
26-Feb-2024 23:22:14.697 INFO [main] org.apache.catalina.startup.VersionLoggerListener.log Command line argument: -Djava.util.logging.manager=org.apache.juli.ClassLoaderLogManager
26-Feb-2024 23:22:14.697 INFO [main] org.apache.catalina.startup.VersionLoggerListener.log Command line argument: -Djdk.tls.ephemeralDHKeySize=2048
26-Feb-2024 23:22:14.699 INFO [main] org.apache.catalina.startup.VersionLoggerListener.log Command line argument: -Djava.protocol.handler.pkgs=org.apache.catalina.webresources
26-Feb-2024 23:22:14.699 INFO [main] org.apache.catalina.startup.VersionLoggerListener.log Command line argument: -Dorg.apache.catalina.security.SecurityListener.UMASK=0027
26-Feb-2024 23:22:14.700 INFO [main] org.apache.catalina.startup.VersionLoggerListener.log Command line argument: -agentlib:jdwp=transport=dt_socket,address=*:8000,server=y,suspend=n
26-Feb-2024 23:22:14.700 INFO [main] org.apache.catalina.startup.VersionLoggerListener.log Command line argument: -Dignore.endorsed.dirs=
26-Feb-2024 23:22:14.700 INFO [main] org.apache.catalina.startup.VersionLoggerListener.log Command line argument: -Dcatalina.base=/usr/local/tomcat
26-Feb-2024 23:22:14.701 INFO [main] org.apache.catalina.startup.VersionLoggerListener.log Command line argument: -Dcatalina.home=/usr/local/tomcat
26-Feb-2024 23:22:14.701 INFO [main] org.apache.catalina.startup.VersionLoggerListener.log Command line argument: -Djava.io.tmpdir=/usr/local/tomcat/temp
26-Feb-2024 23:22:14.744 INFO [main] org.apache.catalina.core.AprLifecycleListener.lifecycleEvent Loaded Apache Tomcat Native library [1.2.38] using APR version [1.7.0].
26-Feb-2024 23:22:14.744 INFO [main] org.apache.catalina.core.AprLifecycleListener.lifecycleEvent APR capabilities: IPv6 [true], sendfile [true], accept filters [false], random [true], UDS [true].
26-Feb-2024 23:22:14.746 INFO [main] org.apache.catalina.core.AprLifecycleListener.lifecycleEvent APR/OpenSSL configuration: useAprConnector [false], useOpenSSL [true]
26-Feb-2024 23:22:14.800 INFO [main] org.apache.catalina.core.AprLifecycleListener.initializeSSL OpenSSL successfully initialized [OpenSSL 3.0.2 15 Mar 2022]
26-Feb-2024 23:22:15.729 INFO [main] org.apache.coyote.AbstractProtocol.init Initializing ProtocolHandler ["http-nio-8080"]
26-Feb-2024 23:22:15.820 INFO [main] org.apache.catalina.startup.Catalina.load Server initialization in [1947] milliseconds
26-Feb-2024 23:22:15.955 INFO [main] org.apache.catalina.core.StandardService.startInternal Starting service [Catalina]
26-Feb-2024 23:22:15.956 INFO [main] org.apache.catalina.core.StandardEngine.startInternal Starting Servlet engine: [Apache Tomcat/9.0.80]
26-Feb-2024 23:22:15.975 INFO [main] org.apache.catalina.startup.HostConfig.deployWAR Deploying web application archive [/usr/local/tomcat/webapps/europass2#edci-issuer-swaggerUI.war]
26-Feb-2024 23:22:15.995 INFO [main] org.apache.catalina.startup.ExpandWar.expand An expanded directory [/usr/local/tomcat/webapps/europass2#edci-issuer-swaggerUI] was found with a last modified time that did not match the associated WAR. It will be deleted.
26-Feb-2024 23:22:30.304 INFO [main] org.apache.jasper.servlet.TldScanner.scanJars At least one JAR was scanned for TLDs yet contained no TLDs. Enable debug logging for this logger for a complete list of JARs that were scanned but no TLDs were found in them. Skipping unneeded JARs during scanning can improve startup time and JSP compilation time.
26-Feb-2024 23:22:30.373 INFO [main] org.apache.catalina.startup.HostConfig.deployWAR Deployment of web application archive [/usr/local/tomcat/webapps/europass2#edci-issuer-swaggerUI.war] has finished in [14,397] ms
26-Feb-2024 23:22:30.379 INFO [main] org.apache.catalina.startup.HostConfig.deployWAR Deploying web application archive [/usr/local/tomcat/webapps/europass2#edci-issuer.war]
26-Feb-2024 23:22:30.385 INFO [main] org.apache.catalina.startup.ExpandWar.expand An expanded directory [/usr/local/tomcat/webapps/europass2#edci-issuer] was found with a last modified time that did not match the associated WAR. It will be deleted.
26-Feb-2024 23:22:53.862 INFO [main] org.apache.catalina.startup.HostConfig.deployWAR Deployment of web application archive [/usr/local/tomcat/webapps/europass2#edci-issuer.war] has finished in [23,482] ms
26-Feb-2024 23:22:53.899 INFO [main] org.apache.coyote.AbstractProtocol.start Starting ProtocolHandler ["http-nio-8080"]
26-Feb-2024 23:22:53.947 INFO [main] org.apache.catalina.startup.Catalina.start Server startup in [38127] milliseconds
