25-Sep-2023 13:52:22.177 INFO [main] org.apache.jasper.servlet.TldScanner.scanJars At least one JAR was scanned for TLDs yet contained no TLDs. Enable debug logging for this logger for a complete list of JARs that were scanned but no TLDs were found in them. Skipping unneeded JARs during scanning can improve startup time and JSP compilation time.
25-Sep-2023 13:52:22.218 INFO [main] org.apache.catalina.core.ApplicationContext.log No Spring WebApplicationInitializer types detected on classpath
25-Sep-2023 13:52:22.253 INFO [main] org.apache.catalina.core.ApplicationContext.log Initializing Spring root WebApplicationContext
25-Sep-2023 13:52:45.314 INFO [main] liquibase.lockservice.null Successfully acquired change log lock
25-Sep-2023 13:52:45.323 INFO [main] liquibase.servicelocator.null Cannot load service: liquibase.parser.ChangeLogParser: liquibase.parser.core.json.JsonChangeLogParser Unable to get public no-arg constructor
25-Sep-2023 13:52:45.330 INFO [main] liquibase.servicelocator.null Cannot load service: liquibase.parser.ChangeLogParser: liquibase.parser.core.yaml.YamlChangeLogParser Unable to get public no-arg constructor
25-Sep-2023 13:52:47.606 INFO [main] liquibase.changelog.null Reading from edci.DATABASECHANGELOG
25-Sep-2023 13:52:47.689 INFO [main] liquibase.servicelocator.null Cannot load service: liquibase.hub.HubService: Provider liquibase.hub.core.StandardHubService could not be instantiated
25-Sep-2023 13:52:47.713 INFO [main] liquibase.changelog.null Change set changeLog/liquibase-changelog-1.7.xml::set_nullable_to_defaultTitle::edci failed, but failOnError was false.  Error: Unknown column 'DEFAULT_TITLE' in 'SPEC_EUROPASS_CREDENTIAL' [Failed SQL: (1054) ALTER TABLE edci.SPEC_EUROPASS_CREDENTIAL MODIFY DEFAULT_TITLE VARCHAR(255)]
25-Sep-2023 13:52:47.725 INFO [main] liquibase.changelog.null Change set changeLog/liquibase-changelog-1.7.xml::copy_defaultTitle_to_Label::edci failed, but failOnError was false.  Error: Unknown column 'DEFAULT_TITLE' in 'field list' [Failed SQL: (1054) UPDATE edci.SPEC_EUROPASS_CREDENTIAL SET LABEL = DEFAULT_TITLE WHERE LABEL is null]
25-Sep-2023 13:52:47.752 INFO [main] liquibase.lockservice.null Successfully released change log lock
25-Sep-2023 13:52:48.047 INFO [main] org.apache.catalina.core.ApplicationContext.log Initializing Spring DispatcherServlet 'spring-MVC'
25-Sep-2023 13:52:49.151 INFO [main] org.apache.catalina.core.ApplicationContext.log Initializing Spring DispatcherServlet 'spring-REST'
25-Sep-2023 15:29:31.145 INFO [main] org.apache.jasper.servlet.TldScanner.scanJars At least one JAR was scanned for TLDs yet contained no TLDs. Enable debug logging for this logger for a complete list of JARs that were scanned but no TLDs were found in them. Skipping unneeded JARs during scanning can improve startup time and JSP compilation time.
25-Sep-2023 15:29:31.182 INFO [main] org.apache.catalina.core.ApplicationContext.log No Spring WebApplicationInitializer types detected on classpath
25-Sep-2023 15:29:31.199 INFO [main] org.apache.catalina.core.ApplicationContext.log Initializing Spring root WebApplicationContext
25-Sep-2023 15:29:55.406 INFO [main] liquibase.lockservice.null Successfully acquired change log lock
25-Sep-2023 15:29:55.415 INFO [main] liquibase.servicelocator.null Cannot load service: liquibase.parser.ChangeLogParser: liquibase.parser.core.json.JsonChangeLogParser Unable to get public no-arg constructor
25-Sep-2023 15:29:55.422 INFO [main] liquibase.servicelocator.null Cannot load service: liquibase.parser.ChangeLogParser: liquibase.parser.core.yaml.YamlChangeLogParser Unable to get public no-arg constructor
25-Sep-2023 15:29:58.634 INFO [main] liquibase.changelog.null Reading from edci.DATABASECHANGELOG
25-Sep-2023 15:29:58.706 INFO [main] liquibase.servicelocator.null Cannot load service: liquibase.hub.HubService: Provider liquibase.hub.core.StandardHubService could not be instantiated
25-Sep-2023 15:29:58.719 INFO [main] liquibase.changelog.null Change set changeLog/liquibase-changelog-1.7.xml::set_nullable_to_defaultTitle::edci failed, but failOnError was false.  Error: Unknown column 'DEFAULT_TITLE' in 'SPEC_EUROPASS_CREDENTIAL' [Failed SQL: (1054) ALTER TABLE edci.SPEC_EUROPASS_CREDENTIAL MODIFY DEFAULT_TITLE VARCHAR(255)]
25-Sep-2023 15:29:58.724 INFO [main] liquibase.changelog.null Change set changeLog/liquibase-changelog-1.7.xml::copy_defaultTitle_to_Label::edci failed, but failOnError was false.  Error: Unknown column 'DEFAULT_TITLE' in 'field list' [Failed SQL: (1054) UPDATE edci.SPEC_EUROPASS_CREDENTIAL SET LABEL = DEFAULT_TITLE WHERE LABEL is null]
25-Sep-2023 15:29:58.741 INFO [main] liquibase.lockservice.null Successfully released change log lock
25-Sep-2023 15:29:58.886 INFO [main] org.apache.catalina.core.ApplicationContext.log Initializing Spring DispatcherServlet 'spring-MVC'
25-Sep-2023 15:29:59.817 INFO [main] org.apache.catalina.core.ApplicationContext.log Initializing Spring DispatcherServlet 'spring-REST'
