26-Feb-2024 19:56:02.995 INFO [main] org.apache.jasper.servlet.TldScanner.scanJars At least one JAR was scanned for TLDs yet contained no TLDs. Enable debug logging for this logger for a complete list of JARs that were scanned but no TLDs were found in them. Skipping unneeded JARs during scanning can improve startup time and JSP compilation time.
26-Feb-2024 19:56:02.999 INFO [main] org.apache.catalina.core.ApplicationContext.log No Spring WebApplicationInitializer types detected on classpath
26-Feb-2024 19:56:03.013 INFO [main] org.apache.catalina.core.ApplicationContext.log Initializing Spring root WebApplicationContext
26-Feb-2024 19:56:19.486 INFO [main] liquibase.lockservice.null Successfully acquired change log lock
26-Feb-2024 19:56:19.491 INFO [main] liquibase.servicelocator.null Cannot load service: liquibase.parser.ChangeLogParser: liquibase.parser.core.json.JsonChangeLogParser Unable to get public no-arg constructor
26-Feb-2024 19:56:19.495 INFO [main] liquibase.servicelocator.null Cannot load service: liquibase.parser.ChangeLogParser: liquibase.parser.core.yaml.YamlChangeLogParser Unable to get public no-arg constructor
26-Feb-2024 19:56:21.886 INFO [main] liquibase.changelog.null Reading from edci.DATABASECHANGELOG
26-Feb-2024 19:56:21.957 INFO [main] liquibase.servicelocator.null Cannot load service: liquibase.hub.HubService: Provider liquibase.hub.core.StandardHubService could not be instantiated
26-Feb-2024 19:56:21.968 INFO [main] liquibase.changelog.null Change set changeLog/liquibase-changelog-1.7.xml::set_nullable_to_defaultTitle::edci failed, but failOnError was false.  Error: Unknown column 'DEFAULT_TITLE' in 'SPEC_EUROPASS_CREDENTIAL' [Failed SQL: (1054) ALTER TABLE edci.SPEC_EUROPASS_CREDENTIAL MODIFY DEFAULT_TITLE VARCHAR(255)]
26-Feb-2024 19:56:21.973 INFO [main] liquibase.changelog.null Change set changeLog/liquibase-changelog-1.7.xml::copy_defaultTitle_to_Label::edci failed, but failOnError was false.  Error: Unknown column 'DEFAULT_TITLE' in 'field list' [Failed SQL: (1054) UPDATE edci.SPEC_EUROPASS_CREDENTIAL SET LABEL = DEFAULT_TITLE WHERE LABEL is null]
26-Feb-2024 19:56:21.980 INFO [main] liquibase.lockservice.null Successfully released change log lock
26-Feb-2024 19:56:22.093 INFO [main] org.apache.catalina.core.ApplicationContext.log Initializing Spring DispatcherServlet 'spring-MVC'
26-Feb-2024 19:56:22.839 INFO [main] org.apache.catalina.core.ApplicationContext.log Initializing Spring DispatcherServlet 'spring-REST'
26-Feb-2024 20:33:46.173 INFO [main] org.apache.jasper.servlet.TldScanner.scanJars At least one JAR was scanned for TLDs yet contained no TLDs. Enable debug logging for this logger for a complete list of JARs that were scanned but no TLDs were found in them. Skipping unneeded JARs during scanning can improve startup time and JSP compilation time.
26-Feb-2024 20:33:46.181 INFO [main] org.apache.catalina.core.ApplicationContext.log No Spring WebApplicationInitializer types detected on classpath
26-Feb-2024 20:33:46.191 INFO [main] org.apache.catalina.core.ApplicationContext.log Initializing Spring root WebApplicationContext
26-Feb-2024 20:34:02.805 INFO [main] liquibase.lockservice.null Successfully acquired change log lock
26-Feb-2024 20:34:02.811 INFO [main] liquibase.servicelocator.null Cannot load service: liquibase.parser.ChangeLogParser: liquibase.parser.core.json.JsonChangeLogParser Unable to get public no-arg constructor
26-Feb-2024 20:34:02.822 INFO [main] liquibase.servicelocator.null Cannot load service: liquibase.parser.ChangeLogParser: liquibase.parser.core.yaml.YamlChangeLogParser Unable to get public no-arg constructor
26-Feb-2024 20:34:05.336 INFO [main] liquibase.changelog.null Reading from edci.DATABASECHANGELOG
26-Feb-2024 20:34:05.406 INFO [main] liquibase.servicelocator.null Cannot load service: liquibase.hub.HubService: Provider liquibase.hub.core.StandardHubService could not be instantiated
26-Feb-2024 20:34:05.419 INFO [main] liquibase.changelog.null Change set changeLog/liquibase-changelog-1.7.xml::set_nullable_to_defaultTitle::edci failed, but failOnError was false.  Error: Unknown column 'DEFAULT_TITLE' in 'SPEC_EUROPASS_CREDENTIAL' [Failed SQL: (1054) ALTER TABLE edci.SPEC_EUROPASS_CREDENTIAL MODIFY DEFAULT_TITLE VARCHAR(255)]
26-Feb-2024 20:34:05.422 INFO [main] liquibase.changelog.null Change set changeLog/liquibase-changelog-1.7.xml::copy_defaultTitle_to_Label::edci failed, but failOnError was false.  Error: Unknown column 'DEFAULT_TITLE' in 'field list' [Failed SQL: (1054) UPDATE edci.SPEC_EUROPASS_CREDENTIAL SET LABEL = DEFAULT_TITLE WHERE LABEL is null]
26-Feb-2024 20:34:05.427 INFO [main] liquibase.lockservice.null Successfully released change log lock
26-Feb-2024 20:34:05.568 INFO [main] org.apache.catalina.core.ApplicationContext.log Initializing Spring DispatcherServlet 'spring-MVC'
26-Feb-2024 20:34:06.294 INFO [main] org.apache.catalina.core.ApplicationContext.log Initializing Spring DispatcherServlet 'spring-REST'
26-Feb-2024 21:18:17.528 INFO [main] org.apache.jasper.servlet.TldScanner.scanJars At least one JAR was scanned for TLDs yet contained no TLDs. Enable debug logging for this logger for a complete list of JARs that were scanned but no TLDs were found in them. Skipping unneeded JARs during scanning can improve startup time and JSP compilation time.
26-Feb-2024 21:18:17.547 INFO [main] org.apache.catalina.core.ApplicationContext.log No Spring WebApplicationInitializer types detected on classpath
26-Feb-2024 21:18:17.570 INFO [main] org.apache.catalina.core.ApplicationContext.log Initializing Spring root WebApplicationContext
26-Feb-2024 21:18:46.872 INFO [main] liquibase.lockservice.null Successfully acquired change log lock
26-Feb-2024 21:18:46.892 INFO [main] liquibase.servicelocator.null Cannot load service: liquibase.parser.ChangeLogParser: liquibase.parser.core.json.JsonChangeLogParser Unable to get public no-arg constructor
26-Feb-2024 21:18:46.909 INFO [main] liquibase.servicelocator.null Cannot load service: liquibase.parser.ChangeLogParser: liquibase.parser.core.yaml.YamlChangeLogParser Unable to get public no-arg constructor
26-Feb-2024 21:18:51.460 INFO [main] liquibase.changelog.null Reading from edci.DATABASECHANGELOG
26-Feb-2024 21:18:51.590 INFO [main] liquibase.servicelocator.null Cannot load service: liquibase.hub.HubService: Provider liquibase.hub.core.StandardHubService could not be instantiated
26-Feb-2024 21:18:51.643 INFO [main] liquibase.changelog.null Change set changeLog/liquibase-changelog-1.7.xml::set_nullable_to_defaultTitle::edci failed, but failOnError was false.  Error: Unknown column 'DEFAULT_TITLE' in 'SPEC_EUROPASS_CREDENTIAL' [Failed SQL: (1054) ALTER TABLE edci.SPEC_EUROPASS_CREDENTIAL MODIFY DEFAULT_TITLE VARCHAR(255)]
26-Feb-2024 21:18:51.647 INFO [main] liquibase.changelog.null Change set changeLog/liquibase-changelog-1.7.xml::copy_defaultTitle_to_Label::edci failed, but failOnError was false.  Error: Unknown column 'DEFAULT_TITLE' in 'field list' [Failed SQL: (1054) UPDATE edci.SPEC_EUROPASS_CREDENTIAL SET LABEL = DEFAULT_TITLE WHERE LABEL is null]
26-Feb-2024 21:18:51.672 INFO [main] liquibase.lockservice.null Successfully released change log lock
26-Feb-2024 21:18:52.008 INFO [main] org.apache.catalina.core.ApplicationContext.log Initializing Spring DispatcherServlet 'spring-MVC'
26-Feb-2024 21:18:54.267 INFO [main] org.apache.catalina.core.ApplicationContext.log Initializing Spring DispatcherServlet 'spring-REST'
26-Feb-2024 21:24:02.674 INFO [main] org.apache.jasper.servlet.TldScanner.scanJars At least one JAR was scanned for TLDs yet contained no TLDs. Enable debug logging for this logger for a complete list of JARs that were scanned but no TLDs were found in them. Skipping unneeded JARs during scanning can improve startup time and JSP compilation time.
26-Feb-2024 21:24:02.722 INFO [main] org.apache.catalina.core.ApplicationContext.log No Spring WebApplicationInitializer types detected on classpath
26-Feb-2024 21:24:02.750 INFO [main] org.apache.catalina.core.ApplicationContext.log Initializing Spring root WebApplicationContext
26-Feb-2024 21:24:54.243 INFO [main] liquibase.lockservice.null Successfully acquired change log lock
26-Feb-2024 21:24:54.255 INFO [main] liquibase.servicelocator.null Cannot load service: liquibase.parser.ChangeLogParser: liquibase.parser.core.json.JsonChangeLogParser Unable to get public no-arg constructor
26-Feb-2024 21:24:54.260 INFO [main] liquibase.servicelocator.null Cannot load service: liquibase.parser.ChangeLogParser: liquibase.parser.core.yaml.YamlChangeLogParser Unable to get public no-arg constructor
26-Feb-2024 21:24:59.496 INFO [main] liquibase.changelog.null Reading from edci.DATABASECHANGELOG
26-Feb-2024 21:24:59.559 INFO [main] liquibase.servicelocator.null Cannot load service: liquibase.hub.HubService: Provider liquibase.hub.core.StandardHubService could not be instantiated
26-Feb-2024 21:24:59.574 INFO [main] liquibase.changelog.null Change set changeLog/liquibase-changelog-1.7.xml::set_nullable_to_defaultTitle::edci failed, but failOnError was false.  Error: Unknown column 'DEFAULT_TITLE' in 'SPEC_EUROPASS_CREDENTIAL' [Failed SQL: (1054) ALTER TABLE edci.SPEC_EUROPASS_CREDENTIAL MODIFY DEFAULT_TITLE VARCHAR(255)]
26-Feb-2024 21:24:59.577 INFO [main] liquibase.changelog.null Change set changeLog/liquibase-changelog-1.7.xml::copy_defaultTitle_to_Label::edci failed, but failOnError was false.  Error: Unknown column 'DEFAULT_TITLE' in 'field list' [Failed SQL: (1054) UPDATE edci.SPEC_EUROPASS_CREDENTIAL SET LABEL = DEFAULT_TITLE WHERE LABEL is null]
26-Feb-2024 21:24:59.584 INFO [main] liquibase.lockservice.null Successfully released change log lock
26-Feb-2024 21:24:59.738 INFO [main] org.apache.catalina.core.ApplicationContext.log Initializing Spring DispatcherServlet 'spring-MVC'
26-Feb-2024 21:25:00.462 INFO [main] org.apache.catalina.core.ApplicationContext.log Initializing Spring DispatcherServlet 'spring-REST'
26-Feb-2024 21:28:23.032 INFO [main] org.apache.jasper.servlet.TldScanner.scanJars At least one JAR was scanned for TLDs yet contained no TLDs. Enable debug logging for this logger for a complete list of JARs that were scanned but no TLDs were found in them. Skipping unneeded JARs during scanning can improve startup time and JSP compilation time.
26-Feb-2024 21:28:23.044 INFO [main] org.apache.catalina.core.ApplicationContext.log No Spring WebApplicationInitializer types detected on classpath
26-Feb-2024 21:28:23.055 INFO [main] org.apache.catalina.core.ApplicationContext.log Initializing Spring root WebApplicationContext
26-Feb-2024 21:28:39.454 INFO [main] liquibase.lockservice.null Successfully acquired change log lock
26-Feb-2024 21:28:39.459 INFO [main] liquibase.servicelocator.null Cannot load service: liquibase.parser.ChangeLogParser: liquibase.parser.core.json.JsonChangeLogParser Unable to get public no-arg constructor
26-Feb-2024 21:28:39.463 INFO [main] liquibase.servicelocator.null Cannot load service: liquibase.parser.ChangeLogParser: liquibase.parser.core.yaml.YamlChangeLogParser Unable to get public no-arg constructor
26-Feb-2024 21:28:41.436 INFO [main] liquibase.changelog.null Reading from edci.DATABASECHANGELOG
26-Feb-2024 21:28:41.498 INFO [main] liquibase.servicelocator.null Cannot load service: liquibase.hub.HubService: Provider liquibase.hub.core.StandardHubService could not be instantiated
26-Feb-2024 21:28:41.515 INFO [main] liquibase.changelog.null Change set changeLog/liquibase-changelog-1.7.xml::set_nullable_to_defaultTitle::edci failed, but failOnError was false.  Error: Unknown column 'DEFAULT_TITLE' in 'SPEC_EUROPASS_CREDENTIAL' [Failed SQL: (1054) ALTER TABLE edci.SPEC_EUROPASS_CREDENTIAL MODIFY DEFAULT_TITLE VARCHAR(255)]
26-Feb-2024 21:28:41.523 INFO [main] liquibase.changelog.null Change set changeLog/liquibase-changelog-1.7.xml::copy_defaultTitle_to_Label::edci failed, but failOnError was false.  Error: Unknown column 'DEFAULT_TITLE' in 'field list' [Failed SQL: (1054) UPDATE edci.SPEC_EUROPASS_CREDENTIAL SET LABEL = DEFAULT_TITLE WHERE LABEL is null]
26-Feb-2024 21:28:41.549 INFO [main] liquibase.lockservice.null Successfully released change log lock
26-Feb-2024 21:28:41.680 INFO [main] org.apache.catalina.core.ApplicationContext.log Initializing Spring DispatcherServlet 'spring-MVC'
26-Feb-2024 21:28:42.610 INFO [main] org.apache.catalina.core.ApplicationContext.log Initializing Spring DispatcherServlet 'spring-REST'
26-Feb-2024 22:03:18.123 INFO [main] org.apache.jasper.servlet.TldScanner.scanJars At least one JAR was scanned for TLDs yet contained no TLDs. Enable debug logging for this logger for a complete list of JARs that were scanned but no TLDs were found in them. Skipping unneeded JARs during scanning can improve startup time and JSP compilation time.
26-Feb-2024 22:03:18.140 INFO [main] org.apache.catalina.core.ApplicationContext.log No Spring WebApplicationInitializer types detected on classpath
26-Feb-2024 22:03:18.149 INFO [main] org.apache.catalina.core.ApplicationContext.log Initializing Spring root WebApplicationContext
26-Feb-2024 22:03:31.196 INFO [main] liquibase.lockservice.null Successfully acquired change log lock
26-Feb-2024 22:03:31.201 INFO [main] liquibase.servicelocator.null Cannot load service: liquibase.parser.ChangeLogParser: liquibase.parser.core.json.JsonChangeLogParser Unable to get public no-arg constructor
26-Feb-2024 22:03:31.205 INFO [main] liquibase.servicelocator.null Cannot load service: liquibase.parser.ChangeLogParser: liquibase.parser.core.yaml.YamlChangeLogParser Unable to get public no-arg constructor
26-Feb-2024 22:03:33.030 INFO [main] liquibase.changelog.null Reading from edci.DATABASECHANGELOG
26-Feb-2024 22:03:33.081 INFO [main] liquibase.servicelocator.null Cannot load service: liquibase.hub.HubService: Provider liquibase.hub.core.StandardHubService could not be instantiated
26-Feb-2024 22:03:33.091 INFO [main] liquibase.changelog.null Change set changeLog/liquibase-changelog-1.7.xml::set_nullable_to_defaultTitle::edci failed, but failOnError was false.  Error: Unknown column 'DEFAULT_TITLE' in 'SPEC_EUROPASS_CREDENTIAL' [Failed SQL: (1054) ALTER TABLE edci.SPEC_EUROPASS_CREDENTIAL MODIFY DEFAULT_TITLE VARCHAR(255)]
26-Feb-2024 22:03:33.094 INFO [main] liquibase.changelog.null Change set changeLog/liquibase-changelog-1.7.xml::copy_defaultTitle_to_Label::edci failed, but failOnError was false.  Error: Unknown column 'DEFAULT_TITLE' in 'field list' [Failed SQL: (1054) UPDATE edci.SPEC_EUROPASS_CREDENTIAL SET LABEL = DEFAULT_TITLE WHERE LABEL is null]
26-Feb-2024 22:03:33.099 INFO [main] liquibase.lockservice.null Successfully released change log lock
26-Feb-2024 22:03:33.170 INFO [main] org.apache.catalina.core.ApplicationContext.log Initializing Spring DispatcherServlet 'spring-MVC'
26-Feb-2024 22:03:33.865 INFO [main] org.apache.catalina.core.ApplicationContext.log Initializing Spring DispatcherServlet 'spring-REST'
26-Feb-2024 23:22:38.366 INFO [main] org.apache.jasper.servlet.TldScanner.scanJars At least one JAR was scanned for TLDs yet contained no TLDs. Enable debug logging for this logger for a complete list of JARs that were scanned but no TLDs were found in them. Skipping unneeded JARs during scanning can improve startup time and JSP compilation time.
26-Feb-2024 23:22:38.372 INFO [main] org.apache.catalina.core.ApplicationContext.log No Spring WebApplicationInitializer types detected on classpath
26-Feb-2024 23:22:38.381 INFO [main] org.apache.catalina.core.ApplicationContext.log Initializing Spring root WebApplicationContext
26-Feb-2024 23:22:50.525 INFO [main] liquibase.lockservice.null Successfully acquired change log lock
26-Feb-2024 23:22:50.534 INFO [main] liquibase.servicelocator.null Cannot load service: liquibase.parser.ChangeLogParser: liquibase.parser.core.json.JsonChangeLogParser Unable to get public no-arg constructor
26-Feb-2024 23:22:50.539 INFO [main] liquibase.servicelocator.null Cannot load service: liquibase.parser.ChangeLogParser: liquibase.parser.core.yaml.YamlChangeLogParser Unable to get public no-arg constructor
26-Feb-2024 23:22:52.018 INFO [main] liquibase.changelog.null Reading from edci.DATABASECHANGELOG
26-Feb-2024 23:22:52.062 INFO [main] liquibase.servicelocator.null Cannot load service: liquibase.hub.HubService: Provider liquibase.hub.core.StandardHubService could not be instantiated
26-Feb-2024 23:22:52.071 INFO [main] liquibase.changelog.null Change set changeLog/liquibase-changelog-1.7.xml::set_nullable_to_defaultTitle::edci failed, but failOnError was false.  Error: Unknown column 'DEFAULT_TITLE' in 'SPEC_EUROPASS_CREDENTIAL' [Failed SQL: (1054) ALTER TABLE edci.SPEC_EUROPASS_CREDENTIAL MODIFY DEFAULT_TITLE VARCHAR(255)]
26-Feb-2024 23:22:52.080 INFO [main] liquibase.changelog.null Change set changeLog/liquibase-changelog-1.7.xml::copy_defaultTitle_to_Label::edci failed, but failOnError was false.  Error: Unknown column 'DEFAULT_TITLE' in 'field list' [Failed SQL: (1054) UPDATE edci.SPEC_EUROPASS_CREDENTIAL SET LABEL = DEFAULT_TITLE WHERE LABEL is null]
26-Feb-2024 23:22:52.098 INFO [main] liquibase.lockservice.null Successfully released change log lock
26-Feb-2024 23:22:52.414 INFO [main] org.apache.catalina.core.ApplicationContext.log Initializing Spring DispatcherServlet 'spring-MVC'
26-Feb-2024 23:22:53.256 INFO [main] org.apache.catalina.core.ApplicationContext.log Initializing Spring DispatcherServlet 'spring-REST'
